Calling target program-options parser
[14:24:10.528] [bmv2] [D] [thread 20090] Set default default entry for table 'tbl_compute_hashes': MyIngress.compute_hashes - 
[14:24:10.528] [bmv2] [D] [thread 20090] Set default default entry for table 'tbl_basic197': basic197 - 
[14:24:10.529] [bmv2] [D] [thread 20090] Set default default entry for table 'tbl_basic200': basic200 - 
[14:24:10.529] [bmv2] [D] [thread 20090] Set default default entry for table 'tbl_basic203': basic203 - 
[14:24:10.529] [bmv2] [D] [thread 20090] Set default default entry for table 'tbl_create_ack_response': MyIngress.create_ack_response - 
[14:24:10.529] [bmv2] [D] [thread 20090] Set default default entry for table 'tbl_basic214': basic214 - 
[14:24:10.529] [bmv2] [D] [thread 20090] Set default default entry for table 'tbl_create_syn_ack_response': MyIngress.create_syn_ack_response - 
[14:24:10.529] [bmv2] [D] [thread 20090] Set default default entry for table 'tbl_basic218': basic218 - 
[14:24:10.529] [bmv2] [D] [thread 20090] Set default default entry for table 'tbl_basic221': basic221 - 
[14:24:10.529] [bmv2] [D] [thread 20090] Set default default entry for table 'tbl_create_ack_response_0': MyIngress.create_ack_response - 
[14:24:10.529] [bmv2] [D] [thread 20090] Set default default entry for table 'tbl_drop': MyIngress.drop - 
[14:24:10.529] [bmv2] [D] [thread 20090] Set default default entry for table 'tbl_create_syn_ack_response_0': MyIngress.create_syn_ack_response - 
[14:24:10.529] [bmv2] [D] [thread 20090] Set default default entry for table 'tbl_basic230': basic230 - 
[14:24:10.529] [bmv2] [D] [thread 20090] Set default default entry for table 'tbl_drop_0': MyIngress.drop - 
[14:24:10.529] [bmv2] [D] [thread 20090] Set default default entry for table 'tbl_send_back': MyIngress.send_back - 
Adding interface s1-eth1 as port 1
[14:24:10.529] [bmv2] [D] [thread 20090] Adding interface s1-eth1 as port 1
Adding interface s1-eth2 as port 2
[14:24:10.589] [bmv2] [D] [thread 20090] Adding interface s1-eth2 as port 2
Server listening on 0.0.0.0:50051
[14:24:10.640] [bmv2] [I] [thread 20090] Starting Thrift server on port 9090
[14:24:10.641] [bmv2] [I] [thread 20090] Thrift server was started
[14:24:10.769] [bmv2] [D] [thread 20100] [0.0] [cxt 0] Processing packet received on port 1
[14:24:10.769] [bmv2] [D] [thread 20100] [0.0] [cxt 0] Parser 'parser': start
[14:24:10.769] [bmv2] [D] [thread 20100] [0.0] [cxt 0] Parser 'parser' entering state 'start'
[14:24:10.769] [bmv2] [D] [thread 20100] [0.0] [cxt 0] Extracting header 'ethernet'
[14:24:10.769] [bmv2] [D] [thread 20100] [0.0] [cxt 0] Parser state 'start': key is 86dd
[14:24:10.769] [bmv2] [T] [thread 20100] [0.0] [cxt 0] Bytes parsed: 14
[14:24:10.769] [bmv2] [D] [thread 20100] [0.0] [cxt 0] Parser 'parser': end
[14:24:10.769] [bmv2] [D] [thread 20100] [0.0] [cxt 0] Pipeline 'ingress': start
[14:24:10.769] [bmv2] [T] [thread 20100] [0.0] [cxt 0] basic.p4(193) Condition "hdr.ipv4.isValid() && hdr.tcp.isValid()" (node_2) is false
[14:24:10.769] [bmv2] [T] [thread 20100] [0.0] [cxt 0] basic.p4(239) Condition "hdr.ipv4.isValid()" (node_23) is false
[14:24:10.769] [bmv2] [D] [thread 20100] [0.0] [cxt 0] Pipeline 'ingress': end
[14:24:10.769] [bmv2] [D] [thread 20100] [0.0] [cxt 0] Egress port is 0
[14:24:10.769] [bmv2] [D] [thread 20101] [0.0] [cxt 0] Pipeline 'egress': start
[14:24:10.769] [bmv2] [D] [thread 20101] [0.0] [cxt 0] Pipeline 'egress': end
[14:24:10.769] [bmv2] [D] [thread 20101] [0.0] [cxt 0] Deparser 'deparser': start
[14:24:10.769] [bmv2] [T] [thread 20101] [0.0] [cxt 0] Skipping checksum 'cksum' update because condition not met
[14:24:10.769] [bmv2] [D] [thread 20101] [0.0] [cxt 0] Deparsing header 'ethernet'
[14:24:10.769] [bmv2] [D] [thread 20101] [0.0] [cxt 0] Deparser 'deparser': end
[14:24:10.769] [bmv2] [D] [thread 20105] [0.0] [cxt 0] Transmitting packet of size 90 out of port 0
[14:24:11.177] [bmv2] [D] [thread 20100] [1.0] [cxt 0] Processing packet received on port 2
[14:24:11.177] [bmv2] [D] [thread 20100] [1.0] [cxt 0] Parser 'parser': start
[14:24:11.177] [bmv2] [D] [thread 20100] [1.0] [cxt 0] Parser 'parser' entering state 'start'
[14:24:11.177] [bmv2] [D] [thread 20100] [1.0] [cxt 0] Extracting header 'ethernet'
[14:24:11.177] [bmv2] [D] [thread 20100] [1.0] [cxt 0] Parser state 'start': key is 86dd
[14:24:11.177] [bmv2] [T] [thread 20100] [1.0] [cxt 0] Bytes parsed: 14
[14:24:11.177] [bmv2] [D] [thread 20100] [1.0] [cxt 0] Parser 'parser': end
[14:24:11.177] [bmv2] [D] [thread 20100] [1.0] [cxt 0] Pipeline 'ingress': start
[14:24:11.177] [bmv2] [T] [thread 20100] [1.0] [cxt 0] basic.p4(193) Condition "hdr.ipv4.isValid() && hdr.tcp.isValid()" (node_2) is false
[14:24:11.177] [bmv2] [T] [thread 20100] [1.0] [cxt 0] basic.p4(239) Condition "hdr.ipv4.isValid()" (node_23) is false
[14:24:11.177] [bmv2] [D] [thread 20100] [1.0] [cxt 0] Pipeline 'ingress': end
[14:24:11.177] [bmv2] [D] [thread 20100] [1.0] [cxt 0] Egress port is 0
[14:24:11.177] [bmv2] [D] [thread 20101] [1.0] [cxt 0] Pipeline 'egress': start
[14:24:11.177] [bmv2] [D] [thread 20101] [1.0] [cxt 0] Pipeline 'egress': end
[14:24:11.177] [bmv2] [D] [thread 20101] [1.0] [cxt 0] Deparser 'deparser': start
[14:24:11.177] [bmv2] [T] [thread 20101] [1.0] [cxt 0] Skipping checksum 'cksum' update because condition not met
[14:24:11.177] [bmv2] [D] [thread 20101] [1.0] [cxt 0] Deparsing header 'ethernet'
[14:24:11.177] [bmv2] [D] [thread 20101] [1.0] [cxt 0] Deparser 'deparser': end
[14:24:11.177] [bmv2] [D] [thread 20105] [1.0] [cxt 0] Transmitting packet of size 86 out of port 0
[14:24:11.344] [bmv2] [D] [thread 20100] [2.0] [cxt 0] Processing packet received on port 2
[14:24:11.344] [bmv2] [D] [thread 20100] [2.0] [cxt 0] Parser 'parser': start
[14:24:11.344] [bmv2] [D] [thread 20100] [2.0] [cxt 0] Parser 'parser' entering state 'start'
[14:24:11.344] [bmv2] [D] [thread 20100] [2.0] [cxt 0] Extracting header 'ethernet'
[14:24:11.344] [bmv2] [D] [thread 20100] [2.0] [cxt 0] Parser state 'start': key is 86dd
[14:24:11.344] [bmv2] [T] [thread 20100] [2.0] [cxt 0] Bytes parsed: 14
[14:24:11.344] [bmv2] [D] [thread 20100] [2.0] [cxt 0] Parser 'parser': end
[14:24:11.344] [bmv2] [D] [thread 20100] [2.0] [cxt 0] Pipeline 'ingress': start
[14:24:11.344] [bmv2] [T] [thread 20100] [2.0] [cxt 0] basic.p4(193) Condition "hdr.ipv4.isValid() && hdr.tcp.isValid()" (node_2) is false
[14:24:11.344] [bmv2] [T] [thread 20100] [2.0] [cxt 0] basic.p4(239) Condition "hdr.ipv4.isValid()" (node_23) is false
[14:24:11.344] [bmv2] [D] [thread 20100] [2.0] [cxt 0] Pipeline 'ingress': end
[14:24:11.344] [bmv2] [D] [thread 20100] [2.0] [cxt 0] Egress port is 0
[14:24:11.344] [bmv2] [D] [thread 20101] [2.0] [cxt 0] Pipeline 'egress': start
[14:24:11.344] [bmv2] [D] [thread 20101] [2.0] [cxt 0] Pipeline 'egress': end
[14:24:11.344] [bmv2] [D] [thread 20101] [2.0] [cxt 0] Deparser 'deparser': start
[14:24:11.344] [bmv2] [T] [thread 20101] [2.0] [cxt 0] Skipping checksum 'cksum' update because condition not met
[14:24:11.344] [bmv2] [D] [thread 20101] [2.0] [cxt 0] Deparsing header 'ethernet'
[14:24:11.344] [bmv2] [D] [thread 20101] [2.0] [cxt 0] Deparser 'deparser': end
[14:24:11.344] [bmv2] [D] [thread 20105] [2.0] [cxt 0] Transmitting packet of size 90 out of port 0
[14:24:11.448] [bmv2] [D] [thread 20100] [3.0] [cxt 0] Processing packet received on port 1
[14:24:11.448] [bmv2] [D] [thread 20100] [3.0] [cxt 0] Parser 'parser': start
[14:24:11.448] [bmv2] [D] [thread 20100] [3.0] [cxt 0] Parser 'parser' entering state 'start'
[14:24:11.448] [bmv2] [D] [thread 20100] [3.0] [cxt 0] Extracting header 'ethernet'
[14:24:11.448] [bmv2] [D] [thread 20100] [3.0] [cxt 0] Parser state 'start': key is 86dd
[14:24:11.448] [bmv2] [T] [thread 20100] [3.0] [cxt 0] Bytes parsed: 14
[14:24:11.448] [bmv2] [D] [thread 20100] [3.0] [cxt 0] Parser 'parser': end
[14:24:11.448] [bmv2] [D] [thread 20100] [3.0] [cxt 0] Pipeline 'ingress': start
[14:24:11.448] [bmv2] [T] [thread 20100] [3.0] [cxt 0] basic.p4(193) Condition "hdr.ipv4.isValid() && hdr.tcp.isValid()" (node_2) is false
[14:24:11.448] [bmv2] [T] [thread 20100] [3.0] [cxt 0] basic.p4(239) Condition "hdr.ipv4.isValid()" (node_23) is false
[14:24:11.448] [bmv2] [D] [thread 20100] [3.0] [cxt 0] Pipeline 'ingress': end
[14:24:11.448] [bmv2] [D] [thread 20100] [3.0] [cxt 0] Egress port is 0
[14:24:11.448] [bmv2] [D] [thread 20100] [4.0] [cxt 0] Processing packet received on port 1
[14:24:11.448] [bmv2] [D] [thread 20100] [4.0] [cxt 0] Parser 'parser': start
[14:24:11.448] [bmv2] [D] [thread 20100] [4.0] [cxt 0] Parser 'parser' entering state 'start'
[14:24:11.448] [bmv2] [D] [thread 20100] [4.0] [cxt 0] Extracting header 'ethernet'
[14:24:11.448] [bmv2] [D] [thread 20100] [4.0] [cxt 0] Parser state 'start': key is 86dd
[14:24:11.448] [bmv2] [T] [thread 20100] [4.0] [cxt 0] Bytes parsed: 14
[14:24:11.448] [bmv2] [D] [thread 20100] [4.0] [cxt 0] Parser 'parser': end
[14:24:11.448] [bmv2] [D] [thread 20100] [4.0] [cxt 0] Pipeline 'ingress': start
[14:24:11.448] [bmv2] [T] [thread 20100] [4.0] [cxt 0] basic.p4(193) Condition "hdr.ipv4.isValid() && hdr.tcp.isValid()" (node_2) is false
[14:24:11.448] [bmv2] [T] [thread 20100] [4.0] [cxt 0] basic.p4(239) Condition "hdr.ipv4.isValid()" (node_23) is false
[14:24:11.448] [bmv2] [D] [thread 20100] [4.0] [cxt 0] Pipeline 'ingress': end
[14:24:11.448] [bmv2] [D] [thread 20100] [4.0] [cxt 0] Egress port is 0
[14:24:11.449] [bmv2] [D] [thread 20101] [3.0] [cxt 0] Pipeline 'egress': start
[14:24:11.449] [bmv2] [D] [thread 20101] [3.0] [cxt 0] Pipeline 'egress': end
[14:24:11.449] [bmv2] [D] [thread 20101] [3.0] [cxt 0] Deparser 'deparser': start
[14:24:11.449] [bmv2] [T] [thread 20101] [3.0] [cxt 0] Skipping checksum 'cksum' update because condition not met
[14:24:11.449] [bmv2] [D] [thread 20101] [3.0] [cxt 0] Deparsing header 'ethernet'
[14:24:11.449] [bmv2] [D] [thread 20101] [3.0] [cxt 0] Deparser 'deparser': end
[14:24:11.449] [bmv2] [D] [thread 20101] [4.0] [cxt 0] Pipeline 'egress': start
[14:24:11.449] [bmv2] [D] [thread 20101] [4.0] [cxt 0] Pipeline 'egress': end
[14:24:11.449] [bmv2] [D] [thread 20101] [4.0] [cxt 0] Deparser 'deparser': start
[14:24:11.449] [bmv2] [T] [thread 20101] [4.0] [cxt 0] Skipping checksum 'cksum' update because condition not met
[14:24:11.449] [bmv2] [D] [thread 20101] [4.0] [cxt 0] Deparsing header 'ethernet'
[14:24:11.449] [bmv2] [D] [thread 20101] [4.0] [cxt 0] Deparser 'deparser': end
[14:24:11.450] [bmv2] [D] [thread 20105] [3.0] [cxt 0] Transmitting packet of size 90 out of port 0
[14:24:11.450] [bmv2] [D] [thread 20105] [4.0] [cxt 0] Transmitting packet of size 70 out of port 0
[14:24:11.754] [bmv2] [D] [thread 20100] [5.0] [cxt 0] Processing packet received on port 1
[14:24:11.754] [bmv2] [D] [thread 20100] [5.0] [cxt 0] Parser 'parser': start
[14:24:11.754] [bmv2] [D] [thread 20100] [5.0] [cxt 0] Parser 'parser' entering state 'start'
[14:24:11.754] [bmv2] [D] [thread 20100] [5.0] [cxt 0] Extracting header 'ethernet'
[14:24:11.754] [bmv2] [D] [thread 20100] [5.0] [cxt 0] Parser state 'start': key is 86dd
[14:24:11.754] [bmv2] [T] [thread 20100] [5.0] [cxt 0] Bytes parsed: 14
[14:24:11.754] [bmv2] [D] [thread 20100] [5.0] [cxt 0] Parser 'parser': end
[14:24:11.754] [bmv2] [D] [thread 20100] [5.0] [cxt 0] Pipeline 'ingress': start
[14:24:11.754] [bmv2] [T] [thread 20100] [5.0] [cxt 0] basic.p4(193) Condition "hdr.ipv4.isValid() && hdr.tcp.isValid()" (node_2) is false
[14:24:11.754] [bmv2] [T] [thread 20100] [5.0] [cxt 0] basic.p4(239) Condition "hdr.ipv4.isValid()" (node_23) is false
[14:24:11.754] [bmv2] [D] [thread 20100] [5.0] [cxt 0] Pipeline 'ingress': end
[14:24:11.754] [bmv2] [D] [thread 20100] [5.0] [cxt 0] Egress port is 0
[14:24:11.754] [bmv2] [D] [thread 20101] [5.0] [cxt 0] Pipeline 'egress': start
[14:24:11.754] [bmv2] [D] [thread 20101] [5.0] [cxt 0] Pipeline 'egress': end
[14:24:11.754] [bmv2] [D] [thread 20101] [5.0] [cxt 0] Deparser 'deparser': start
[14:24:11.754] [bmv2] [T] [thread 20101] [5.0] [cxt 0] Skipping checksum 'cksum' update because condition not met
[14:24:11.754] [bmv2] [D] [thread 20101] [5.0] [cxt 0] Deparsing header 'ethernet'
[14:24:11.754] [bmv2] [D] [thread 20101] [5.0] [cxt 0] Deparser 'deparser': end
[14:24:11.755] [bmv2] [D] [thread 20105] [5.0] [cxt 0] Transmitting packet of size 90 out of port 0
[14:24:12.086] [bmv2] [W] [thread 20115] [P4Runtime] p4::tmp::P4DeviceConfig is deprecated
[14:24:12.109] [bmv2] [D] [thread 20115] Set default default entry for table 'tbl_compute_hashes': MyIngress.compute_hashes - 
[14:24:12.109] [bmv2] [D] [thread 20115] Set default default entry for table 'tbl_basic197': basic197 - 
[14:24:12.109] [bmv2] [D] [thread 20115] Set default default entry for table 'tbl_basic200': basic200 - 
[14:24:12.109] [bmv2] [D] [thread 20115] Set default default entry for table 'tbl_basic203': basic203 - 
[14:24:12.109] [bmv2] [D] [thread 20115] Set default default entry for table 'tbl_create_ack_response': MyIngress.create_ack_response - 
[14:24:12.109] [bmv2] [D] [thread 20115] Set default default entry for table 'tbl_basic214': basic214 - 
[14:24:12.109] [bmv2] [D] [thread 20115] Set default default entry for table 'tbl_create_syn_ack_response': MyIngress.create_syn_ack_response - 
[14:24:12.109] [bmv2] [D] [thread 20115] Set default default entry for table 'tbl_basic218': basic218 - 
[14:24:12.109] [bmv2] [D] [thread 20115] Set default default entry for table 'tbl_basic221': basic221 - 
[14:24:12.109] [bmv2] [D] [thread 20115] Set default default entry for table 'tbl_create_ack_response_0': MyIngress.create_ack_response - 
[14:24:12.109] [bmv2] [D] [thread 20115] Set default default entry for table 'tbl_drop': MyIngress.drop - 
[14:24:12.109] [bmv2] [D] [thread 20115] Set default default entry for table 'tbl_create_syn_ack_response_0': MyIngress.create_syn_ack_response - 
[14:24:12.109] [bmv2] [D] [thread 20115] Set default default entry for table 'tbl_basic230': basic230 - 
[14:24:12.109] [bmv2] [D] [thread 20115] Set default default entry for table 'tbl_drop_0': MyIngress.drop - 
[14:24:12.109] [bmv2] [D] [thread 20115] Set default default entry for table 'tbl_send_back': MyIngress.send_back - 
[14:24:12.114] [bmv2] [D] [thread 20115] simple_switch target has been notified of a config swap
[14:24:12.199] [bmv2] [D] [thread 20100] [6.0] [cxt 0] Processing packet received on port 2
[14:24:12.199] [bmv2] [D] [thread 20100] [6.0] [cxt 0] Parser 'parser': start
[14:24:12.199] [bmv2] [D] [thread 20100] [6.0] [cxt 0] Parser 'parser' entering state 'start'
[14:24:12.199] [bmv2] [D] [thread 20100] [6.0] [cxt 0] Extracting header 'ethernet'
[14:24:12.199] [bmv2] [D] [thread 20100] [6.0] [cxt 0] Parser state 'start': key is 86dd
[14:24:12.199] [bmv2] [T] [thread 20100] [6.0] [cxt 0] Bytes parsed: 14
[14:24:12.199] [bmv2] [D] [thread 20100] [6.0] [cxt 0] Parser 'parser': end
[14:24:12.199] [bmv2] [D] [thread 20100] [6.0] [cxt 0] Pipeline 'ingress': start
[14:24:12.199] [bmv2] [T] [thread 20100] [6.0] [cxt 0] basic.p4(193) Condition "hdr.ipv4.isValid() && hdr.tcp.isValid()" (node_2) is false
[14:24:12.199] [bmv2] [T] [thread 20100] [6.0] [cxt 0] basic.p4(239) Condition "hdr.ipv4.isValid()" (node_23) is false
[14:24:12.199] [bmv2] [D] [thread 20100] [6.0] [cxt 0] Pipeline 'ingress': end
[14:24:12.199] [bmv2] [D] [thread 20100] [6.0] [cxt 0] Egress port is 0
[14:24:12.199] [bmv2] [D] [thread 20100] [7.0] [cxt 0] Processing packet received on port 2
[14:24:12.199] [bmv2] [D] [thread 20100] [7.0] [cxt 0] Parser 'parser': start
[14:24:12.200] [bmv2] [D] [thread 20100] [7.0] [cxt 0] Parser 'parser' entering state 'start'
[14:24:12.200] [bmv2] [D] [thread 20100] [7.0] [cxt 0] Extracting header 'ethernet'
[14:24:12.200] [bmv2] [D] [thread 20100] [7.0] [cxt 0] Parser state 'start': key is 86dd
[14:24:12.200] [bmv2] [T] [thread 20100] [7.0] [cxt 0] Bytes parsed: 14
[14:24:12.200] [bmv2] [D] [thread 20100] [7.0] [cxt 0] Parser 'parser': end
[14:24:12.200] [bmv2] [D] [thread 20100] [7.0] [cxt 0] Pipeline 'ingress': start
[14:24:12.200] [bmv2] [T] [thread 20100] [7.0] [cxt 0] basic.p4(193) Condition "hdr.ipv4.isValid() && hdr.tcp.isValid()" (node_2) is false
[14:24:12.200] [bmv2] [T] [thread 20100] [7.0] [cxt 0] basic.p4(239) Condition "hdr.ipv4.isValid()" (node_23) is false
[14:24:12.200] [bmv2] [D] [thread 20100] [7.0] [cxt 0] Pipeline 'ingress': end
[14:24:12.200] [bmv2] [D] [thread 20100] [7.0] [cxt 0] Egress port is 0
[14:24:12.200] [bmv2] [D] [thread 20101] [6.0] [cxt 0] Pipeline 'egress': start
[14:24:12.200] [bmv2] [D] [thread 20101] [6.0] [cxt 0] Pipeline 'egress': end
[14:24:12.200] [bmv2] [D] [thread 20101] [6.0] [cxt 0] Deparser 'deparser': start
[14:24:12.200] [bmv2] [T] [thread 20101] [6.0] [cxt 0] Skipping checksum 'cksum' update because condition not met
[14:24:12.200] [bmv2] [D] [thread 20101] [6.0] [cxt 0] Deparsing header 'ethernet'
[14:24:12.200] [bmv2] [D] [thread 20101] [6.0] [cxt 0] Deparser 'deparser': end
[14:24:12.200] [bmv2] [D] [thread 20101] [7.0] [cxt 0] Pipeline 'egress': start
[14:24:12.200] [bmv2] [D] [thread 20101] [7.0] [cxt 0] Pipeline 'egress': end
[14:24:12.200] [bmv2] [D] [thread 20101] [7.0] [cxt 0] Deparser 'deparser': start
[14:24:12.200] [bmv2] [T] [thread 20101] [7.0] [cxt 0] Skipping checksum 'cksum' update because condition not met
[14:24:12.200] [bmv2] [D] [thread 20101] [7.0] [cxt 0] Deparsing header 'ethernet'
[14:24:12.200] [bmv2] [D] [thread 20101] [7.0] [cxt 0] Deparser 'deparser': end
[14:24:12.200] [bmv2] [D] [thread 20105] [6.0] [cxt 0] Transmitting packet of size 90 out of port 0
[14:24:12.200] [bmv2] [D] [thread 20105] [7.0] [cxt 0] Transmitting packet of size 70 out of port 0
[14:24:12.298] [bmv2] [D] [thread 20100] [8.0] [cxt 0] Processing packet received on port 2
[14:24:12.298] [bmv2] [D] [thread 20100] [8.0] [cxt 0] Parser 'parser': start
[14:24:12.299] [bmv2] [D] [thread 20100] [8.0] [cxt 0] Parser 'parser' entering state 'start'
[14:24:12.299] [bmv2] [D] [thread 20100] [8.0] [cxt 0] Extracting header 'ethernet'
[14:24:12.299] [bmv2] [D] [thread 20100] [8.0] [cxt 0] Parser state 'start': key is 86dd
[14:24:12.299] [bmv2] [T] [thread 20100] [8.0] [cxt 0] Bytes parsed: 14
[14:24:12.299] [bmv2] [D] [thread 20100] [8.0] [cxt 0] Parser 'parser': end
[14:24:12.299] [bmv2] [D] [thread 20100] [8.0] [cxt 0] Pipeline 'ingress': start
[14:24:12.299] [bmv2] [T] [thread 20100] [8.0] [cxt 0] basic.p4(193) Condition "hdr.ipv4.isValid() && hdr.tcp.isValid()" (node_2) is false
[14:24:12.299] [bmv2] [T] [thread 20100] [8.0] [cxt 0] basic.p4(239) Condition "hdr.ipv4.isValid()" (node_23) is false
[14:24:12.299] [bmv2] [D] [thread 20100] [8.0] [cxt 0] Pipeline 'ingress': end
[14:24:12.299] [bmv2] [D] [thread 20100] [8.0] [cxt 0] Egress port is 0
[14:24:12.299] [bmv2] [D] [thread 20101] [8.0] [cxt 0] Pipeline 'egress': start
[14:24:12.299] [bmv2] [D] [thread 20101] [8.0] [cxt 0] Pipeline 'egress': end
[14:24:12.299] [bmv2] [D] [thread 20101] [8.0] [cxt 0] Deparser 'deparser': start
[14:24:12.299] [bmv2] [T] [thread 20101] [8.0] [cxt 0] Skipping checksum 'cksum' update because condition not met
[14:24:12.299] [bmv2] [D] [thread 20101] [8.0] [cxt 0] Deparsing header 'ethernet'
[14:24:12.299] [bmv2] [D] [thread 20101] [8.0] [cxt 0] Deparser 'deparser': end
[14:24:12.299] [bmv2] [D] [thread 20105] [8.0] [cxt 0] Transmitting packet of size 90 out of port 0
[14:24:15.320] [bmv2] [D] [thread 20100] [9.0] [cxt 0] Processing packet received on port 1
[14:24:15.320] [bmv2] [D] [thread 20100] [9.0] [cxt 0] Parser 'parser': start
[14:24:15.320] [bmv2] [D] [thread 20100] [9.0] [cxt 0] Parser 'parser' entering state 'start'
[14:24:15.320] [bmv2] [D] [thread 20100] [9.0] [cxt 0] Extracting header 'ethernet'
[14:24:15.320] [bmv2] [D] [thread 20100] [9.0] [cxt 0] Parser state 'start': key is 86dd
[14:24:15.320] [bmv2] [T] [thread 20100] [9.0] [cxt 0] Bytes parsed: 14
[14:24:15.320] [bmv2] [D] [thread 20100] [9.0] [cxt 0] Parser 'parser': end
[14:24:15.320] [bmv2] [D] [thread 20100] [9.0] [cxt 0] Pipeline 'ingress': start
[14:24:15.320] [bmv2] [T] [thread 20100] [9.0] [cxt 0] basic.p4(193) Condition "hdr.ipv4.isValid() && hdr.tcp.isValid()" (node_2) is false
[14:24:15.320] [bmv2] [T] [thread 20100] [9.0] [cxt 0] basic.p4(239) Condition "hdr.ipv4.isValid()" (node_23) is false
[14:24:15.320] [bmv2] [D] [thread 20100] [9.0] [cxt 0] Pipeline 'ingress': end
[14:24:15.320] [bmv2] [D] [thread 20100] [9.0] [cxt 0] Egress port is 0
[14:24:15.320] [bmv2] [D] [thread 20101] [9.0] [cxt 0] Pipeline 'egress': start
[14:24:15.320] [bmv2] [D] [thread 20101] [9.0] [cxt 0] Pipeline 'egress': end
[14:24:15.320] [bmv2] [D] [thread 20101] [9.0] [cxt 0] Deparser 'deparser': start
[14:24:15.320] [bmv2] [T] [thread 20101] [9.0] [cxt 0] Skipping checksum 'cksum' update because condition not met
[14:24:15.320] [bmv2] [D] [thread 20101] [9.0] [cxt 0] Deparsing header 'ethernet'
[14:24:15.320] [bmv2] [D] [thread 20101] [9.0] [cxt 0] Deparser 'deparser': end
[14:24:15.321] [bmv2] [D] [thread 20105] [9.0] [cxt 0] Transmitting packet of size 70 out of port 0
open: No such file or directory
