Calling target program-options parser
[13:59:07.964] [bmv2] [D] [thread 8646] Set default default entry for table 'MyIngress.ipv4_lpm': NoAction - 
[13:59:07.964] [bmv2] [D] [thread 8646] Set default default entry for table 'tbl_drop': MyIngress.drop - 
Adding interface s2-eth1 as port 1
[13:59:07.965] [bmv2] [D] [thread 8646] Adding interface s2-eth1 as port 1
Adding interface s2-eth2 as port 2
[13:59:07.994] [bmv2] [D] [thread 8646] Adding interface s2-eth2 as port 2
Adding interface s2-eth3 as port 3
[13:59:08.022] [bmv2] [D] [thread 8646] Adding interface s2-eth3 as port 3
Adding interface s2-eth4 as port 4
[13:59:08.066] [bmv2] [D] [thread 8646] Adding interface s2-eth4 as port 4
Server listening on 0.0.0.0:50052
[13:59:08.099] [bmv2] [I] [thread 8646] Starting Thrift server on port 9091
[13:59:08.100] [bmv2] [I] [thread 8646] Thrift server was started
[13:59:08.100] [bmv2] [D] [thread 8656] [0.0] [cxt 0] Processing packet received on port 2
[13:59:08.100] [bmv2] [D] [thread 8656] [0.0] [cxt 0] Parser 'parser': start
[13:59:08.100] [bmv2] [D] [thread 8656] [0.0] [cxt 0] Parser 'parser' entering state 'start'
[13:59:08.100] [bmv2] [D] [thread 8656] [0.0] [cxt 0] Extracting header 'ethernet'
[13:59:08.100] [bmv2] [D] [thread 8656] [0.0] [cxt 0] Parser state 'start': key is 86dd
[13:59:08.100] [bmv2] [T] [thread 8656] [0.0] [cxt 0] Bytes parsed: 14
[13:59:08.100] [bmv2] [D] [thread 8656] [0.0] [cxt 0] Parser 'parser': end
[13:59:08.100] [bmv2] [D] [thread 8656] [0.0] [cxt 0] Pipeline 'ingress': start
[13:59:08.100] [bmv2] [T] [thread 8656] [0.0] [cxt 0] basic.p4(163) Condition "hdr.tcp.isValid()" (node_2) is false
[13:59:08.100] [bmv2] [D] [thread 8656] [0.0] [cxt 0] Pipeline 'ingress': end
[13:59:08.100] [bmv2] [D] [thread 8656] [0.0] [cxt 0] Egress port is 0
[13:59:08.101] [bmv2] [D] [thread 8657] [0.0] [cxt 0] Pipeline 'egress': start
[13:59:08.101] [bmv2] [D] [thread 8657] [0.0] [cxt 0] Pipeline 'egress': end
[13:59:08.101] [bmv2] [D] [thread 8657] [0.0] [cxt 0] Deparser 'deparser': start
[13:59:08.101] [bmv2] [T] [thread 8657] [0.0] [cxt 0] Skipping checksum 'cksum' update because condition not met
[13:59:08.101] [bmv2] [D] [thread 8657] [0.0] [cxt 0] Deparsing header 'ethernet'
[13:59:08.101] [bmv2] [D] [thread 8657] [0.0] [cxt 0] Deparser 'deparser': end
[13:59:08.101] [bmv2] [D] [thread 8661] [0.0] [cxt 0] Transmitting packet of size 90 out of port 0
[13:59:08.333] [bmv2] [D] [thread 8656] [1.0] [cxt 0] Processing packet received on port 3
[13:59:08.333] [bmv2] [D] [thread 8656] [1.0] [cxt 0] Parser 'parser': start
[13:59:08.333] [bmv2] [D] [thread 8656] [1.0] [cxt 0] Parser 'parser' entering state 'start'
[13:59:08.333] [bmv2] [D] [thread 8656] [1.0] [cxt 0] Extracting header 'ethernet'
[13:59:08.333] [bmv2] [D] [thread 8656] [1.0] [cxt 0] Parser state 'start': key is 86dd
[13:59:08.333] [bmv2] [T] [thread 8656] [1.0] [cxt 0] Bytes parsed: 14
[13:59:08.333] [bmv2] [D] [thread 8656] [1.0] [cxt 0] Parser 'parser': end
[13:59:08.333] [bmv2] [D] [thread 8656] [1.0] [cxt 0] Pipeline 'ingress': start
[13:59:08.333] [bmv2] [T] [thread 8656] [1.0] [cxt 0] basic.p4(163) Condition "hdr.tcp.isValid()" (node_2) is false
[13:59:08.333] [bmv2] [D] [thread 8656] [1.0] [cxt 0] Pipeline 'ingress': end
[13:59:08.333] [bmv2] [D] [thread 8656] [1.0] [cxt 0] Egress port is 0
[13:59:08.333] [bmv2] [D] [thread 8656] [2.0] [cxt 0] Processing packet received on port 3
[13:59:08.333] [bmv2] [D] [thread 8656] [2.0] [cxt 0] Parser 'parser': start
[13:59:08.333] [bmv2] [D] [thread 8656] [2.0] [cxt 0] Parser 'parser' entering state 'start'
[13:59:08.333] [bmv2] [D] [thread 8656] [2.0] [cxt 0] Extracting header 'ethernet'
[13:59:08.333] [bmv2] [D] [thread 8656] [2.0] [cxt 0] Parser state 'start': key is 86dd
[13:59:08.333] [bmv2] [T] [thread 8656] [2.0] [cxt 0] Bytes parsed: 14
[13:59:08.333] [bmv2] [D] [thread 8656] [2.0] [cxt 0] Parser 'parser': end
[13:59:08.333] [bmv2] [D] [thread 8656] [2.0] [cxt 0] Pipeline 'ingress': start
[13:59:08.333] [bmv2] [T] [thread 8656] [2.0] [cxt 0] basic.p4(163) Condition "hdr.tcp.isValid()" (node_2) is false
[13:59:08.333] [bmv2] [D] [thread 8656] [2.0] [cxt 0] Pipeline 'ingress': end
[13:59:08.333] [bmv2] [D] [thread 8656] [2.0] [cxt 0] Egress port is 0
[13:59:08.333] [bmv2] [D] [thread 8657] [1.0] [cxt 0] Pipeline 'egress': start
[13:59:08.333] [bmv2] [D] [thread 8657] [1.0] [cxt 0] Pipeline 'egress': end
[13:59:08.333] [bmv2] [D] [thread 8657] [1.0] [cxt 0] Deparser 'deparser': start
[13:59:08.333] [bmv2] [T] [thread 8657] [1.0] [cxt 0] Skipping checksum 'cksum' update because condition not met
[13:59:08.333] [bmv2] [D] [thread 8657] [1.0] [cxt 0] Deparsing header 'ethernet'
[13:59:08.334] [bmv2] [D] [thread 8657] [1.0] [cxt 0] Deparser 'deparser': end
[13:59:08.334] [bmv2] [D] [thread 8657] [2.0] [cxt 0] Pipeline 'egress': start
[13:59:08.334] [bmv2] [D] [thread 8657] [2.0] [cxt 0] Pipeline 'egress': end
[13:59:08.334] [bmv2] [D] [thread 8657] [2.0] [cxt 0] Deparser 'deparser': start
[13:59:08.334] [bmv2] [T] [thread 8657] [2.0] [cxt 0] Skipping checksum 'cksum' update because condition not met
[13:59:08.334] [bmv2] [D] [thread 8657] [2.0] [cxt 0] Deparsing header 'ethernet'
[13:59:08.334] [bmv2] [D] [thread 8657] [2.0] [cxt 0] Deparser 'deparser': end
[13:59:08.334] [bmv2] [D] [thread 8661] [1.0] [cxt 0] Transmitting packet of size 90 out of port 0
[13:59:08.334] [bmv2] [D] [thread 8661] [2.0] [cxt 0] Transmitting packet of size 70 out of port 0
[13:59:08.338] [bmv2] [D] [thread 8656] [3.0] [cxt 0] Processing packet received on port 1
[13:59:08.338] [bmv2] [D] [thread 8656] [3.0] [cxt 0] Parser 'parser': start
[13:59:08.338] [bmv2] [D] [thread 8656] [3.0] [cxt 0] Parser 'parser' entering state 'start'
[13:59:08.338] [bmv2] [D] [thread 8656] [3.0] [cxt 0] Extracting header 'ethernet'
[13:59:08.338] [bmv2] [D] [thread 8656] [3.0] [cxt 0] Parser state 'start': key is 86dd
[13:59:08.338] [bmv2] [T] [thread 8656] [3.0] [cxt 0] Bytes parsed: 14
[13:59:08.338] [bmv2] [D] [thread 8656] [3.0] [cxt 0] Parser 'parser': end
[13:59:08.338] [bmv2] [D] [thread 8656] [3.0] [cxt 0] Pipeline 'ingress': start
[13:59:08.338] [bmv2] [T] [thread 8656] [3.0] [cxt 0] basic.p4(163) Condition "hdr.tcp.isValid()" (node_2) is false
[13:59:08.338] [bmv2] [D] [thread 8656] [3.0] [cxt 0] Pipeline 'ingress': end
[13:59:08.338] [bmv2] [D] [thread 8656] [3.0] [cxt 0] Egress port is 0
[13:59:08.338] [bmv2] [D] [thread 8657] [3.0] [cxt 0] Pipeline 'egress': start
[13:59:08.338] [bmv2] [D] [thread 8657] [3.0] [cxt 0] Pipeline 'egress': end
[13:59:08.338] [bmv2] [D] [thread 8657] [3.0] [cxt 0] Deparser 'deparser': start
[13:59:08.338] [bmv2] [T] [thread 8657] [3.0] [cxt 0] Skipping checksum 'cksum' update because condition not met
[13:59:08.338] [bmv2] [D] [thread 8657] [3.0] [cxt 0] Deparsing header 'ethernet'
[13:59:08.338] [bmv2] [D] [thread 8657] [3.0] [cxt 0] Deparser 'deparser': end
[13:59:08.338] [bmv2] [D] [thread 8656] [4.0] [cxt 0] Processing packet received on port 4
[13:59:08.338] [bmv2] [D] [thread 8656] [4.0] [cxt 0] Parser 'parser': start
[13:59:08.338] [bmv2] [D] [thread 8656] [4.0] [cxt 0] Parser 'parser' entering state 'start'
[13:59:08.338] [bmv2] [D] [thread 8656] [4.0] [cxt 0] Extracting header 'ethernet'
[13:59:08.338] [bmv2] [D] [thread 8656] [4.0] [cxt 0] Parser state 'start': key is 86dd
[13:59:08.338] [bmv2] [T] [thread 8656] [4.0] [cxt 0] Bytes parsed: 14
[13:59:08.338] [bmv2] [D] [thread 8656] [4.0] [cxt 0] Parser 'parser': end
[13:59:08.338] [bmv2] [D] [thread 8656] [4.0] [cxt 0] Pipeline 'ingress': start
[13:59:08.338] [bmv2] [T] [thread 8656] [4.0] [cxt 0] basic.p4(163) Condition "hdr.tcp.isValid()" (node_2) is false
[13:59:08.338] [bmv2] [D] [thread 8656] [4.0] [cxt 0] Pipeline 'ingress': end
[13:59:08.338] [bmv2] [D] [thread 8656] [4.0] [cxt 0] Egress port is 0
[13:59:08.338] [bmv2] [D] [thread 8657] [4.0] [cxt 0] Pipeline 'egress': start
[13:59:08.338] [bmv2] [D] [thread 8657] [4.0] [cxt 0] Pipeline 'egress': end
[13:59:08.338] [bmv2] [D] [thread 8657] [4.0] [cxt 0] Deparser 'deparser': start
[13:59:08.338] [bmv2] [T] [thread 8657] [4.0] [cxt 0] Skipping checksum 'cksum' update because condition not met
[13:59:08.338] [bmv2] [D] [thread 8657] [4.0] [cxt 0] Deparsing header 'ethernet'
[13:59:08.338] [bmv2] [D] [thread 8657] [4.0] [cxt 0] Deparser 'deparser': end
[13:59:08.338] [bmv2] [D] [thread 8656] [5.0] [cxt 0] Processing packet received on port 4
[13:59:08.338] [bmv2] [D] [thread 8656] [5.0] [cxt 0] Parser 'parser': start
[13:59:08.338] [bmv2] [D] [thread 8656] [5.0] [cxt 0] Parser 'parser' entering state 'start'
[13:59:08.338] [bmv2] [D] [thread 8656] [5.0] [cxt 0] Extracting header 'ethernet'
[13:59:08.338] [bmv2] [D] [thread 8656] [5.0] [cxt 0] Parser state 'start': key is 86dd
[13:59:08.338] [bmv2] [T] [thread 8656] [5.0] [cxt 0] Bytes parsed: 14
[13:59:08.338] [bmv2] [D] [thread 8656] [5.0] [cxt 0] Parser 'parser': end
[13:59:08.338] [bmv2] [D] [thread 8656] [5.0] [cxt 0] Pipeline 'ingress': start
[13:59:08.338] [bmv2] [T] [thread 8656] [5.0] [cxt 0] basic.p4(163) Condition "hdr.tcp.isValid()" (node_2) is false
[13:59:08.338] [bmv2] [D] [thread 8656] [5.0] [cxt 0] Pipeline 'ingress': end
[13:59:08.338] [bmv2] [D] [thread 8656] [5.0] [cxt 0] Egress port is 0
[13:59:08.338] [bmv2] [D] [thread 8657] [5.0] [cxt 0] Pipeline 'egress': start
[13:59:08.338] [bmv2] [D] [thread 8657] [5.0] [cxt 0] Pipeline 'egress': end
[13:59:08.338] [bmv2] [D] [thread 8657] [5.0] [cxt 0] Deparser 'deparser': start
[13:59:08.338] [bmv2] [T] [thread 8657] [5.0] [cxt 0] Skipping checksum 'cksum' update because condition not met
[13:59:08.338] [bmv2] [D] [thread 8661] [3.0] [cxt 0] Transmitting packet of size 90 out of port 0
[13:59:08.338] [bmv2] [D] [thread 8661] [4.0] [cxt 0] Transmitting packet of size 90 out of port 0
[13:59:08.338] [bmv2] [D] [thread 8657] [5.0] [cxt 0] Deparsing header 'ethernet'
[13:59:08.338] [bmv2] [D] [thread 8657] [5.0] [cxt 0] Deparser 'deparser': end
[13:59:08.338] [bmv2] [D] [thread 8656] [6.0] [cxt 0] Processing packet received on port 4
[13:59:08.338] [bmv2] [D] [thread 8656] [6.0] [cxt 0] Parser 'parser': start
[13:59:08.338] [bmv2] [D] [thread 8656] [6.0] [cxt 0] Parser 'parser' entering state 'start'
[13:59:08.338] [bmv2] [D] [thread 8656] [6.0] [cxt 0] Extracting header 'ethernet'
[13:59:08.338] [bmv2] [D] [thread 8656] [6.0] [cxt 0] Parser state 'start': key is 86dd
[13:59:08.338] [bmv2] [T] [thread 8656] [6.0] [cxt 0] Bytes parsed: 14
[13:59:08.338] [bmv2] [D] [thread 8656] [6.0] [cxt 0] Parser 'parser': end
[13:59:08.338] [bmv2] [D] [thread 8656] [6.0] [cxt 0] Pipeline 'ingress': start
[13:59:08.338] [bmv2] [T] [thread 8656] [6.0] [cxt 0] basic.p4(163) Condition "hdr.tcp.isValid()" (node_2) is false
[13:59:08.338] [bmv2] [D] [thread 8656] [6.0] [cxt 0] Pipeline 'ingress': end
[13:59:08.338] [bmv2] [D] [thread 8656] [6.0] [cxt 0] Egress port is 0
[13:59:08.338] [bmv2] [D] [thread 8657] [6.0] [cxt 0] Pipeline 'egress': start
[13:59:08.338] [bmv2] [D] [thread 8657] [6.0] [cxt 0] Pipeline 'egress': end
[13:59:08.338] [bmv2] [D] [thread 8657] [6.0] [cxt 0] Deparser 'deparser': start
[13:59:08.338] [bmv2] [T] [thread 8657] [6.0] [cxt 0] Skipping checksum 'cksum' update because condition not met
[13:59:08.338] [bmv2] [D] [thread 8657] [6.0] [cxt 0] Deparsing header 'ethernet'
[13:59:08.338] [bmv2] [D] [thread 8657] [6.0] [cxt 0] Deparser 'deparser': end
[13:59:08.338] [bmv2] [D] [thread 8656] [7.0] [cxt 0] Processing packet received on port 4
[13:59:08.338] [bmv2] [D] [thread 8656] [7.0] [cxt 0] Parser 'parser': start
[13:59:08.338] [bmv2] [D] [thread 8656] [7.0] [cxt 0] Parser 'parser' entering state 'start'
[13:59:08.338] [bmv2] [D] [thread 8656] [7.0] [cxt 0] Extracting header 'ethernet'
[13:59:08.338] [bmv2] [D] [thread 8656] [7.0] [cxt 0] Parser state 'start': key is 86dd
[13:59:08.338] [bmv2] [T] [thread 8656] [7.0] [cxt 0] Bytes parsed: 14
[13:59:08.338] [bmv2] [D] [thread 8656] [7.0] [cxt 0] Parser 'parser': end
[13:59:08.338] [bmv2] [D] [thread 8656] [7.0] [cxt 0] Pipeline 'ingress': start
[13:59:08.338] [bmv2] [T] [thread 8656] [7.0] [cxt 0] basic.p4(163) Condition "hdr.tcp.isValid()" (node_2) is false
[13:59:08.338] [bmv2] [D] [thread 8656] [7.0] [cxt 0] Pipeline 'ingress': end
[13:59:08.338] [bmv2] [D] [thread 8656] [7.0] [cxt 0] Egress port is 0
[13:59:08.338] [bmv2] [D] [thread 8661] [5.0] [cxt 0] Transmitting packet of size 70 out of port 0
[13:59:08.338] [bmv2] [D] [thread 8657] [7.0] [cxt 0] Pipeline 'egress': start
[13:59:08.338] [bmv2] [D] [thread 8657] [7.0] [cxt 0] Pipeline 'egress': end
[13:59:08.338] [bmv2] [D] [thread 8657] [7.0] [cxt 0] Deparser 'deparser': start
[13:59:08.339] [bmv2] [T] [thread 8657] [7.0] [cxt 0] Skipping checksum 'cksum' update because condition not met
[13:59:08.339] [bmv2] [D] [thread 8657] [7.0] [cxt 0] Deparsing header 'ethernet'
[13:59:08.339] [bmv2] [D] [thread 8657] [7.0] [cxt 0] Deparser 'deparser': end
[13:59:08.339] [bmv2] [D] [thread 8661] [6.0] [cxt 0] Transmitting packet of size 90 out of port 0
[13:59:08.339] [bmv2] [D] [thread 8661] [7.0] [cxt 0] Transmitting packet of size 70 out of port 0
[13:59:08.362] [bmv2] [D] [thread 8656] [8.0] [cxt 0] Processing packet received on port 4
[13:59:08.362] [bmv2] [D] [thread 8656] [8.0] [cxt 0] Parser 'parser': start
[13:59:08.362] [bmv2] [D] [thread 8656] [8.0] [cxt 0] Parser 'parser' entering state 'start'
[13:59:08.362] [bmv2] [D] [thread 8656] [8.0] [cxt 0] Extracting header 'ethernet'
[13:59:08.362] [bmv2] [D] [thread 8656] [8.0] [cxt 0] Parser state 'start': key is 86dd
[13:59:08.362] [bmv2] [T] [thread 8656] [8.0] [cxt 0] Bytes parsed: 14
[13:59:08.362] [bmv2] [D] [thread 8656] [8.0] [cxt 0] Parser 'parser': end
[13:59:08.362] [bmv2] [D] [thread 8656] [8.0] [cxt 0] Pipeline 'ingress': start
[13:59:08.362] [bmv2] [T] [thread 8656] [8.0] [cxt 0] basic.p4(163) Condition "hdr.tcp.isValid()" (node_2) is false
[13:59:08.362] [bmv2] [D] [thread 8656] [8.0] [cxt 0] Pipeline 'ingress': end
[13:59:08.362] [bmv2] [D] [thread 8656] [8.0] [cxt 0] Egress port is 0
[13:59:08.362] [bmv2] [D] [thread 8657] [8.0] [cxt 0] Pipeline 'egress': start
[13:59:08.362] [bmv2] [D] [thread 8657] [8.0] [cxt 0] Pipeline 'egress': end
[13:59:08.362] [bmv2] [D] [thread 8657] [8.0] [cxt 0] Deparser 'deparser': start
[13:59:08.362] [bmv2] [T] [thread 8657] [8.0] [cxt 0] Skipping checksum 'cksum' update because condition not met
[13:59:08.362] [bmv2] [D] [thread 8657] [8.0] [cxt 0] Deparsing header 'ethernet'
[13:59:08.362] [bmv2] [D] [thread 8657] [8.0] [cxt 0] Deparser 'deparser': end
[13:59:08.362] [bmv2] [D] [thread 8661] [8.0] [cxt 0] Transmitting packet of size 90 out of port 0
[13:59:08.689] [bmv2] [D] [thread 8656] [9.0] [cxt 0] Processing packet received on port 3
[13:59:08.690] [bmv2] [D] [thread 8656] [9.0] [cxt 0] Parser 'parser': start
[13:59:08.690] [bmv2] [D] [thread 8656] [9.0] [cxt 0] Parser 'parser' entering state 'start'
[13:59:08.690] [bmv2] [D] [thread 8656] [9.0] [cxt 0] Extracting header 'ethernet'
[13:59:08.690] [bmv2] [D] [thread 8656] [9.0] [cxt 0] Parser state 'start': key is 86dd
[13:59:08.690] [bmv2] [T] [thread 8656] [9.0] [cxt 0] Bytes parsed: 14
[13:59:08.690] [bmv2] [D] [thread 8656] [9.0] [cxt 0] Parser 'parser': end
[13:59:08.690] [bmv2] [D] [thread 8656] [9.0] [cxt 0] Pipeline 'ingress': start
[13:59:08.690] [bmv2] [T] [thread 8656] [9.0] [cxt 0] basic.p4(163) Condition "hdr.tcp.isValid()" (node_2) is false
[13:59:08.690] [bmv2] [D] [thread 8656] [9.0] [cxt 0] Pipeline 'ingress': end
[13:59:08.690] [bmv2] [D] [thread 8656] [9.0] [cxt 0] Egress port is 0
[13:59:08.690] [bmv2] [D] [thread 8656] [10.0] [cxt 0] Processing packet received on port 3
[13:59:08.690] [bmv2] [D] [thread 8656] [10.0] [cxt 0] Parser 'parser': start
[13:59:08.690] [bmv2] [D] [thread 8656] [10.0] [cxt 0] Parser 'parser' entering state 'start'
[13:59:08.690] [bmv2] [D] [thread 8656] [10.0] [cxt 0] Extracting header 'ethernet'
[13:59:08.690] [bmv2] [D] [thread 8656] [10.0] [cxt 0] Parser state 'start': key is 86dd
[13:59:08.690] [bmv2] [T] [thread 8656] [10.0] [cxt 0] Bytes parsed: 14
[13:59:08.690] [bmv2] [D] [thread 8656] [10.0] [cxt 0] Parser 'parser': end
[13:59:08.690] [bmv2] [D] [thread 8656] [10.0] [cxt 0] Pipeline 'ingress': start
[13:59:08.690] [bmv2] [T] [thread 8656] [10.0] [cxt 0] basic.p4(163) Condition "hdr.tcp.isValid()" (node_2) is false
[13:59:08.690] [bmv2] [D] [thread 8656] [10.0] [cxt 0] Pipeline 'ingress': end
[13:59:08.690] [bmv2] [D] [thread 8656] [10.0] [cxt 0] Egress port is 0
[13:59:08.690] [bmv2] [D] [thread 8657] [9.0] [cxt 0] Pipeline 'egress': start
[13:59:08.690] [bmv2] [D] [thread 8657] [9.0] [cxt 0] Pipeline 'egress': end
[13:59:08.690] [bmv2] [D] [thread 8657] [9.0] [cxt 0] Deparser 'deparser': start
[13:59:08.690] [bmv2] [T] [thread 8657] [9.0] [cxt 0] Skipping checksum 'cksum' update because condition not met
[13:59:08.690] [bmv2] [D] [thread 8657] [9.0] [cxt 0] Deparsing header 'ethernet'
[13:59:08.690] [bmv2] [D] [thread 8657] [9.0] [cxt 0] Deparser 'deparser': end
[13:59:08.690] [bmv2] [D] [thread 8657] [10.0] [cxt 0] Pipeline 'egress': start
[13:59:08.690] [bmv2] [D] [thread 8657] [10.0] [cxt 0] Pipeline 'egress': end
[13:59:08.690] [bmv2] [D] [thread 8657] [10.0] [cxt 0] Deparser 'deparser': start
[13:59:08.690] [bmv2] [T] [thread 8657] [10.0] [cxt 0] Skipping checksum 'cksum' update because condition not met
[13:59:08.690] [bmv2] [D] [thread 8657] [10.0] [cxt 0] Deparsing header 'ethernet'
[13:59:08.690] [bmv2] [D] [thread 8657] [10.0] [cxt 0] Deparser 'deparser': end
[13:59:08.690] [bmv2] [D] [thread 8661] [9.0] [cxt 0] Transmitting packet of size 90 out of port 0
[13:59:08.690] [bmv2] [D] [thread 8661] [10.0] [cxt 0] Transmitting packet of size 70 out of port 0
[13:59:08.843] [bmv2] [D] [thread 8656] [11.0] [cxt 0] Processing packet received on port 1
[13:59:08.843] [bmv2] [D] [thread 8656] [11.0] [cxt 0] Parser 'parser': start
[13:59:08.843] [bmv2] [D] [thread 8656] [11.0] [cxt 0] Parser 'parser' entering state 'start'
[13:59:08.843] [bmv2] [D] [thread 8656] [11.0] [cxt 0] Extracting header 'ethernet'
[13:59:08.843] [bmv2] [D] [thread 8656] [11.0] [cxt 0] Parser state 'start': key is 86dd
[13:59:08.843] [bmv2] [T] [thread 8656] [11.0] [cxt 0] Bytes parsed: 14
[13:59:08.843] [bmv2] [D] [thread 8656] [11.0] [cxt 0] Parser 'parser': end
[13:59:08.843] [bmv2] [D] [thread 8656] [11.0] [cxt 0] Pipeline 'ingress': start
[13:59:08.843] [bmv2] [T] [thread 8656] [11.0] [cxt 0] basic.p4(163) Condition "hdr.tcp.isValid()" (node_2) is false
[13:59:08.843] [bmv2] [D] [thread 8656] [11.0] [cxt 0] Pipeline 'ingress': end
[13:59:08.843] [bmv2] [D] [thread 8656] [11.0] [cxt 0] Egress port is 0
[13:59:08.843] [bmv2] [D] [thread 8656] [12.0] [cxt 0] Processing packet received on port 3
[13:59:08.843] [bmv2] [D] [thread 8656] [12.0] [cxt 0] Parser 'parser': start
[13:59:08.843] [bmv2] [D] [thread 8656] [12.0] [cxt 0] Parser 'parser' entering state 'start'
[13:59:08.843] [bmv2] [D] [thread 8656] [12.0] [cxt 0] Extracting header 'ethernet'
[13:59:08.843] [bmv2] [D] [thread 8656] [12.0] [cxt 0] Parser state 'start': key is 86dd
[13:59:08.843] [bmv2] [T] [thread 8656] [12.0] [cxt 0] Bytes parsed: 14
[13:59:08.843] [bmv2] [D] [thread 8656] [12.0] [cxt 0] Parser 'parser': end
[13:59:08.843] [bmv2] [D] [thread 8656] [12.0] [cxt 0] Pipeline 'ingress': start
[13:59:08.843] [bmv2] [T] [thread 8656] [12.0] [cxt 0] basic.p4(163) Condition "hdr.tcp.isValid()" (node_2) is false
[13:59:08.843] [bmv2] [D] [thread 8656] [12.0] [cxt 0] Pipeline 'ingress': end
[13:59:08.843] [bmv2] [D] [thread 8656] [12.0] [cxt 0] Egress port is 0
[13:59:08.843] [bmv2] [D] [thread 8656] [13.0] [cxt 0] Processing packet received on port 1
[13:59:08.843] [bmv2] [D] [thread 8656] [13.0] [cxt 0] Parser 'parser': start
[13:59:08.843] [bmv2] [D] [thread 8656] [13.0] [cxt 0] Parser 'parser' entering state 'start'
[13:59:08.843] [bmv2] [D] [thread 8656] [13.0] [cxt 0] Extracting header 'ethernet'
[13:59:08.843] [bmv2] [D] [thread 8656] [13.0] [cxt 0] Parser state 'start': key is 86dd
[13:59:08.843] [bmv2] [T] [thread 8656] [13.0] [cxt 0] Bytes parsed: 14
[13:59:08.843] [bmv2] [D] [thread 8656] [13.0] [cxt 0] Parser 'parser': end
[13:59:08.843] [bmv2] [D] [thread 8656] [13.0] [cxt 0] Pipeline 'ingress': start
[13:59:08.843] [bmv2] [T] [thread 8656] [13.0] [cxt 0] basic.p4(163) Condition "hdr.tcp.isValid()" (node_2) is false
[13:59:08.843] [bmv2] [D] [thread 8656] [13.0] [cxt 0] Pipeline 'ingress': end
[13:59:08.843] [bmv2] [D] [thread 8656] [13.0] [cxt 0] Egress port is 0
[13:59:08.843] [bmv2] [D] [thread 8657] [11.0] [cxt 0] Pipeline 'egress': start
[13:59:08.843] [bmv2] [D] [thread 8657] [11.0] [cxt 0] Pipeline 'egress': end
[13:59:08.843] [bmv2] [D] [thread 8657] [11.0] [cxt 0] Deparser 'deparser': start
[13:59:08.843] [bmv2] [T] [thread 8657] [11.0] [cxt 0] Skipping checksum 'cksum' update because condition not met
[13:59:08.843] [bmv2] [D] [thread 8657] [11.0] [cxt 0] Deparsing header 'ethernet'
[13:59:08.843] [bmv2] [D] [thread 8657] [11.0] [cxt 0] Deparser 'deparser': end
[13:59:08.844] [bmv2] [D] [thread 8657] [12.0] [cxt 0] Pipeline 'egress': start
[13:59:08.844] [bmv2] [D] [thread 8657] [12.0] [cxt 0] Pipeline 'egress': end
[13:59:08.844] [bmv2] [D] [thread 8657] [12.0] [cxt 0] Deparser 'deparser': start
[13:59:08.844] [bmv2] [T] [thread 8657] [12.0] [cxt 0] Skipping checksum 'cksum' update because condition not met
[13:59:08.844] [bmv2] [D] [thread 8657] [12.0] [cxt 0] Deparsing header 'ethernet'
[13:59:08.844] [bmv2] [D] [thread 8657] [12.0] [cxt 0] Deparser 'deparser': end
[13:59:08.844] [bmv2] [D] [thread 8657] [13.0] [cxt 0] Pipeline 'egress': start
[13:59:08.844] [bmv2] [D] [thread 8657] [13.0] [cxt 0] Pipeline 'egress': end
[13:59:08.844] [bmv2] [D] [thread 8657] [13.0] [cxt 0] Deparser 'deparser': start
[13:59:08.844] [bmv2] [T] [thread 8657] [13.0] [cxt 0] Skipping checksum 'cksum' update because condition not met
[13:59:08.844] [bmv2] [D] [thread 8657] [13.0] [cxt 0] Deparsing header 'ethernet'
[13:59:08.844] [bmv2] [D] [thread 8657] [13.0] [cxt 0] Deparser 'deparser': end
[13:59:08.844] [bmv2] [D] [thread 8661] [11.0] [cxt 0] Transmitting packet of size 90 out of port 0
[13:59:08.845] [bmv2] [D] [thread 8661] [12.0] [cxt 0] Transmitting packet of size 90 out of port 0
[13:59:08.845] [bmv2] [D] [thread 8661] [13.0] [cxt 0] Transmitting packet of size 70 out of port 0
[13:59:08.858] [bmv2] [D] [thread 8656] [14.0] [cxt 0] Processing packet received on port 1
[13:59:08.858] [bmv2] [D] [thread 8656] [14.0] [cxt 0] Parser 'parser': start
[13:59:08.858] [bmv2] [D] [thread 8656] [14.0] [cxt 0] Parser 'parser' entering state 'start'
[13:59:08.858] [bmv2] [D] [thread 8656] [14.0] [cxt 0] Extracting header 'ethernet'
[13:59:08.858] [bmv2] [D] [thread 8656] [14.0] [cxt 0] Parser state 'start': key is 86dd
[13:59:08.858] [bmv2] [T] [thread 8656] [14.0] [cxt 0] Bytes parsed: 14
[13:59:08.858] [bmv2] [D] [thread 8656] [14.0] [cxt 0] Parser 'parser': end
[13:59:08.858] [bmv2] [D] [thread 8656] [14.0] [cxt 0] Pipeline 'ingress': start
[13:59:08.858] [bmv2] [T] [thread 8656] [14.0] [cxt 0] basic.p4(163) Condition "hdr.tcp.isValid()" (node_2) is false
[13:59:08.858] [bmv2] [D] [thread 8656] [14.0] [cxt 0] Pipeline 'ingress': end
[13:59:08.858] [bmv2] [D] [thread 8656] [14.0] [cxt 0] Egress port is 0
[13:59:08.858] [bmv2] [D] [thread 8657] [14.0] [cxt 0] Pipeline 'egress': start
[13:59:08.858] [bmv2] [D] [thread 8657] [14.0] [cxt 0] Pipeline 'egress': end
[13:59:08.858] [bmv2] [D] [thread 8657] [14.0] [cxt 0] Deparser 'deparser': start
[13:59:08.858] [bmv2] [T] [thread 8657] [14.0] [cxt 0] Skipping checksum 'cksum' update because condition not met
[13:59:08.858] [bmv2] [D] [thread 8657] [14.0] [cxt 0] Deparsing header 'ethernet'
[13:59:08.858] [bmv2] [D] [thread 8657] [14.0] [cxt 0] Deparser 'deparser': end
[13:59:08.859] [bmv2] [D] [thread 8661] [14.0] [cxt 0] Transmitting packet of size 90 out of port 0
[13:59:09.038] [bmv2] [D] [thread 8656] [15.0] [cxt 0] Processing packet received on port 2
[13:59:09.038] [bmv2] [D] [thread 8656] [15.0] [cxt 0] Parser 'parser': start
[13:59:09.038] [bmv2] [D] [thread 8656] [15.0] [cxt 0] Parser 'parser' entering state 'start'
[13:59:09.038] [bmv2] [D] [thread 8656] [15.0] [cxt 0] Extracting header 'ethernet'
[13:59:09.038] [bmv2] [D] [thread 8656] [15.0] [cxt 0] Parser state 'start': key is 86dd
[13:59:09.038] [bmv2] [T] [thread 8656] [15.0] [cxt 0] Bytes parsed: 14
[13:59:09.038] [bmv2] [D] [thread 8656] [15.0] [cxt 0] Parser 'parser': end
[13:59:09.038] [bmv2] [D] [thread 8656] [15.0] [cxt 0] Pipeline 'ingress': start
[13:59:09.038] [bmv2] [T] [thread 8656] [15.0] [cxt 0] basic.p4(163) Condition "hdr.tcp.isValid()" (node_2) is false
[13:59:09.038] [bmv2] [D] [thread 8656] [15.0] [cxt 0] Pipeline 'ingress': end
[13:59:09.038] [bmv2] [D] [thread 8656] [15.0] [cxt 0] Egress port is 0
[13:59:09.038] [bmv2] [D] [thread 8656] [16.0] [cxt 0] Processing packet received on port 2
[13:59:09.038] [bmv2] [D] [thread 8656] [16.0] [cxt 0] Parser 'parser': start
[13:59:09.038] [bmv2] [D] [thread 8656] [16.0] [cxt 0] Parser 'parser' entering state 'start'
[13:59:09.038] [bmv2] [D] [thread 8656] [16.0] [cxt 0] Extracting header 'ethernet'
[13:59:09.038] [bmv2] [D] [thread 8656] [16.0] [cxt 0] Parser state 'start': key is 86dd
[13:59:09.038] [bmv2] [T] [thread 8656] [16.0] [cxt 0] Bytes parsed: 14
[13:59:09.038] [bmv2] [D] [thread 8656] [16.0] [cxt 0] Parser 'parser': end
[13:59:09.038] [bmv2] [D] [thread 8656] [16.0] [cxt 0] Pipeline 'ingress': start
[13:59:09.038] [bmv2] [T] [thread 8656] [16.0] [cxt 0] basic.p4(163) Condition "hdr.tcp.isValid()" (node_2) is false
[13:59:09.038] [bmv2] [D] [thread 8656] [16.0] [cxt 0] Pipeline 'ingress': end
[13:59:09.038] [bmv2] [D] [thread 8656] [16.0] [cxt 0] Egress port is 0
[13:59:09.038] [bmv2] [D] [thread 8657] [15.0] [cxt 0] Pipeline 'egress': start
[13:59:09.038] [bmv2] [D] [thread 8657] [15.0] [cxt 0] Pipeline 'egress': end
[13:59:09.038] [bmv2] [D] [thread 8657] [15.0] [cxt 0] Deparser 'deparser': start
[13:59:09.038] [bmv2] [T] [thread 8657] [15.0] [cxt 0] Skipping checksum 'cksum' update because condition not met
[13:59:09.038] [bmv2] [D] [thread 8657] [15.0] [cxt 0] Deparsing header 'ethernet'
[13:59:09.038] [bmv2] [D] [thread 8657] [15.0] [cxt 0] Deparser 'deparser': end
[13:59:09.038] [bmv2] [D] [thread 8657] [16.0] [cxt 0] Pipeline 'egress': start
[13:59:09.038] [bmv2] [D] [thread 8657] [16.0] [cxt 0] Pipeline 'egress': end
[13:59:09.038] [bmv2] [D] [thread 8657] [16.0] [cxt 0] Deparser 'deparser': start
[13:59:09.038] [bmv2] [T] [thread 8657] [16.0] [cxt 0] Skipping checksum 'cksum' update because condition not met
[13:59:09.038] [bmv2] [D] [thread 8657] [16.0] [cxt 0] Deparsing header 'ethernet'
[13:59:09.038] [bmv2] [D] [thread 8657] [16.0] [cxt 0] Deparser 'deparser': end
[13:59:09.039] [bmv2] [D] [thread 8661] [15.0] [cxt 0] Transmitting packet of size 90 out of port 0
[13:59:09.039] [bmv2] [D] [thread 8661] [16.0] [cxt 0] Transmitting packet of size 70 out of port 0
[13:59:09.201] [bmv2] [D] [thread 8656] [17.0] [cxt 0] Processing packet received on port 3
[13:59:09.201] [bmv2] [D] [thread 8656] [17.0] [cxt 0] Parser 'parser': start
[13:59:09.201] [bmv2] [D] [thread 8656] [17.0] [cxt 0] Parser 'parser' entering state 'start'
[13:59:09.201] [bmv2] [D] [thread 8656] [17.0] [cxt 0] Extracting header 'ethernet'
[13:59:09.201] [bmv2] [D] [thread 8656] [17.0] [cxt 0] Parser state 'start': key is 86dd
[13:59:09.201] [bmv2] [T] [thread 8656] [17.0] [cxt 0] Bytes parsed: 14
[13:59:09.201] [bmv2] [D] [thread 8656] [17.0] [cxt 0] Parser 'parser': end
[13:59:09.201] [bmv2] [D] [thread 8656] [17.0] [cxt 0] Pipeline 'ingress': start
[13:59:09.201] [bmv2] [T] [thread 8656] [17.0] [cxt 0] basic.p4(163) Condition "hdr.tcp.isValid()" (node_2) is false
[13:59:09.201] [bmv2] [D] [thread 8656] [17.0] [cxt 0] Pipeline 'ingress': end
[13:59:09.201] [bmv2] [D] [thread 8656] [17.0] [cxt 0] Egress port is 0
[13:59:09.201] [bmv2] [D] [thread 8657] [17.0] [cxt 0] Pipeline 'egress': start
[13:59:09.201] [bmv2] [D] [thread 8657] [17.0] [cxt 0] Pipeline 'egress': end
[13:59:09.201] [bmv2] [D] [thread 8657] [17.0] [cxt 0] Deparser 'deparser': start
[13:59:09.201] [bmv2] [T] [thread 8657] [17.0] [cxt 0] Skipping checksum 'cksum' update because condition not met
[13:59:09.201] [bmv2] [D] [thread 8657] [17.0] [cxt 0] Deparsing header 'ethernet'
[13:59:09.201] [bmv2] [D] [thread 8657] [17.0] [cxt 0] Deparser 'deparser': end
[13:59:09.201] [bmv2] [D] [thread 8661] [17.0] [cxt 0] Transmitting packet of size 90 out of port 0
[13:59:09.226] [bmv2] [D] [thread 8656] [18.0] [cxt 0] Processing packet received on port 4
[13:59:09.226] [bmv2] [D] [thread 8656] [18.0] [cxt 0] Parser 'parser': start
[13:59:09.226] [bmv2] [D] [thread 8656] [18.0] [cxt 0] Parser 'parser' entering state 'start'
[13:59:09.226] [bmv2] [D] [thread 8656] [18.0] [cxt 0] Extracting header 'ethernet'
[13:59:09.226] [bmv2] [D] [thread 8656] [18.0] [cxt 0] Parser state 'start': key is 86dd
[13:59:09.226] [bmv2] [T] [thread 8656] [18.0] [cxt 0] Bytes parsed: 14
[13:59:09.226] [bmv2] [D] [thread 8656] [18.0] [cxt 0] Parser 'parser': end
[13:59:09.226] [bmv2] [D] [thread 8656] [18.0] [cxt 0] Pipeline 'ingress': start
[13:59:09.226] [bmv2] [T] [thread 8656] [18.0] [cxt 0] basic.p4(163) Condition "hdr.tcp.isValid()" (node_2) is false
[13:59:09.226] [bmv2] [D] [thread 8656] [18.0] [cxt 0] Pipeline 'ingress': end
[13:59:09.226] [bmv2] [D] [thread 8656] [18.0] [cxt 0] Egress port is 0
[13:59:09.226] [bmv2] [D] [thread 8657] [18.0] [cxt 0] Pipeline 'egress': start
[13:59:09.226] [bmv2] [D] [thread 8657] [18.0] [cxt 0] Pipeline 'egress': end
[13:59:09.226] [bmv2] [D] [thread 8657] [18.0] [cxt 0] Deparser 'deparser': start
[13:59:09.226] [bmv2] [T] [thread 8657] [18.0] [cxt 0] Skipping checksum 'cksum' update because condition not met
[13:59:09.226] [bmv2] [D] [thread 8657] [18.0] [cxt 0] Deparsing header 'ethernet'
[13:59:09.226] [bmv2] [D] [thread 8657] [18.0] [cxt 0] Deparser 'deparser': end
[13:59:09.226] [bmv2] [D] [thread 8661] [18.0] [cxt 0] Transmitting packet of size 90 out of port 0
[13:59:09.546] [bmv2] [D] [thread 8656] [19.0] [cxt 0] Processing packet received on port 2
[13:59:09.546] [bmv2] [D] [thread 8656] [19.0] [cxt 0] Parser 'parser': start
[13:59:09.546] [bmv2] [D] [thread 8656] [19.0] [cxt 0] Parser 'parser' entering state 'start'
[13:59:09.546] [bmv2] [D] [thread 8656] [19.0] [cxt 0] Extracting header 'ethernet'
[13:59:09.546] [bmv2] [D] [thread 8656] [19.0] [cxt 0] Parser state 'start': key is 86dd
[13:59:09.546] [bmv2] [T] [thread 8656] [19.0] [cxt 0] Bytes parsed: 14
[13:59:09.546] [bmv2] [D] [thread 8656] [19.0] [cxt 0] Parser 'parser': end
[13:59:09.546] [bmv2] [D] [thread 8656] [19.0] [cxt 0] Pipeline 'ingress': start
[13:59:09.546] [bmv2] [T] [thread 8656] [19.0] [cxt 0] basic.p4(163) Condition "hdr.tcp.isValid()" (node_2) is false
[13:59:09.546] [bmv2] [D] [thread 8656] [19.0] [cxt 0] Pipeline 'ingress': end
[13:59:09.546] [bmv2] [D] [thread 8656] [19.0] [cxt 0] Egress port is 0
[13:59:09.546] [bmv2] [D] [thread 8657] [19.0] [cxt 0] Pipeline 'egress': start
[13:59:09.546] [bmv2] [D] [thread 8657] [19.0] [cxt 0] Pipeline 'egress': end
[13:59:09.546] [bmv2] [D] [thread 8657] [19.0] [cxt 0] Deparser 'deparser': start
[13:59:09.546] [bmv2] [T] [thread 8657] [19.0] [cxt 0] Skipping checksum 'cksum' update because condition not met
[13:59:09.546] [bmv2] [D] [thread 8657] [19.0] [cxt 0] Deparsing header 'ethernet'
[13:59:09.546] [bmv2] [D] [thread 8657] [19.0] [cxt 0] Deparser 'deparser': end
[13:59:09.546] [bmv2] [D] [thread 8661] [19.0] [cxt 0] Transmitting packet of size 90 out of port 0
[13:59:10.588] [bmv2] [W] [thread 8718] [P4Runtime] p4::tmp::P4DeviceConfig is deprecated
[13:59:10.589] [bmv2] [D] [thread 8718] Set default default entry for table 'MyIngress.ipv4_lpm': NoAction - 
[13:59:10.589] [bmv2] [D] [thread 8718] Set default default entry for table 'tbl_drop': MyIngress.drop - 
[13:59:10.590] [bmv2] [D] [thread 8718] simple_switch target has been notified of a config swap
[13:59:10.592] [bmv2] [D] [thread 8720] Set default entry for table 'MyIngress.ipv4_lpm': MyIngress.drop - 
[13:59:10.593] [bmv2] [D] [thread 8718] Entry 0 added to table 'MyIngress.ipv4_lpm'
[13:59:10.594] [bmv2] [D] [thread 8718] Dumping entry 0
Match key:
* hdr.ipv4.dstAddr    : LPM       0a000101/32
Action entry: MyIngress.ipv4_forward - 80000000300,4,

[13:59:10.595] [bmv2] [D] [thread 8720] Entry 1 added to table 'MyIngress.ipv4_lpm'
[13:59:10.596] [bmv2] [D] [thread 8720] Dumping entry 1
Match key:
* hdr.ipv4.dstAddr    : LPM       0a000202/32
Action entry: MyIngress.ipv4_forward - 80000000400,3,

[13:59:10.597] [bmv2] [D] [thread 8718] Entry 2 added to table 'MyIngress.ipv4_lpm'
[13:59:10.597] [bmv2] [D] [thread 8718] Dumping entry 2
Match key:
* hdr.ipv4.dstAddr    : LPM       0a000303/32
Action entry: MyIngress.ipv4_forward - 80000000333,1,

[13:59:10.598] [bmv2] [D] [thread 8720] Entry 3 added to table 'MyIngress.ipv4_lpm'
[13:59:10.598] [bmv2] [D] [thread 8720] Dumping entry 3
Match key:
* hdr.ipv4.dstAddr    : LPM       0a000404/32
Action entry: MyIngress.ipv4_forward - 80000000444,2,

[13:59:12.458] [bmv2] [D] [thread 8656] [20.0] [cxt 0] Processing packet received on port 4
[13:59:12.458] [bmv2] [D] [thread 8656] [20.0] [cxt 0] Parser 'parser': start
[13:59:12.458] [bmv2] [D] [thread 8656] [20.0] [cxt 0] Parser 'parser' entering state 'start'
[13:59:12.458] [bmv2] [D] [thread 8656] [20.0] [cxt 0] Extracting header 'ethernet'
[13:59:12.458] [bmv2] [D] [thread 8656] [20.0] [cxt 0] Parser state 'start': key is 86dd
[13:59:12.458] [bmv2] [T] [thread 8656] [20.0] [cxt 0] Bytes parsed: 14
[13:59:12.458] [bmv2] [D] [thread 8656] [20.0] [cxt 0] Parser 'parser': end
[13:59:12.458] [bmv2] [D] [thread 8656] [20.0] [cxt 0] Pipeline 'ingress': start
[13:59:12.458] [bmv2] [T] [thread 8656] [20.0] [cxt 0] basic.p4(163) Condition "hdr.tcp.isValid()" (node_2) is false
[13:59:12.458] [bmv2] [D] [thread 8656] [20.0] [cxt 0] Pipeline 'ingress': end
[13:59:12.459] [bmv2] [D] [thread 8656] [20.0] [cxt 0] Egress port is 0
[13:59:12.459] [bmv2] [D] [thread 8656] [21.0] [cxt 0] Processing packet received on port 3
[13:59:12.459] [bmv2] [D] [thread 8656] [21.0] [cxt 0] Parser 'parser': start
[13:59:12.459] [bmv2] [D] [thread 8656] [21.0] [cxt 0] Parser 'parser' entering state 'start'
[13:59:12.459] [bmv2] [D] [thread 8656] [21.0] [cxt 0] Extracting header 'ethernet'
[13:59:12.459] [bmv2] [D] [thread 8656] [21.0] [cxt 0] Parser state 'start': key is 86dd
[13:59:12.459] [bmv2] [T] [thread 8656] [21.0] [cxt 0] Bytes parsed: 14
[13:59:12.459] [bmv2] [D] [thread 8656] [21.0] [cxt 0] Parser 'parser': end
[13:59:12.459] [bmv2] [D] [thread 8656] [21.0] [cxt 0] Pipeline 'ingress': start
[13:59:12.459] [bmv2] [T] [thread 8656] [21.0] [cxt 0] basic.p4(163) Condition "hdr.tcp.isValid()" (node_2) is false
[13:59:12.459] [bmv2] [D] [thread 8656] [21.0] [cxt 0] Pipeline 'ingress': end
[13:59:12.459] [bmv2] [D] [thread 8656] [21.0] [cxt 0] Egress port is 0
[13:59:12.459] [bmv2] [D] [thread 8657] [20.0] [cxt 0] Pipeline 'egress': start
[13:59:12.459] [bmv2] [D] [thread 8657] [20.0] [cxt 0] Pipeline 'egress': end
[13:59:12.459] [bmv2] [D] [thread 8657] [20.0] [cxt 0] Deparser 'deparser': start
[13:59:12.459] [bmv2] [T] [thread 8657] [20.0] [cxt 0] Skipping checksum 'cksum' update because condition not met
[13:59:12.459] [bmv2] [D] [thread 8657] [20.0] [cxt 0] Deparsing header 'ethernet'
[13:59:12.459] [bmv2] [D] [thread 8657] [20.0] [cxt 0] Deparser 'deparser': end
[13:59:12.459] [bmv2] [D] [thread 8657] [21.0] [cxt 0] Pipeline 'egress': start
[13:59:12.459] [bmv2] [D] [thread 8657] [21.0] [cxt 0] Pipeline 'egress': end
[13:59:12.459] [bmv2] [D] [thread 8657] [21.0] [cxt 0] Deparser 'deparser': start
[13:59:12.459] [bmv2] [T] [thread 8657] [21.0] [cxt 0] Skipping checksum 'cksum' update because condition not met
[13:59:12.459] [bmv2] [D] [thread 8657] [21.0] [cxt 0] Deparsing header 'ethernet'
[13:59:12.459] [bmv2] [D] [thread 8657] [21.0] [cxt 0] Deparser 'deparser': end
[13:59:12.459] [bmv2] [D] [thread 8661] [20.0] [cxt 0] Transmitting packet of size 70 out of port 0
[13:59:12.459] [bmv2] [D] [thread 8661] [21.0] [cxt 0] Transmitting packet of size 70 out of port 0
[13:59:12.714] [bmv2] [D] [thread 8656] [22.0] [cxt 0] Processing packet received on port 1
[13:59:12.714] [bmv2] [D] [thread 8656] [22.0] [cxt 0] Parser 'parser': start
[13:59:12.714] [bmv2] [D] [thread 8656] [22.0] [cxt 0] Parser 'parser' entering state 'start'
[13:59:12.714] [bmv2] [D] [thread 8656] [22.0] [cxt 0] Extracting header 'ethernet'
[13:59:12.714] [bmv2] [D] [thread 8656] [22.0] [cxt 0] Parser state 'start': key is 86dd
[13:59:12.714] [bmv2] [T] [thread 8656] [22.0] [cxt 0] Bytes parsed: 14
[13:59:12.714] [bmv2] [D] [thread 8656] [22.0] [cxt 0] Parser 'parser': end
[13:59:12.714] [bmv2] [D] [thread 8656] [22.0] [cxt 0] Pipeline 'ingress': start
[13:59:12.714] [bmv2] [T] [thread 8656] [22.0] [cxt 0] basic.p4(163) Condition "hdr.tcp.isValid()" (node_2) is false
[13:59:12.714] [bmv2] [D] [thread 8656] [22.0] [cxt 0] Pipeline 'ingress': end
[13:59:12.714] [bmv2] [D] [thread 8656] [22.0] [cxt 0] Egress port is 0
[13:59:12.714] [bmv2] [D] [thread 8656] [23.0] [cxt 0] Processing packet received on port 4
[13:59:12.714] [bmv2] [D] [thread 8656] [23.0] [cxt 0] Parser 'parser': start
[13:59:12.714] [bmv2] [D] [thread 8656] [23.0] [cxt 0] Parser 'parser' entering state 'start'
[13:59:12.714] [bmv2] [D] [thread 8656] [23.0] [cxt 0] Extracting header 'ethernet'
[13:59:12.714] [bmv2] [D] [thread 8656] [23.0] [cxt 0] Parser state 'start': key is 86dd
[13:59:12.714] [bmv2] [T] [thread 8656] [23.0] [cxt 0] Bytes parsed: 14
[13:59:12.714] [bmv2] [D] [thread 8657] [22.0] [cxt 0] Pipeline 'egress': start
[13:59:12.714] [bmv2] [D] [thread 8656] [23.0] [cxt 0] Parser 'parser': end
[13:59:12.714] [bmv2] [D] [thread 8657] [22.0] [cxt 0] Pipeline 'egress': end
[13:59:12.714] [bmv2] [D] [thread 8656] [23.0] [cxt 0] Pipeline 'ingress': start
[13:59:12.714] [bmv2] [D] [thread 8657] [22.0] [cxt 0] Deparser 'deparser': start
[13:59:12.715] [bmv2] [T] [thread 8657] [22.0] [cxt 0] Skipping checksum 'cksum' update because condition not met
[13:59:12.715] [bmv2] [D] [thread 8657] [22.0] [cxt 0] Deparsing header 'ethernet'
[13:59:12.715] [bmv2] [D] [thread 8657] [22.0] [cxt 0] Deparser 'deparser': end
[13:59:12.715] [bmv2] [D] [thread 8661] [22.0] [cxt 0] Transmitting packet of size 70 out of port 0
[13:59:12.714] [bmv2] [T] [thread 8656] [23.0] [cxt 0] basic.p4(163) Condition "hdr.tcp.isValid()" (node_2) is false
[13:59:12.715] [bmv2] [D] [thread 8656] [23.0] [cxt 0] Pipeline 'ingress': end
[13:59:12.715] [bmv2] [D] [thread 8656] [23.0] [cxt 0] Egress port is 0
[13:59:12.715] [bmv2] [D] [thread 8657] [23.0] [cxt 0] Pipeline 'egress': start
[13:59:12.715] [bmv2] [D] [thread 8657] [23.0] [cxt 0] Pipeline 'egress': end
[13:59:12.715] [bmv2] [D] [thread 8657] [23.0] [cxt 0] Deparser 'deparser': start
[13:59:12.715] [bmv2] [T] [thread 8657] [23.0] [cxt 0] Skipping checksum 'cksum' update because condition not met
[13:59:12.715] [bmv2] [D] [thread 8657] [23.0] [cxt 0] Deparsing header 'ethernet'
[13:59:12.715] [bmv2] [D] [thread 8657] [23.0] [cxt 0] Deparser 'deparser': end
[13:59:12.715] [bmv2] [D] [thread 8661] [23.0] [cxt 0] Transmitting packet of size 70 out of port 0
[13:59:12.974] [bmv2] [D] [thread 8656] [24.0] [cxt 0] Processing packet received on port 3
[13:59:12.974] [bmv2] [D] [thread 8656] [24.0] [cxt 0] Parser 'parser': start
[13:59:12.974] [bmv2] [D] [thread 8656] [24.0] [cxt 0] Parser 'parser' entering state 'start'
[13:59:12.974] [bmv2] [D] [thread 8656] [24.0] [cxt 0] Extracting header 'ethernet'
[13:59:12.974] [bmv2] [D] [thread 8656] [24.0] [cxt 0] Parser state 'start': key is 86dd
[13:59:12.974] [bmv2] [T] [thread 8656] [24.0] [cxt 0] Bytes parsed: 14
[13:59:12.974] [bmv2] [D] [thread 8656] [24.0] [cxt 0] Parser 'parser': end
[13:59:12.974] [bmv2] [D] [thread 8656] [24.0] [cxt 0] Pipeline 'ingress': start
[13:59:12.974] [bmv2] [T] [thread 8656] [24.0] [cxt 0] basic.p4(163) Condition "hdr.tcp.isValid()" (node_2) is false
[13:59:12.974] [bmv2] [D] [thread 8656] [24.0] [cxt 0] Pipeline 'ingress': end
[13:59:12.974] [bmv2] [D] [thread 8656] [24.0] [cxt 0] Egress port is 0
[13:59:12.974] [bmv2] [D] [thread 8657] [24.0] [cxt 0] Pipeline 'egress': start
[13:59:12.974] [bmv2] [D] [thread 8657] [24.0] [cxt 0] Pipeline 'egress': end
[13:59:12.974] [bmv2] [D] [thread 8657] [24.0] [cxt 0] Deparser 'deparser': start
[13:59:12.974] [bmv2] [T] [thread 8657] [24.0] [cxt 0] Skipping checksum 'cksum' update because condition not met
[13:59:12.974] [bmv2] [D] [thread 8657] [24.0] [cxt 0] Deparsing header 'ethernet'
[13:59:12.974] [bmv2] [D] [thread 8657] [24.0] [cxt 0] Deparser 'deparser': end
[13:59:12.975] [bmv2] [D] [thread 8661] [24.0] [cxt 0] Transmitting packet of size 70 out of port 0
[13:59:13.272] [bmv2] [D] [thread 8656] [25.0] [cxt 0] Processing packet received on port 2
[13:59:13.272] [bmv2] [D] [thread 8656] [25.0] [cxt 0] Parser 'parser': start
[13:59:13.272] [bmv2] [D] [thread 8656] [25.0] [cxt 0] Parser 'parser' entering state 'start'
[13:59:13.272] [bmv2] [D] [thread 8656] [25.0] [cxt 0] Extracting header 'ethernet'
[13:59:13.272] [bmv2] [D] [thread 8656] [25.0] [cxt 0] Parser state 'start': key is 86dd
[13:59:13.272] [bmv2] [T] [thread 8656] [25.0] [cxt 0] Bytes parsed: 14
[13:59:13.272] [bmv2] [D] [thread 8656] [25.0] [cxt 0] Parser 'parser': end
[13:59:13.272] [bmv2] [D] [thread 8656] [25.0] [cxt 0] Pipeline 'ingress': start
[13:59:13.272] [bmv2] [T] [thread 8656] [25.0] [cxt 0] basic.p4(163) Condition "hdr.tcp.isValid()" (node_2) is false
[13:59:13.273] [bmv2] [D] [thread 8656] [25.0] [cxt 0] Pipeline 'ingress': end
[13:59:13.273] [bmv2] [D] [thread 8656] [25.0] [cxt 0] Egress port is 0
[13:59:13.273] [bmv2] [D] [thread 8657] [25.0] [cxt 0] Pipeline 'egress': start
[13:59:13.273] [bmv2] [D] [thread 8657] [25.0] [cxt 0] Pipeline 'egress': end
[13:59:13.273] [bmv2] [D] [thread 8657] [25.0] [cxt 0] Deparser 'deparser': start
[13:59:13.273] [bmv2] [T] [thread 8657] [25.0] [cxt 0] Skipping checksum 'cksum' update because condition not met
[13:59:13.273] [bmv2] [D] [thread 8657] [25.0] [cxt 0] Deparsing header 'ethernet'
[13:59:13.273] [bmv2] [D] [thread 8657] [25.0] [cxt 0] Deparser 'deparser': end
[13:59:13.273] [bmv2] [D] [thread 8661] [25.0] [cxt 0] Transmitting packet of size 70 out of port 0
[13:59:19.631] [bmv2] [D] [thread 8656] [26.0] [cxt 0] Processing packet received on port 3
[13:59:19.631] [bmv2] [D] [thread 8656] [26.0] [cxt 0] Parser 'parser': start
[13:59:19.631] [bmv2] [D] [thread 8656] [26.0] [cxt 0] Parser 'parser' entering state 'start'
[13:59:19.631] [bmv2] [D] [thread 8656] [26.0] [cxt 0] Extracting header 'ethernet'
[13:59:19.631] [bmv2] [D] [thread 8656] [26.0] [cxt 0] Parser state 'start': key is 86dd
[13:59:19.631] [bmv2] [T] [thread 8656] [26.0] [cxt 0] Bytes parsed: 14
[13:59:19.631] [bmv2] [D] [thread 8656] [26.0] [cxt 0] Parser 'parser': end
[13:59:19.631] [bmv2] [D] [thread 8656] [26.0] [cxt 0] Pipeline 'ingress': start
[13:59:19.631] [bmv2] [T] [thread 8656] [26.0] [cxt 0] basic.p4(163) Condition "hdr.tcp.isValid()" (node_2) is false
[13:59:19.631] [bmv2] [D] [thread 8656] [26.0] [cxt 0] Pipeline 'ingress': end
[13:59:19.631] [bmv2] [D] [thread 8656] [26.0] [cxt 0] Egress port is 0
[13:59:19.631] [bmv2] [D] [thread 8657] [26.0] [cxt 0] Pipeline 'egress': start
[13:59:19.631] [bmv2] [D] [thread 8657] [26.0] [cxt 0] Pipeline 'egress': end
[13:59:19.631] [bmv2] [D] [thread 8657] [26.0] [cxt 0] Deparser 'deparser': start
[13:59:19.631] [bmv2] [T] [thread 8657] [26.0] [cxt 0] Skipping checksum 'cksum' update because condition not met
[13:59:19.631] [bmv2] [D] [thread 8657] [26.0] [cxt 0] Deparsing header 'ethernet'
[13:59:19.631] [bmv2] [D] [thread 8657] [26.0] [cxt 0] Deparser 'deparser': end
[13:59:19.631] [bmv2] [D] [thread 8661] [26.0] [cxt 0] Transmitting packet of size 70 out of port 0
[13:59:20.394] [bmv2] [D] [thread 8656] [27.0] [cxt 0] Processing packet received on port 1
[13:59:20.394] [bmv2] [D] [thread 8656] [27.0] [cxt 0] Parser 'parser': start
[13:59:20.394] [bmv2] [D] [thread 8656] [27.0] [cxt 0] Parser 'parser' entering state 'start'
[13:59:20.394] [bmv2] [D] [thread 8656] [27.0] [cxt 0] Extracting header 'ethernet'
[13:59:20.394] [bmv2] [D] [thread 8656] [27.0] [cxt 0] Parser state 'start': key is 86dd
[13:59:20.394] [bmv2] [T] [thread 8656] [27.0] [cxt 0] Bytes parsed: 14
[13:59:20.394] [bmv2] [D] [thread 8656] [27.0] [cxt 0] Parser 'parser': end
[13:59:20.394] [bmv2] [D] [thread 8656] [27.0] [cxt 0] Pipeline 'ingress': start
[13:59:20.394] [bmv2] [T] [thread 8656] [27.0] [cxt 0] basic.p4(163) Condition "hdr.tcp.isValid()" (node_2) is false
[13:59:20.394] [bmv2] [D] [thread 8656] [27.0] [cxt 0] Pipeline 'ingress': end
[13:59:20.394] [bmv2] [D] [thread 8656] [27.0] [cxt 0] Egress port is 0
[13:59:20.395] [bmv2] [D] [thread 8657] [27.0] [cxt 0] Pipeline 'egress': start
[13:59:20.395] [bmv2] [D] [thread 8657] [27.0] [cxt 0] Pipeline 'egress': end
[13:59:20.395] [bmv2] [D] [thread 8657] [27.0] [cxt 0] Deparser 'deparser': start
[13:59:20.395] [bmv2] [T] [thread 8657] [27.0] [cxt 0] Skipping checksum 'cksum' update because condition not met
[13:59:20.395] [bmv2] [D] [thread 8657] [27.0] [cxt 0] Deparsing header 'ethernet'
[13:59:20.395] [bmv2] [D] [thread 8657] [27.0] [cxt 0] Deparser 'deparser': end
[13:59:20.395] [bmv2] [D] [thread 8661] [27.0] [cxt 0] Transmitting packet of size 70 out of port 0
[13:59:20.650] [bmv2] [D] [thread 8656] [28.0] [cxt 0] Processing packet received on port 4
[13:59:20.651] [bmv2] [D] [thread 8656] [28.0] [cxt 0] Parser 'parser': start
[13:59:20.651] [bmv2] [D] [thread 8656] [28.0] [cxt 0] Parser 'parser' entering state 'start'
[13:59:20.651] [bmv2] [D] [thread 8656] [28.0] [cxt 0] Extracting header 'ethernet'
[13:59:20.651] [bmv2] [D] [thread 8656] [28.0] [cxt 0] Parser state 'start': key is 86dd
[13:59:20.651] [bmv2] [T] [thread 8656] [28.0] [cxt 0] Bytes parsed: 14
[13:59:20.651] [bmv2] [D] [thread 8656] [28.0] [cxt 0] Parser 'parser': end
[13:59:20.651] [bmv2] [D] [thread 8656] [28.0] [cxt 0] Pipeline 'ingress': start
[13:59:20.651] [bmv2] [T] [thread 8656] [28.0] [cxt 0] basic.p4(163) Condition "hdr.tcp.isValid()" (node_2) is false
[13:59:20.651] [bmv2] [D] [thread 8656] [28.0] [cxt 0] Pipeline 'ingress': end
[13:59:20.651] [bmv2] [D] [thread 8656] [28.0] [cxt 0] Egress port is 0
[13:59:20.651] [bmv2] [D] [thread 8657] [28.0] [cxt 0] Pipeline 'egress': start
[13:59:20.651] [bmv2] [D] [thread 8657] [28.0] [cxt 0] Pipeline 'egress': end
[13:59:20.651] [bmv2] [D] [thread 8657] [28.0] [cxt 0] Deparser 'deparser': start
[13:59:20.651] [bmv2] [T] [thread 8657] [28.0] [cxt 0] Skipping checksum 'cksum' update because condition not met
[13:59:20.651] [bmv2] [D] [thread 8657] [28.0] [cxt 0] Deparsing header 'ethernet'
[13:59:20.651] [bmv2] [D] [thread 8657] [28.0] [cxt 0] Deparser 'deparser': end
[13:59:20.651] [bmv2] [D] [thread 8661] [28.0] [cxt 0] Transmitting packet of size 70 out of port 0
[13:59:21.418] [bmv2] [D] [thread 8656] [29.0] [cxt 0] Processing packet received on port 4
[13:59:21.418] [bmv2] [D] [thread 8656] [29.0] [cxt 0] Parser 'parser': start
[13:59:21.418] [bmv2] [D] [thread 8656] [29.0] [cxt 0] Parser 'parser' entering state 'start'
[13:59:21.418] [bmv2] [D] [thread 8656] [29.0] [cxt 0] Extracting header 'ethernet'
[13:59:21.418] [bmv2] [D] [thread 8656] [29.0] [cxt 0] Parser state 'start': key is 86dd
[13:59:21.418] [bmv2] [T] [thread 8656] [29.0] [cxt 0] Bytes parsed: 14
[13:59:21.418] [bmv2] [D] [thread 8656] [29.0] [cxt 0] Parser 'parser': end
[13:59:21.418] [bmv2] [D] [thread 8656] [29.0] [cxt 0] Pipeline 'ingress': start
[13:59:21.418] [bmv2] [T] [thread 8656] [29.0] [cxt 0] basic.p4(163) Condition "hdr.tcp.isValid()" (node_2) is false
[13:59:21.418] [bmv2] [D] [thread 8656] [29.0] [cxt 0] Pipeline 'ingress': end
[13:59:21.418] [bmv2] [D] [thread 8656] [29.0] [cxt 0] Egress port is 0
[13:59:21.418] [bmv2] [D] [thread 8657] [29.0] [cxt 0] Pipeline 'egress': start
[13:59:21.418] [bmv2] [D] [thread 8657] [29.0] [cxt 0] Pipeline 'egress': end
[13:59:21.418] [bmv2] [D] [thread 8657] [29.0] [cxt 0] Deparser 'deparser': start
[13:59:21.418] [bmv2] [T] [thread 8657] [29.0] [cxt 0] Skipping checksum 'cksum' update because condition not met
[13:59:21.418] [bmv2] [D] [thread 8657] [29.0] [cxt 0] Deparsing header 'ethernet'
[13:59:21.418] [bmv2] [D] [thread 8657] [29.0] [cxt 0] Deparser 'deparser': end
[13:59:21.418] [bmv2] [D] [thread 8661] [29.0] [cxt 0] Transmitting packet of size 70 out of port 0
[13:59:21.674] [bmv2] [D] [thread 8656] [30.0] [cxt 0] Processing packet received on port 2
[13:59:21.674] [bmv2] [D] [thread 8656] [30.0] [cxt 0] Parser 'parser': start
[13:59:21.674] [bmv2] [D] [thread 8656] [30.0] [cxt 0] Parser 'parser' entering state 'start'
[13:59:21.674] [bmv2] [D] [thread 8656] [30.0] [cxt 0] Extracting header 'ethernet'
[13:59:21.674] [bmv2] [D] [thread 8656] [30.0] [cxt 0] Parser state 'start': key is 86dd
[13:59:21.674] [bmv2] [T] [thread 8656] [30.0] [cxt 0] Bytes parsed: 14
[13:59:21.674] [bmv2] [D] [thread 8656] [30.0] [cxt 0] Parser 'parser': end
[13:59:21.674] [bmv2] [D] [thread 8656] [30.0] [cxt 0] Pipeline 'ingress': start
[13:59:21.674] [bmv2] [T] [thread 8656] [30.0] [cxt 0] basic.p4(163) Condition "hdr.tcp.isValid()" (node_2) is false
[13:59:21.674] [bmv2] [D] [thread 8656] [30.0] [cxt 0] Pipeline 'ingress': end
[13:59:21.674] [bmv2] [D] [thread 8656] [30.0] [cxt 0] Egress port is 0
[13:59:21.674] [bmv2] [D] [thread 8656] [31.0] [cxt 0] Processing packet received on port 3
[13:59:21.674] [bmv2] [D] [thread 8656] [31.0] [cxt 0] Parser 'parser': start
[13:59:21.674] [bmv2] [D] [thread 8656] [31.0] [cxt 0] Parser 'parser' entering state 'start'
[13:59:21.674] [bmv2] [D] [thread 8656] [31.0] [cxt 0] Extracting header 'ethernet'
[13:59:21.674] [bmv2] [D] [thread 8656] [31.0] [cxt 0] Parser state 'start': key is 86dd
[13:59:21.674] [bmv2] [T] [thread 8656] [31.0] [cxt 0] Bytes parsed: 14
[13:59:21.674] [bmv2] [D] [thread 8656] [31.0] [cxt 0] Parser 'parser': end
[13:59:21.674] [bmv2] [D] [thread 8656] [31.0] [cxt 0] Pipeline 'ingress': start
[13:59:21.674] [bmv2] [T] [thread 8656] [31.0] [cxt 0] basic.p4(163) Condition "hdr.tcp.isValid()" (node_2) is false
[13:59:21.674] [bmv2] [D] [thread 8656] [31.0] [cxt 0] Pipeline 'ingress': end
[13:59:21.674] [bmv2] [D] [thread 8656] [31.0] [cxt 0] Egress port is 0
[13:59:21.674] [bmv2] [D] [thread 8657] [30.0] [cxt 0] Pipeline 'egress': start
[13:59:21.674] [bmv2] [D] [thread 8657] [30.0] [cxt 0] Pipeline 'egress': end
[13:59:21.674] [bmv2] [D] [thread 8657] [30.0] [cxt 0] Deparser 'deparser': start
[13:59:21.674] [bmv2] [T] [thread 8657] [30.0] [cxt 0] Skipping checksum 'cksum' update because condition not met
[13:59:21.674] [bmv2] [D] [thread 8657] [30.0] [cxt 0] Deparsing header 'ethernet'
[13:59:21.674] [bmv2] [D] [thread 8657] [30.0] [cxt 0] Deparser 'deparser': end
[13:59:21.674] [bmv2] [D] [thread 8657] [31.0] [cxt 0] Pipeline 'egress': start
[13:59:21.674] [bmv2] [D] [thread 8657] [31.0] [cxt 0] Pipeline 'egress': end
[13:59:21.674] [bmv2] [D] [thread 8657] [31.0] [cxt 0] Deparser 'deparser': start
[13:59:21.674] [bmv2] [T] [thread 8657] [31.0] [cxt 0] Skipping checksum 'cksum' update because condition not met
[13:59:21.674] [bmv2] [D] [thread 8657] [31.0] [cxt 0] Deparsing header 'ethernet'
[13:59:21.674] [bmv2] [D] [thread 8657] [31.0] [cxt 0] Deparser 'deparser': end
[13:59:21.674] [bmv2] [D] [thread 8661] [30.0] [cxt 0] Transmitting packet of size 70 out of port 0
[13:59:21.674] [bmv2] [D] [thread 8661] [31.0] [cxt 0] Transmitting packet of size 70 out of port 0
[13:59:33.565] [bmv2] [D] [thread 8656] [32.0] [cxt 0] Processing packet received on port 3
[13:59:33.565] [bmv2] [D] [thread 8656] [32.0] [cxt 0] Parser 'parser': start
[13:59:33.565] [bmv2] [D] [thread 8656] [32.0] [cxt 0] Parser 'parser' entering state 'start'
[13:59:33.565] [bmv2] [D] [thread 8656] [32.0] [cxt 0] Extracting header 'ethernet'
[13:59:33.565] [bmv2] [D] [thread 8656] [32.0] [cxt 0] Parser state 'start': key is 86dd
[13:59:33.565] [bmv2] [T] [thread 8656] [32.0] [cxt 0] Bytes parsed: 14
[13:59:33.565] [bmv2] [D] [thread 8656] [32.0] [cxt 0] Parser 'parser': end
[13:59:33.565] [bmv2] [D] [thread 8656] [32.0] [cxt 0] Pipeline 'ingress': start
[13:59:33.565] [bmv2] [T] [thread 8656] [32.0] [cxt 0] basic.p4(163) Condition "hdr.tcp.isValid()" (node_2) is false
[13:59:33.565] [bmv2] [D] [thread 8656] [32.0] [cxt 0] Pipeline 'ingress': end
[13:59:33.565] [bmv2] [D] [thread 8656] [32.0] [cxt 0] Egress port is 0
[13:59:33.565] [bmv2] [D] [thread 8657] [32.0] [cxt 0] Pipeline 'egress': start
[13:59:33.565] [bmv2] [D] [thread 8657] [32.0] [cxt 0] Pipeline 'egress': end
[13:59:33.565] [bmv2] [D] [thread 8657] [32.0] [cxt 0] Deparser 'deparser': start
[13:59:33.565] [bmv2] [T] [thread 8657] [32.0] [cxt 0] Skipping checksum 'cksum' update because condition not met
[13:59:33.565] [bmv2] [D] [thread 8657] [32.0] [cxt 0] Deparsing header 'ethernet'
[13:59:33.565] [bmv2] [D] [thread 8657] [32.0] [cxt 0] Deparser 'deparser': end
[13:59:33.565] [bmv2] [D] [thread 8661] [32.0] [cxt 0] Transmitting packet of size 70 out of port 0
[13:59:35.499] [bmv2] [D] [thread 8656] [33.0] [cxt 0] Processing packet received on port 1
[13:59:35.499] [bmv2] [D] [thread 8656] [33.0] [cxt 0] Parser 'parser': start
[13:59:35.499] [bmv2] [D] [thread 8656] [33.0] [cxt 0] Parser 'parser' entering state 'start'
[13:59:35.499] [bmv2] [D] [thread 8656] [33.0] [cxt 0] Extracting header 'ethernet'
[13:59:35.499] [bmv2] [D] [thread 8656] [33.0] [cxt 0] Parser state 'start': key is 86dd
[13:59:35.499] [bmv2] [T] [thread 8656] [33.0] [cxt 0] Bytes parsed: 14
[13:59:35.499] [bmv2] [D] [thread 8656] [33.0] [cxt 0] Parser 'parser': end
[13:59:35.499] [bmv2] [D] [thread 8656] [33.0] [cxt 0] Pipeline 'ingress': start
[13:59:35.499] [bmv2] [T] [thread 8656] [33.0] [cxt 0] basic.p4(163) Condition "hdr.tcp.isValid()" (node_2) is false
[13:59:35.499] [bmv2] [D] [thread 8656] [33.0] [cxt 0] Pipeline 'ingress': end
[13:59:35.499] [bmv2] [D] [thread 8656] [33.0] [cxt 0] Egress port is 0
[13:59:35.499] [bmv2] [D] [thread 8657] [33.0] [cxt 0] Pipeline 'egress': start
[13:59:35.499] [bmv2] [D] [thread 8657] [33.0] [cxt 0] Pipeline 'egress': end
[13:59:35.499] [bmv2] [D] [thread 8657] [33.0] [cxt 0] Deparser 'deparser': start
[13:59:35.499] [bmv2] [T] [thread 8657] [33.0] [cxt 0] Skipping checksum 'cksum' update because condition not met
[13:59:35.499] [bmv2] [D] [thread 8657] [33.0] [cxt 0] Deparsing header 'ethernet'
[13:59:35.499] [bmv2] [D] [thread 8657] [33.0] [cxt 0] Deparser 'deparser': end
[13:59:35.499] [bmv2] [D] [thread 8661] [33.0] [cxt 0] Transmitting packet of size 70 out of port 0
[13:59:36.523] [bmv2] [D] [thread 8656] [34.0] [cxt 0] Processing packet received on port 4
[13:59:36.523] [bmv2] [D] [thread 8656] [34.0] [cxt 0] Parser 'parser': start
[13:59:36.523] [bmv2] [D] [thread 8656] [34.0] [cxt 0] Parser 'parser' entering state 'start'
[13:59:36.523] [bmv2] [D] [thread 8656] [34.0] [cxt 0] Extracting header 'ethernet'
[13:59:36.523] [bmv2] [D] [thread 8656] [34.0] [cxt 0] Parser state 'start': key is 86dd
[13:59:36.523] [bmv2] [T] [thread 8656] [34.0] [cxt 0] Bytes parsed: 14
[13:59:36.523] [bmv2] [D] [thread 8656] [34.0] [cxt 0] Parser 'parser': end
[13:59:36.523] [bmv2] [D] [thread 8656] [34.0] [cxt 0] Pipeline 'ingress': start
[13:59:36.523] [bmv2] [T] [thread 8656] [34.0] [cxt 0] basic.p4(163) Condition "hdr.tcp.isValid()" (node_2) is false
[13:59:36.523] [bmv2] [D] [thread 8656] [34.0] [cxt 0] Pipeline 'ingress': end
[13:59:36.523] [bmv2] [D] [thread 8656] [34.0] [cxt 0] Egress port is 0
[13:59:36.523] [bmv2] [D] [thread 8657] [34.0] [cxt 0] Pipeline 'egress': start
[13:59:36.523] [bmv2] [D] [thread 8657] [34.0] [cxt 0] Pipeline 'egress': end
[13:59:36.523] [bmv2] [D] [thread 8657] [34.0] [cxt 0] Deparser 'deparser': start
[13:59:36.523] [bmv2] [T] [thread 8657] [34.0] [cxt 0] Skipping checksum 'cksum' update because condition not met
[13:59:36.523] [bmv2] [D] [thread 8657] [34.0] [cxt 0] Deparsing header 'ethernet'
[13:59:36.523] [bmv2] [D] [thread 8657] [34.0] [cxt 0] Deparser 'deparser': end
[13:59:36.523] [bmv2] [D] [thread 8661] [34.0] [cxt 0] Transmitting packet of size 70 out of port 0
[13:59:37.803] [bmv2] [D] [thread 8656] [35.0] [cxt 0] Processing packet received on port 2
[13:59:37.803] [bmv2] [D] [thread 8656] [35.0] [cxt 0] Parser 'parser': start
[13:59:37.803] [bmv2] [D] [thread 8656] [35.0] [cxt 0] Parser 'parser' entering state 'start'
[13:59:37.803] [bmv2] [D] [thread 8656] [35.0] [cxt 0] Extracting header 'ethernet'
[13:59:37.803] [bmv2] [D] [thread 8656] [35.0] [cxt 0] Parser state 'start': key is 86dd
[13:59:37.803] [bmv2] [T] [thread 8656] [35.0] [cxt 0] Bytes parsed: 14
[13:59:37.803] [bmv2] [D] [thread 8656] [35.0] [cxt 0] Parser 'parser': end
[13:59:37.803] [bmv2] [D] [thread 8656] [35.0] [cxt 0] Pipeline 'ingress': start
[13:59:37.803] [bmv2] [T] [thread 8656] [35.0] [cxt 0] basic.p4(163) Condition "hdr.tcp.isValid()" (node_2) is false
[13:59:37.803] [bmv2] [D] [thread 8656] [35.0] [cxt 0] Pipeline 'ingress': end
[13:59:37.803] [bmv2] [D] [thread 8656] [35.0] [cxt 0] Egress port is 0
[13:59:37.803] [bmv2] [D] [thread 8657] [35.0] [cxt 0] Pipeline 'egress': start
[13:59:37.803] [bmv2] [D] [thread 8657] [35.0] [cxt 0] Pipeline 'egress': end
[13:59:37.803] [bmv2] [D] [thread 8657] [35.0] [cxt 0] Deparser 'deparser': start
[13:59:37.803] [bmv2] [T] [thread 8657] [35.0] [cxt 0] Skipping checksum 'cksum' update because condition not met
[13:59:37.803] [bmv2] [D] [thread 8657] [35.0] [cxt 0] Deparsing header 'ethernet'
[13:59:37.803] [bmv2] [D] [thread 8657] [35.0] [cxt 0] Deparser 'deparser': end
[13:59:37.803] [bmv2] [D] [thread 8661] [35.0] [cxt 0] Transmitting packet of size 70 out of port 0
[13:59:39.594] [bmv2] [D] [thread 8656] [36.0] [cxt 0] Processing packet received on port 4
[13:59:39.594] [bmv2] [D] [thread 8656] [36.0] [cxt 0] Parser 'parser': start
[13:59:39.594] [bmv2] [D] [thread 8656] [36.0] [cxt 0] Parser 'parser' entering state 'start'
[13:59:39.594] [bmv2] [D] [thread 8656] [36.0] [cxt 0] Extracting header 'ethernet'
[13:59:39.594] [bmv2] [D] [thread 8656] [36.0] [cxt 0] Parser state 'start': key is 86dd
[13:59:39.594] [bmv2] [T] [thread 8656] [36.0] [cxt 0] Bytes parsed: 14
[13:59:39.594] [bmv2] [D] [thread 8656] [36.0] [cxt 0] Parser 'parser': end
[13:59:39.594] [bmv2] [D] [thread 8656] [36.0] [cxt 0] Pipeline 'ingress': start
[13:59:39.594] [bmv2] [T] [thread 8656] [36.0] [cxt 0] basic.p4(163) Condition "hdr.tcp.isValid()" (node_2) is false
[13:59:39.594] [bmv2] [D] [thread 8656] [36.0] [cxt 0] Pipeline 'ingress': end
[13:59:39.594] [bmv2] [D] [thread 8656] [36.0] [cxt 0] Egress port is 0
[13:59:39.594] [bmv2] [D] [thread 8657] [36.0] [cxt 0] Pipeline 'egress': start
[13:59:39.594] [bmv2] [D] [thread 8657] [36.0] [cxt 0] Pipeline 'egress': end
[13:59:39.594] [bmv2] [D] [thread 8657] [36.0] [cxt 0] Deparser 'deparser': start
[13:59:39.594] [bmv2] [T] [thread 8657] [36.0] [cxt 0] Skipping checksum 'cksum' update because condition not met
[13:59:39.594] [bmv2] [D] [thread 8657] [36.0] [cxt 0] Deparsing header 'ethernet'
[13:59:39.594] [bmv2] [D] [thread 8657] [36.0] [cxt 0] Deparser 'deparser': end
[13:59:39.594] [bmv2] [D] [thread 8661] [36.0] [cxt 0] Transmitting packet of size 70 out of port 0
[13:59:41.643] [bmv2] [D] [thread 8656] [37.0] [cxt 0] Processing packet received on port 3
[13:59:41.643] [bmv2] [D] [thread 8656] [37.0] [cxt 0] Parser 'parser': start
[13:59:41.643] [bmv2] [D] [thread 8656] [37.0] [cxt 0] Parser 'parser' entering state 'start'
[13:59:41.643] [bmv2] [D] [thread 8656] [37.0] [cxt 0] Extracting header 'ethernet'
[13:59:41.643] [bmv2] [D] [thread 8656] [37.0] [cxt 0] Parser state 'start': key is 86dd
[13:59:41.643] [bmv2] [T] [thread 8656] [37.0] [cxt 0] Bytes parsed: 14
[13:59:41.643] [bmv2] [D] [thread 8656] [37.0] [cxt 0] Parser 'parser': end
[13:59:41.643] [bmv2] [D] [thread 8656] [37.0] [cxt 0] Pipeline 'ingress': start
[13:59:41.643] [bmv2] [T] [thread 8656] [37.0] [cxt 0] basic.p4(163) Condition "hdr.tcp.isValid()" (node_2) is false
[13:59:41.643] [bmv2] [D] [thread 8656] [37.0] [cxt 0] Pipeline 'ingress': end
[13:59:41.643] [bmv2] [D] [thread 8656] [37.0] [cxt 0] Egress port is 0
[13:59:41.643] [bmv2] [D] [thread 8657] [37.0] [cxt 0] Pipeline 'egress': start
[13:59:41.643] [bmv2] [D] [thread 8657] [37.0] [cxt 0] Pipeline 'egress': end
[13:59:41.643] [bmv2] [D] [thread 8657] [37.0] [cxt 0] Deparser 'deparser': start
[13:59:41.643] [bmv2] [T] [thread 8657] [37.0] [cxt 0] Skipping checksum 'cksum' update because condition not met
[13:59:41.643] [bmv2] [D] [thread 8657] [37.0] [cxt 0] Deparsing header 'ethernet'
[13:59:41.643] [bmv2] [D] [thread 8657] [37.0] [cxt 0] Deparser 'deparser': end
[13:59:41.643] [bmv2] [D] [thread 8661] [37.0] [cxt 0] Transmitting packet of size 70 out of port 0
[14:00:02.123] [bmv2] [D] [thread 8656] [38.0] [cxt 0] Processing packet received on port 3
[14:00:02.123] [bmv2] [D] [thread 8656] [38.0] [cxt 0] Parser 'parser': start
[14:00:02.123] [bmv2] [D] [thread 8656] [38.0] [cxt 0] Parser 'parser' entering state 'start'
[14:00:02.123] [bmv2] [D] [thread 8656] [38.0] [cxt 0] Extracting header 'ethernet'
[14:00:02.123] [bmv2] [D] [thread 8656] [38.0] [cxt 0] Parser state 'start': key is 86dd
[14:00:02.123] [bmv2] [T] [thread 8656] [38.0] [cxt 0] Bytes parsed: 14
[14:00:02.123] [bmv2] [D] [thread 8656] [38.0] [cxt 0] Parser 'parser': end
[14:00:02.123] [bmv2] [D] [thread 8656] [38.0] [cxt 0] Pipeline 'ingress': start
[14:00:02.123] [bmv2] [T] [thread 8656] [38.0] [cxt 0] basic.p4(163) Condition "hdr.tcp.isValid()" (node_2) is false
[14:00:02.123] [bmv2] [D] [thread 8656] [38.0] [cxt 0] Pipeline 'ingress': end
[14:00:02.123] [bmv2] [D] [thread 8656] [38.0] [cxt 0] Egress port is 0
[14:00:02.123] [bmv2] [D] [thread 8657] [38.0] [cxt 0] Pipeline 'egress': start
[14:00:02.123] [bmv2] [D] [thread 8657] [38.0] [cxt 0] Pipeline 'egress': end
[14:00:02.123] [bmv2] [D] [thread 8657] [38.0] [cxt 0] Deparser 'deparser': start
[14:00:02.123] [bmv2] [T] [thread 8657] [38.0] [cxt 0] Skipping checksum 'cksum' update because condition not met
[14:00:02.123] [bmv2] [D] [thread 8657] [38.0] [cxt 0] Deparsing header 'ethernet'
[14:00:02.123] [bmv2] [D] [thread 8657] [38.0] [cxt 0] Deparser 'deparser': end
[14:00:02.123] [bmv2] [D] [thread 8661] [38.0] [cxt 0] Transmitting packet of size 70 out of port 0
[14:00:06.219] [bmv2] [D] [thread 8656] [39.0] [cxt 0] Processing packet received on port 1
[14:00:06.219] [bmv2] [D] [thread 8656] [39.0] [cxt 0] Parser 'parser': start
[14:00:06.219] [bmv2] [D] [thread 8656] [39.0] [cxt 0] Parser 'parser' entering state 'start'
[14:00:06.219] [bmv2] [D] [thread 8656] [39.0] [cxt 0] Extracting header 'ethernet'
[14:00:06.219] [bmv2] [D] [thread 8656] [39.0] [cxt 0] Parser state 'start': key is 86dd
[14:00:06.219] [bmv2] [T] [thread 8656] [39.0] [cxt 0] Bytes parsed: 14
[14:00:06.219] [bmv2] [D] [thread 8656] [39.0] [cxt 0] Parser 'parser': end
[14:00:06.219] [bmv2] [D] [thread 8656] [39.0] [cxt 0] Pipeline 'ingress': start
[14:00:06.219] [bmv2] [T] [thread 8656] [39.0] [cxt 0] basic.p4(163) Condition "hdr.tcp.isValid()" (node_2) is false
[14:00:06.219] [bmv2] [D] [thread 8656] [39.0] [cxt 0] Pipeline 'ingress': end
[14:00:06.219] [bmv2] [D] [thread 8656] [39.0] [cxt 0] Egress port is 0
[14:00:06.219] [bmv2] [D] [thread 8657] [39.0] [cxt 0] Pipeline 'egress': start
[14:00:06.219] [bmv2] [D] [thread 8657] [39.0] [cxt 0] Pipeline 'egress': end
[14:00:06.219] [bmv2] [D] [thread 8657] [39.0] [cxt 0] Deparser 'deparser': start
[14:00:06.219] [bmv2] [T] [thread 8657] [39.0] [cxt 0] Skipping checksum 'cksum' update because condition not met
[14:00:06.219] [bmv2] [D] [thread 8657] [39.0] [cxt 0] Deparsing header 'ethernet'
[14:00:06.219] [bmv2] [D] [thread 8657] [39.0] [cxt 0] Deparser 'deparser': end
[14:00:06.219] [bmv2] [D] [thread 8661] [39.0] [cxt 0] Transmitting packet of size 70 out of port 0
[14:00:10.322] [bmv2] [D] [thread 8656] [40.0] [cxt 0] Processing packet received on port 4
[14:00:10.322] [bmv2] [D] [thread 8656] [40.0] [cxt 0] Parser 'parser': start
[14:00:10.322] [bmv2] [D] [thread 8656] [40.0] [cxt 0] Parser 'parser' entering state 'start'
[14:00:10.322] [bmv2] [D] [thread 8656] [40.0] [cxt 0] Extracting header 'ethernet'
[14:00:10.322] [bmv2] [D] [thread 8656] [40.0] [cxt 0] Parser state 'start': key is 86dd
[14:00:10.322] [bmv2] [T] [thread 8656] [40.0] [cxt 0] Bytes parsed: 14
[14:00:10.322] [bmv2] [D] [thread 8656] [40.0] [cxt 0] Parser 'parser': end
[14:00:10.322] [bmv2] [D] [thread 8656] [40.0] [cxt 0] Pipeline 'ingress': start
[14:00:10.322] [bmv2] [T] [thread 8656] [40.0] [cxt 0] basic.p4(163) Condition "hdr.tcp.isValid()" (node_2) is false
[14:00:10.322] [bmv2] [D] [thread 8656] [40.0] [cxt 0] Pipeline 'ingress': end
[14:00:10.322] [bmv2] [D] [thread 8656] [40.0] [cxt 0] Egress port is 0
[14:00:10.322] [bmv2] [D] [thread 8657] [40.0] [cxt 0] Pipeline 'egress': start
[14:00:10.322] [bmv2] [D] [thread 8657] [40.0] [cxt 0] Pipeline 'egress': end
[14:00:10.322] [bmv2] [D] [thread 8657] [40.0] [cxt 0] Deparser 'deparser': start
[14:00:10.322] [bmv2] [T] [thread 8657] [40.0] [cxt 0] Skipping checksum 'cksum' update because condition not met
[14:00:10.322] [bmv2] [D] [thread 8657] [40.0] [cxt 0] Deparsing header 'ethernet'
[14:00:10.322] [bmv2] [D] [thread 8657] [40.0] [cxt 0] Deparser 'deparser': end
[14:00:10.322] [bmv2] [D] [thread 8661] [40.0] [cxt 0] Transmitting packet of size 70 out of port 0
[14:00:12.362] [bmv2] [D] [thread 8656] [41.0] [cxt 0] Processing packet received on port 2
[14:00:12.362] [bmv2] [D] [thread 8656] [41.0] [cxt 0] Parser 'parser': start
[14:00:12.362] [bmv2] [D] [thread 8656] [41.0] [cxt 0] Parser 'parser' entering state 'start'
[14:00:12.362] [bmv2] [D] [thread 8656] [41.0] [cxt 0] Extracting header 'ethernet'
[14:00:12.362] [bmv2] [D] [thread 8656] [41.0] [cxt 0] Parser state 'start': key is 86dd
[14:00:12.362] [bmv2] [T] [thread 8656] [41.0] [cxt 0] Bytes parsed: 14
[14:00:12.362] [bmv2] [D] [thread 8656] [41.0] [cxt 0] Parser 'parser': end
[14:00:12.362] [bmv2] [D] [thread 8656] [41.0] [cxt 0] Pipeline 'ingress': start
[14:00:12.362] [bmv2] [T] [thread 8656] [41.0] [cxt 0] basic.p4(163) Condition "hdr.tcp.isValid()" (node_2) is false
[14:00:12.362] [bmv2] [D] [thread 8656] [41.0] [cxt 0] Pipeline 'ingress': end
[14:00:12.362] [bmv2] [D] [thread 8656] [41.0] [cxt 0] Egress port is 0
[14:00:12.362] [bmv2] [D] [thread 8657] [41.0] [cxt 0] Pipeline 'egress': start
[14:00:12.362] [bmv2] [D] [thread 8657] [41.0] [cxt 0] Pipeline 'egress': end
[14:00:12.362] [bmv2] [D] [thread 8657] [41.0] [cxt 0] Deparser 'deparser': start
[14:00:12.362] [bmv2] [T] [thread 8657] [41.0] [cxt 0] Skipping checksum 'cksum' update because condition not met
[14:00:12.362] [bmv2] [D] [thread 8657] [41.0] [cxt 0] Deparsing header 'ethernet'
[14:00:12.362] [bmv2] [D] [thread 8657] [41.0] [cxt 0] Deparser 'deparser': end
[14:00:12.362] [bmv2] [D] [thread 8661] [41.0] [cxt 0] Transmitting packet of size 70 out of port 0
[14:00:14.411] [bmv2] [D] [thread 8656] [42.0] [cxt 0] Processing packet received on port 4
[14:00:14.411] [bmv2] [D] [thread 8656] [42.0] [cxt 0] Parser 'parser': start
[14:00:14.411] [bmv2] [D] [thread 8656] [42.0] [cxt 0] Parser 'parser' entering state 'start'
[14:00:14.411] [bmv2] [D] [thread 8656] [42.0] [cxt 0] Extracting header 'ethernet'
[14:00:14.411] [bmv2] [D] [thread 8656] [42.0] [cxt 0] Parser state 'start': key is 86dd
[14:00:14.411] [bmv2] [T] [thread 8656] [42.0] [cxt 0] Bytes parsed: 14
[14:00:14.411] [bmv2] [D] [thread 8656] [42.0] [cxt 0] Parser 'parser': end
[14:00:14.411] [bmv2] [D] [thread 8656] [42.0] [cxt 0] Pipeline 'ingress': start
[14:00:14.411] [bmv2] [T] [thread 8656] [42.0] [cxt 0] basic.p4(163) Condition "hdr.tcp.isValid()" (node_2) is false
[14:00:14.411] [bmv2] [D] [thread 8656] [42.0] [cxt 0] Pipeline 'ingress': end
[14:00:14.411] [bmv2] [D] [thread 8656] [42.0] [cxt 0] Egress port is 0
[14:00:14.411] [bmv2] [D] [thread 8657] [42.0] [cxt 0] Pipeline 'egress': start
[14:00:14.411] [bmv2] [D] [thread 8657] [42.0] [cxt 0] Pipeline 'egress': end
[14:00:14.411] [bmv2] [D] [thread 8657] [42.0] [cxt 0] Deparser 'deparser': start
[14:00:14.411] [bmv2] [T] [thread 8657] [42.0] [cxt 0] Skipping checksum 'cksum' update because condition not met
[14:00:14.411] [bmv2] [D] [thread 8657] [42.0] [cxt 0] Deparsing header 'ethernet'
[14:00:14.411] [bmv2] [D] [thread 8657] [42.0] [cxt 0] Deparser 'deparser': end
[14:00:14.411] [bmv2] [D] [thread 8661] [42.0] [cxt 0] Transmitting packet of size 70 out of port 0
[14:00:18.508] [bmv2] [D] [thread 8656] [43.0] [cxt 0] Processing packet received on port 3
[14:00:18.509] [bmv2] [D] [thread 8656] [43.0] [cxt 0] Parser 'parser': start
[14:00:18.509] [bmv2] [D] [thread 8656] [43.0] [cxt 0] Parser 'parser' entering state 'start'
[14:00:18.509] [bmv2] [D] [thread 8656] [43.0] [cxt 0] Extracting header 'ethernet'
[14:00:18.509] [bmv2] [D] [thread 8656] [43.0] [cxt 0] Parser state 'start': key is 86dd
[14:00:18.509] [bmv2] [T] [thread 8656] [43.0] [cxt 0] Bytes parsed: 14
[14:00:18.509] [bmv2] [D] [thread 8656] [43.0] [cxt 0] Parser 'parser': end
[14:00:18.509] [bmv2] [D] [thread 8656] [43.0] [cxt 0] Pipeline 'ingress': start
[14:00:18.509] [bmv2] [T] [thread 8656] [43.0] [cxt 0] basic.p4(163) Condition "hdr.tcp.isValid()" (node_2) is false
[14:00:18.509] [bmv2] [D] [thread 8656] [43.0] [cxt 0] Pipeline 'ingress': end
[14:00:18.509] [bmv2] [D] [thread 8656] [43.0] [cxt 0] Egress port is 0
[14:00:18.509] [bmv2] [D] [thread 8657] [43.0] [cxt 0] Pipeline 'egress': start
[14:00:18.509] [bmv2] [D] [thread 8657] [43.0] [cxt 0] Pipeline 'egress': end
[14:00:18.509] [bmv2] [D] [thread 8657] [43.0] [cxt 0] Deparser 'deparser': start
[14:00:18.509] [bmv2] [T] [thread 8657] [43.0] [cxt 0] Skipping checksum 'cksum' update because condition not met
[14:00:18.509] [bmv2] [D] [thread 8657] [43.0] [cxt 0] Deparsing header 'ethernet'
[14:00:18.509] [bmv2] [D] [thread 8657] [43.0] [cxt 0] Deparser 'deparser': end
[14:00:18.509] [bmv2] [D] [thread 8661] [43.0] [cxt 0] Transmitting packet of size 70 out of port 0
[14:00:57.423] [bmv2] [D] [thread 8656] [44.0] [cxt 0] Processing packet received on port 3
[14:00:57.423] [bmv2] [D] [thread 8656] [44.0] [cxt 0] Parser 'parser': start
[14:00:57.423] [bmv2] [D] [thread 8656] [44.0] [cxt 0] Parser 'parser' entering state 'start'
[14:00:57.423] [bmv2] [D] [thread 8656] [44.0] [cxt 0] Extracting header 'ethernet'
[14:00:57.423] [bmv2] [D] [thread 8656] [44.0] [cxt 0] Parser state 'start': key is 86dd
[14:00:57.423] [bmv2] [T] [thread 8656] [44.0] [cxt 0] Bytes parsed: 14
[14:00:57.423] [bmv2] [D] [thread 8656] [44.0] [cxt 0] Parser 'parser': end
[14:00:57.423] [bmv2] [D] [thread 8656] [44.0] [cxt 0] Pipeline 'ingress': start
[14:00:57.423] [bmv2] [T] [thread 8656] [44.0] [cxt 0] basic.p4(163) Condition "hdr.tcp.isValid()" (node_2) is false
[14:00:57.423] [bmv2] [D] [thread 8656] [44.0] [cxt 0] Pipeline 'ingress': end
[14:00:57.423] [bmv2] [D] [thread 8656] [44.0] [cxt 0] Egress port is 0
[14:00:57.423] [bmv2] [D] [thread 8657] [44.0] [cxt 0] Pipeline 'egress': start
[14:00:57.423] [bmv2] [D] [thread 8657] [44.0] [cxt 0] Pipeline 'egress': end
[14:00:57.423] [bmv2] [D] [thread 8657] [44.0] [cxt 0] Deparser 'deparser': start
[14:00:57.423] [bmv2] [T] [thread 8657] [44.0] [cxt 0] Skipping checksum 'cksum' update because condition not met
[14:00:57.423] [bmv2] [D] [thread 8657] [44.0] [cxt 0] Deparsing header 'ethernet'
[14:00:57.423] [bmv2] [D] [thread 8657] [44.0] [cxt 0] Deparser 'deparser': end
[14:00:57.423] [bmv2] [D] [thread 8661] [44.0] [cxt 0] Transmitting packet of size 70 out of port 0
[14:01:05.622] [bmv2] [D] [thread 8656] [45.0] [cxt 0] Processing packet received on port 1
[14:01:05.622] [bmv2] [D] [thread 8656] [45.0] [cxt 0] Parser 'parser': start
[14:01:05.622] [bmv2] [D] [thread 8656] [45.0] [cxt 0] Parser 'parser' entering state 'start'
[14:01:05.622] [bmv2] [D] [thread 8656] [45.0] [cxt 0] Extracting header 'ethernet'
[14:01:05.622] [bmv2] [D] [thread 8656] [45.0] [cxt 0] Parser state 'start': key is 86dd
[14:01:05.622] [bmv2] [T] [thread 8656] [45.0] [cxt 0] Bytes parsed: 14
[14:01:05.622] [bmv2] [D] [thread 8656] [45.0] [cxt 0] Parser 'parser': end
[14:01:05.622] [bmv2] [D] [thread 8656] [45.0] [cxt 0] Pipeline 'ingress': start
[14:01:05.622] [bmv2] [T] [thread 8656] [45.0] [cxt 0] basic.p4(163) Condition "hdr.tcp.isValid()" (node_2) is false
[14:01:05.622] [bmv2] [D] [thread 8656] [45.0] [cxt 0] Pipeline 'ingress': end
[14:01:05.622] [bmv2] [D] [thread 8656] [45.0] [cxt 0] Egress port is 0
[14:01:05.622] [bmv2] [D] [thread 8657] [45.0] [cxt 0] Pipeline 'egress': start
[14:01:05.622] [bmv2] [D] [thread 8657] [45.0] [cxt 0] Pipeline 'egress': end
[14:01:05.622] [bmv2] [D] [thread 8657] [45.0] [cxt 0] Deparser 'deparser': start
[14:01:05.622] [bmv2] [T] [thread 8657] [45.0] [cxt 0] Skipping checksum 'cksum' update because condition not met
[14:01:05.622] [bmv2] [D] [thread 8657] [45.0] [cxt 0] Deparsing header 'ethernet'
[14:01:05.622] [bmv2] [D] [thread 8657] [45.0] [cxt 0] Deparser 'deparser': end
[14:01:05.622] [bmv2] [D] [thread 8661] [45.0] [cxt 0] Transmitting packet of size 70 out of port 0
[14:01:15.851] [bmv2] [D] [thread 8656] [46.0] [cxt 0] Processing packet received on port 4
[14:01:15.851] [bmv2] [D] [thread 8656] [46.0] [cxt 0] Parser 'parser': start
[14:01:15.851] [bmv2] [D] [thread 8656] [46.0] [cxt 0] Parser 'parser' entering state 'start'
[14:01:15.851] [bmv2] [D] [thread 8656] [46.0] [cxt 0] Extracting header 'ethernet'
[14:01:15.851] [bmv2] [D] [thread 8656] [46.0] [cxt 0] Parser state 'start': key is 86dd
[14:01:15.851] [bmv2] [T] [thread 8656] [46.0] [cxt 0] Bytes parsed: 14
[14:01:15.851] [bmv2] [D] [thread 8656] [46.0] [cxt 0] Parser 'parser': end
[14:01:15.851] [bmv2] [D] [thread 8656] [46.0] [cxt 0] Pipeline 'ingress': start
[14:01:15.851] [bmv2] [T] [thread 8656] [46.0] [cxt 0] basic.p4(163) Condition "hdr.tcp.isValid()" (node_2) is false
[14:01:15.851] [bmv2] [D] [thread 8656] [46.0] [cxt 0] Pipeline 'ingress': end
[14:01:15.851] [bmv2] [D] [thread 8656] [46.0] [cxt 0] Egress port is 0
[14:01:15.851] [bmv2] [D] [thread 8657] [46.0] [cxt 0] Pipeline 'egress': start
[14:01:15.851] [bmv2] [D] [thread 8657] [46.0] [cxt 0] Pipeline 'egress': end
[14:01:15.851] [bmv2] [D] [thread 8657] [46.0] [cxt 0] Deparser 'deparser': start
[14:01:15.851] [bmv2] [T] [thread 8657] [46.0] [cxt 0] Skipping checksum 'cksum' update because condition not met
[14:01:15.851] [bmv2] [D] [thread 8657] [46.0] [cxt 0] Deparsing header 'ethernet'
[14:01:15.851] [bmv2] [D] [thread 8657] [46.0] [cxt 0] Deparser 'deparser': end
[14:01:15.851] [bmv2] [D] [thread 8661] [46.0] [cxt 0] Transmitting packet of size 70 out of port 0
[14:01:17.898] [bmv2] [D] [thread 8656] [47.0] [cxt 0] Processing packet received on port 2
[14:01:17.899] [bmv2] [D] [thread 8656] [47.0] [cxt 0] Parser 'parser': start
[14:01:17.899] [bmv2] [D] [thread 8656] [47.0] [cxt 0] Parser 'parser' entering state 'start'
[14:01:17.899] [bmv2] [D] [thread 8656] [47.0] [cxt 0] Extracting header 'ethernet'
[14:01:17.899] [bmv2] [D] [thread 8656] [47.0] [cxt 0] Parser state 'start': key is 86dd
[14:01:17.899] [bmv2] [T] [thread 8656] [47.0] [cxt 0] Bytes parsed: 14
[14:01:17.899] [bmv2] [D] [thread 8656] [47.0] [cxt 0] Parser 'parser': end
[14:01:17.899] [bmv2] [D] [thread 8656] [47.0] [cxt 0] Pipeline 'ingress': start
[14:01:17.899] [bmv2] [T] [thread 8656] [47.0] [cxt 0] basic.p4(163) Condition "hdr.tcp.isValid()" (node_2) is false
[14:01:17.899] [bmv2] [D] [thread 8656] [47.0] [cxt 0] Pipeline 'ingress': end
[14:01:17.899] [bmv2] [D] [thread 8656] [47.0] [cxt 0] Egress port is 0
[14:01:17.899] [bmv2] [D] [thread 8657] [47.0] [cxt 0] Pipeline 'egress': start
[14:01:17.899] [bmv2] [D] [thread 8657] [47.0] [cxt 0] Pipeline 'egress': end
[14:01:17.899] [bmv2] [D] [thread 8657] [47.0] [cxt 0] Deparser 'deparser': start
[14:01:17.899] [bmv2] [T] [thread 8657] [47.0] [cxt 0] Skipping checksum 'cksum' update because condition not met
[14:01:17.899] [bmv2] [D] [thread 8657] [47.0] [cxt 0] Deparsing header 'ethernet'
[14:01:17.899] [bmv2] [D] [thread 8657] [47.0] [cxt 0] Deparser 'deparser': end
[14:01:17.899] [bmv2] [D] [thread 8661] [47.0] [cxt 0] Transmitting packet of size 70 out of port 0
[14:01:24.043] [bmv2] [D] [thread 8656] [48.0] [cxt 0] Processing packet received on port 4
[14:01:24.043] [bmv2] [D] [thread 8656] [48.0] [cxt 0] Parser 'parser': start
[14:01:24.043] [bmv2] [D] [thread 8656] [48.0] [cxt 0] Parser 'parser' entering state 'start'
[14:01:24.043] [bmv2] [D] [thread 8656] [48.0] [cxt 0] Extracting header 'ethernet'
[14:01:24.043] [bmv2] [D] [thread 8656] [48.0] [cxt 0] Parser state 'start': key is 86dd
[14:01:24.043] [bmv2] [T] [thread 8656] [48.0] [cxt 0] Bytes parsed: 14
[14:01:24.043] [bmv2] [D] [thread 8656] [48.0] [cxt 0] Parser 'parser': end
[14:01:24.043] [bmv2] [D] [thread 8656] [48.0] [cxt 0] Pipeline 'ingress': start
[14:01:24.043] [bmv2] [T] [thread 8656] [48.0] [cxt 0] basic.p4(163) Condition "hdr.tcp.isValid()" (node_2) is false
[14:01:24.043] [bmv2] [D] [thread 8656] [48.0] [cxt 0] Pipeline 'ingress': end
[14:01:24.043] [bmv2] [D] [thread 8656] [48.0] [cxt 0] Egress port is 0
[14:01:24.043] [bmv2] [D] [thread 8657] [48.0] [cxt 0] Pipeline 'egress': start
[14:01:24.043] [bmv2] [D] [thread 8657] [48.0] [cxt 0] Pipeline 'egress': end
[14:01:24.043] [bmv2] [D] [thread 8657] [48.0] [cxt 0] Deparser 'deparser': start
[14:01:24.043] [bmv2] [T] [thread 8657] [48.0] [cxt 0] Skipping checksum 'cksum' update because condition not met
[14:01:24.043] [bmv2] [D] [thread 8657] [48.0] [cxt 0] Deparsing header 'ethernet'
[14:01:24.043] [bmv2] [D] [thread 8657] [48.0] [cxt 0] Deparser 'deparser': end
[14:01:24.043] [bmv2] [D] [thread 8661] [48.0] [cxt 0] Transmitting packet of size 70 out of port 0
[14:01:36.332] [bmv2] [D] [thread 8656] [49.0] [cxt 0] Processing packet received on port 3
[14:01:36.332] [bmv2] [D] [thread 8656] [49.0] [cxt 0] Parser 'parser': start
[14:01:36.332] [bmv2] [D] [thread 8656] [49.0] [cxt 0] Parser 'parser' entering state 'start'
[14:01:36.332] [bmv2] [D] [thread 8656] [49.0] [cxt 0] Extracting header 'ethernet'
[14:01:36.332] [bmv2] [D] [thread 8656] [49.0] [cxt 0] Parser state 'start': key is 86dd
[14:01:36.332] [bmv2] [T] [thread 8656] [49.0] [cxt 0] Bytes parsed: 14
[14:01:36.332] [bmv2] [D] [thread 8656] [49.0] [cxt 0] Parser 'parser': end
[14:01:36.332] [bmv2] [D] [thread 8656] [49.0] [cxt 0] Pipeline 'ingress': start
[14:01:36.332] [bmv2] [T] [thread 8656] [49.0] [cxt 0] basic.p4(163) Condition "hdr.tcp.isValid()" (node_2) is false
[14:01:36.332] [bmv2] [D] [thread 8656] [49.0] [cxt 0] Pipeline 'ingress': end
[14:01:36.332] [bmv2] [D] [thread 8656] [49.0] [cxt 0] Egress port is 0
[14:01:36.332] [bmv2] [D] [thread 8657] [49.0] [cxt 0] Pipeline 'egress': start
[14:01:36.332] [bmv2] [D] [thread 8657] [49.0] [cxt 0] Pipeline 'egress': end
[14:01:36.332] [bmv2] [D] [thread 8657] [49.0] [cxt 0] Deparser 'deparser': start
[14:01:36.332] [bmv2] [T] [thread 8657] [49.0] [cxt 0] Skipping checksum 'cksum' update because condition not met
[14:01:36.332] [bmv2] [D] [thread 8657] [49.0] [cxt 0] Deparsing header 'ethernet'
[14:01:36.332] [bmv2] [D] [thread 8657] [49.0] [cxt 0] Deparser 'deparser': end
[14:01:36.332] [bmv2] [D] [thread 8661] [49.0] [cxt 0] Transmitting packet of size 70 out of port 0
open: No such file or directory
open: No such file or directory
open: No such file or directory
