Calling target program-options parser
[13:59:08.490] [bmv2] [D] [thread 8664] Set default default entry for table 'MyIngress.ipv4_lpm': NoAction - 
[13:59:08.490] [bmv2] [D] [thread 8664] Set default default entry for table 'tbl_drop': MyIngress.drop - 
Adding interface s3-eth1 as port 1
[13:59:08.490] [bmv2] [D] [thread 8664] Adding interface s3-eth1 as port 1
Adding interface s3-eth2 as port 2
[13:59:08.523] [bmv2] [D] [thread 8664] Adding interface s3-eth2 as port 2
Server listening on 0.0.0.0:50053
[13:59:08.560] [bmv2] [I] [thread 8664] Starting Thrift server on port 9092
[13:59:08.560] [bmv2] [I] [thread 8664] Thrift server was started
[13:59:09.099] [bmv2] [D] [thread 8674] [0.0] [cxt 0] Processing packet received on port 1
[13:59:09.099] [bmv2] [D] [thread 8674] [0.0] [cxt 0] Parser 'parser': start
[13:59:09.099] [bmv2] [D] [thread 8674] [0.0] [cxt 0] Parser 'parser' entering state 'start'
[13:59:09.099] [bmv2] [D] [thread 8674] [0.0] [cxt 0] Extracting header 'ethernet'
[13:59:09.099] [bmv2] [D] [thread 8674] [0.0] [cxt 0] Parser state 'start': key is 86dd
[13:59:09.099] [bmv2] [T] [thread 8674] [0.0] [cxt 0] Bytes parsed: 14
[13:59:09.099] [bmv2] [D] [thread 8674] [0.0] [cxt 0] Parser 'parser': end
[13:59:09.099] [bmv2] [D] [thread 8674] [0.0] [cxt 0] Pipeline 'ingress': start
[13:59:09.099] [bmv2] [T] [thread 8674] [0.0] [cxt 0] basic.p4(163) Condition "hdr.tcp.isValid()" (node_2) is false
[13:59:09.099] [bmv2] [D] [thread 8674] [0.0] [cxt 0] Pipeline 'ingress': end
[13:59:09.099] [bmv2] [D] [thread 8674] [0.0] [cxt 0] Egress port is 0
[13:59:09.099] [bmv2] [D] [thread 8675] [0.0] [cxt 0] Pipeline 'egress': start
[13:59:09.099] [bmv2] [D] [thread 8675] [0.0] [cxt 0] Pipeline 'egress': end
[13:59:09.099] [bmv2] [D] [thread 8675] [0.0] [cxt 0] Deparser 'deparser': start
[13:59:09.099] [bmv2] [T] [thread 8675] [0.0] [cxt 0] Skipping checksum 'cksum' update because condition not met
[13:59:09.099] [bmv2] [D] [thread 8675] [0.0] [cxt 0] Deparsing header 'ethernet'
[13:59:09.099] [bmv2] [D] [thread 8675] [0.0] [cxt 0] Deparser 'deparser': end
[13:59:09.099] [bmv2] [D] [thread 8679] [0.0] [cxt 0] Transmitting packet of size 90 out of port 0
[13:59:09.226] [bmv2] [D] [thread 8674] [1.0] [cxt 0] Processing packet received on port 2
[13:59:09.226] [bmv2] [D] [thread 8674] [1.0] [cxt 0] Parser 'parser': start
[13:59:09.226] [bmv2] [D] [thread 8674] [1.0] [cxt 0] Parser 'parser' entering state 'start'
[13:59:09.226] [bmv2] [D] [thread 8674] [1.0] [cxt 0] Extracting header 'ethernet'
[13:59:09.226] [bmv2] [D] [thread 8674] [1.0] [cxt 0] Parser state 'start': key is 86dd
[13:59:09.226] [bmv2] [T] [thread 8674] [1.0] [cxt 0] Bytes parsed: 14
[13:59:09.226] [bmv2] [D] [thread 8674] [1.0] [cxt 0] Parser 'parser': end
[13:59:09.226] [bmv2] [D] [thread 8674] [1.0] [cxt 0] Pipeline 'ingress': start
[13:59:09.226] [bmv2] [T] [thread 8674] [1.0] [cxt 0] basic.p4(163) Condition "hdr.tcp.isValid()" (node_2) is false
[13:59:09.226] [bmv2] [D] [thread 8674] [1.0] [cxt 0] Pipeline 'ingress': end
[13:59:09.226] [bmv2] [D] [thread 8674] [1.0] [cxt 0] Egress port is 0
[13:59:09.226] [bmv2] [D] [thread 8675] [1.0] [cxt 0] Pipeline 'egress': start
[13:59:09.226] [bmv2] [D] [thread 8675] [1.0] [cxt 0] Pipeline 'egress': end
[13:59:09.226] [bmv2] [D] [thread 8675] [1.0] [cxt 0] Deparser 'deparser': start
[13:59:09.226] [bmv2] [T] [thread 8675] [1.0] [cxt 0] Skipping checksum 'cksum' update because condition not met
[13:59:09.226] [bmv2] [D] [thread 8675] [1.0] [cxt 0] Deparsing header 'ethernet'
[13:59:09.226] [bmv2] [D] [thread 8675] [1.0] [cxt 0] Deparser 'deparser': end
[13:59:09.226] [bmv2] [D] [thread 8679] [1.0] [cxt 0] Transmitting packet of size 90 out of port 0
[13:59:10.612] [bmv2] [W] [thread 8727] [P4Runtime] p4::tmp::P4DeviceConfig is deprecated
[13:59:10.614] [bmv2] [D] [thread 8727] Set default default entry for table 'MyIngress.ipv4_lpm': NoAction - 
[13:59:10.614] [bmv2] [D] [thread 8727] Set default default entry for table 'tbl_drop': MyIngress.drop - 
[13:59:10.616] [bmv2] [D] [thread 8727] simple_switch target has been notified of a config swap
[13:59:10.619] [bmv2] [D] [thread 8728] Set default entry for table 'MyIngress.ipv4_lpm': MyIngress.drop - 
[13:59:10.620] [bmv2] [D] [thread 8727] Entry 0 added to table 'MyIngress.ipv4_lpm'
[13:59:10.620] [bmv2] [D] [thread 8727] Dumping entry 0
Match key:
* hdr.ipv4.dstAddr    : LPM       0a000101/32
Action entry: MyIngress.ipv4_forward - 80000000100,1,

[13:59:10.620] [bmv2] [D] [thread 8728] Entry 1 added to table 'MyIngress.ipv4_lpm'
[13:59:10.621] [bmv2] [D] [thread 8728] Dumping entry 1
Match key:
* hdr.ipv4.dstAddr    : LPM       0a000202/32
Action entry: MyIngress.ipv4_forward - 80000000100,1,

[13:59:10.622] [bmv2] [D] [thread 8727] Entry 2 added to table 'MyIngress.ipv4_lpm'
[13:59:10.622] [bmv2] [D] [thread 8727] Dumping entry 2
Match key:
* hdr.ipv4.dstAddr    : LPM       0a000303/32
Action entry: MyIngress.ipv4_forward - 80000000200,2,

[13:59:10.623] [bmv2] [D] [thread 8728] Entry 3 added to table 'MyIngress.ipv4_lpm'
[13:59:10.623] [bmv2] [D] [thread 8728] Dumping entry 3
Match key:
* hdr.ipv4.dstAddr    : LPM       0a000404/32
Action entry: MyIngress.ipv4_forward - 80000000200,2,

[13:59:12.203] [bmv2] [D] [thread 8674] [2.0] [cxt 0] Processing packet received on port 1
[13:59:12.203] [bmv2] [D] [thread 8674] [2.0] [cxt 0] Parser 'parser': start
[13:59:12.203] [bmv2] [D] [thread 8674] [2.0] [cxt 0] Parser 'parser' entering state 'start'
[13:59:12.203] [bmv2] [D] [thread 8674] [2.0] [cxt 0] Extracting header 'ethernet'
[13:59:12.203] [bmv2] [D] [thread 8674] [2.0] [cxt 0] Parser state 'start': key is 86dd
[13:59:12.203] [bmv2] [T] [thread 8674] [2.0] [cxt 0] Bytes parsed: 14
[13:59:12.203] [bmv2] [D] [thread 8674] [2.0] [cxt 0] Parser 'parser': end
[13:59:12.203] [bmv2] [D] [thread 8674] [2.0] [cxt 0] Pipeline 'ingress': start
[13:59:12.203] [bmv2] [T] [thread 8674] [2.0] [cxt 0] basic.p4(163) Condition "hdr.tcp.isValid()" (node_2) is false
[13:59:12.203] [bmv2] [D] [thread 8674] [2.0] [cxt 0] Pipeline 'ingress': end
[13:59:12.203] [bmv2] [D] [thread 8674] [2.0] [cxt 0] Egress port is 0
[13:59:12.203] [bmv2] [D] [thread 8674] [3.0] [cxt 0] Processing packet received on port 1
[13:59:12.203] [bmv2] [D] [thread 8674] [3.0] [cxt 0] Parser 'parser': start
[13:59:12.203] [bmv2] [D] [thread 8674] [3.0] [cxt 0] Parser 'parser' entering state 'start'
[13:59:12.203] [bmv2] [D] [thread 8674] [3.0] [cxt 0] Extracting header 'ethernet'
[13:59:12.203] [bmv2] [D] [thread 8674] [3.0] [cxt 0] Parser state 'start': key is 86dd
[13:59:12.203] [bmv2] [T] [thread 8674] [3.0] [cxt 0] Bytes parsed: 14
[13:59:12.203] [bmv2] [D] [thread 8674] [3.0] [cxt 0] Parser 'parser': end
[13:59:12.203] [bmv2] [D] [thread 8674] [3.0] [cxt 0] Pipeline 'ingress': start
[13:59:12.203] [bmv2] [T] [thread 8674] [3.0] [cxt 0] basic.p4(163) Condition "hdr.tcp.isValid()" (node_2) is false
[13:59:12.203] [bmv2] [D] [thread 8674] [3.0] [cxt 0] Pipeline 'ingress': end
[13:59:12.203] [bmv2] [D] [thread 8674] [3.0] [cxt 0] Egress port is 0
[13:59:12.203] [bmv2] [D] [thread 8675] [2.0] [cxt 0] Pipeline 'egress': start
[13:59:12.203] [bmv2] [D] [thread 8675] [2.0] [cxt 0] Pipeline 'egress': end
[13:59:12.203] [bmv2] [D] [thread 8675] [2.0] [cxt 0] Deparser 'deparser': start
[13:59:12.203] [bmv2] [T] [thread 8675] [2.0] [cxt 0] Skipping checksum 'cksum' update because condition not met
[13:59:12.203] [bmv2] [D] [thread 8675] [2.0] [cxt 0] Deparsing header 'ethernet'
[13:59:12.203] [bmv2] [D] [thread 8675] [2.0] [cxt 0] Deparser 'deparser': end
[13:59:12.203] [bmv2] [D] [thread 8675] [3.0] [cxt 0] Pipeline 'egress': start
[13:59:12.203] [bmv2] [D] [thread 8675] [3.0] [cxt 0] Pipeline 'egress': end
[13:59:12.203] [bmv2] [D] [thread 8675] [3.0] [cxt 0] Deparser 'deparser': start
[13:59:12.203] [bmv2] [T] [thread 8675] [3.0] [cxt 0] Skipping checksum 'cksum' update because condition not met
[13:59:12.203] [bmv2] [D] [thread 8675] [3.0] [cxt 0] Deparsing header 'ethernet'
[13:59:12.203] [bmv2] [D] [thread 8675] [3.0] [cxt 0] Deparser 'deparser': end
[13:59:12.203] [bmv2] [D] [thread 8679] [2.0] [cxt 0] Transmitting packet of size 70 out of port 0
[13:59:12.203] [bmv2] [D] [thread 8679] [3.0] [cxt 0] Transmitting packet of size 70 out of port 0
[13:59:12.459] [bmv2] [D] [thread 8674] [4.0] [cxt 0] Processing packet received on port 2
[13:59:12.459] [bmv2] [D] [thread 8674] [4.0] [cxt 0] Parser 'parser': start
[13:59:12.459] [bmv2] [D] [thread 8674] [4.0] [cxt 0] Parser 'parser' entering state 'start'
[13:59:12.459] [bmv2] [D] [thread 8674] [4.0] [cxt 0] Extracting header 'ethernet'
[13:59:12.459] [bmv2] [D] [thread 8674] [4.0] [cxt 0] Parser state 'start': key is 86dd
[13:59:12.459] [bmv2] [T] [thread 8674] [4.0] [cxt 0] Bytes parsed: 14
[13:59:12.459] [bmv2] [D] [thread 8674] [4.0] [cxt 0] Parser 'parser': end
[13:59:12.459] [bmv2] [D] [thread 8674] [4.0] [cxt 0] Pipeline 'ingress': start
[13:59:12.459] [bmv2] [T] [thread 8674] [4.0] [cxt 0] basic.p4(163) Condition "hdr.tcp.isValid()" (node_2) is false
[13:59:12.459] [bmv2] [D] [thread 8674] [4.0] [cxt 0] Pipeline 'ingress': end
[13:59:12.459] [bmv2] [D] [thread 8674] [4.0] [cxt 0] Egress port is 0
[13:59:12.459] [bmv2] [D] [thread 8675] [4.0] [cxt 0] Pipeline 'egress': start
[13:59:12.459] [bmv2] [D] [thread 8675] [4.0] [cxt 0] Pipeline 'egress': end
[13:59:12.459] [bmv2] [D] [thread 8675] [4.0] [cxt 0] Deparser 'deparser': start
[13:59:12.459] [bmv2] [T] [thread 8675] [4.0] [cxt 0] Skipping checksum 'cksum' update because condition not met
[13:59:12.459] [bmv2] [D] [thread 8675] [4.0] [cxt 0] Deparsing header 'ethernet'
[13:59:12.459] [bmv2] [D] [thread 8675] [4.0] [cxt 0] Deparser 'deparser': end
[13:59:12.459] [bmv2] [D] [thread 8679] [4.0] [cxt 0] Transmitting packet of size 70 out of port 0
[13:59:12.714] [bmv2] [D] [thread 8674] [5.0] [cxt 0] Processing packet received on port 2
[13:59:12.714] [bmv2] [D] [thread 8674] [5.0] [cxt 0] Parser 'parser': start
[13:59:12.714] [bmv2] [D] [thread 8674] [5.0] [cxt 0] Parser 'parser' entering state 'start'
[13:59:12.714] [bmv2] [D] [thread 8674] [5.0] [cxt 0] Extracting header 'ethernet'
[13:59:12.714] [bmv2] [D] [thread 8674] [5.0] [cxt 0] Parser state 'start': key is 86dd
[13:59:12.714] [bmv2] [T] [thread 8674] [5.0] [cxt 0] Bytes parsed: 14
[13:59:12.714] [bmv2] [D] [thread 8674] [5.0] [cxt 0] Parser 'parser': end
[13:59:12.714] [bmv2] [D] [thread 8674] [5.0] [cxt 0] Pipeline 'ingress': start
[13:59:12.714] [bmv2] [T] [thread 8674] [5.0] [cxt 0] basic.p4(163) Condition "hdr.tcp.isValid()" (node_2) is false
[13:59:12.714] [bmv2] [D] [thread 8674] [5.0] [cxt 0] Pipeline 'ingress': end
[13:59:12.714] [bmv2] [D] [thread 8674] [5.0] [cxt 0] Egress port is 0
[13:59:12.714] [bmv2] [D] [thread 8675] [5.0] [cxt 0] Pipeline 'egress': start
[13:59:12.714] [bmv2] [D] [thread 8675] [5.0] [cxt 0] Pipeline 'egress': end
[13:59:12.714] [bmv2] [D] [thread 8675] [5.0] [cxt 0] Deparser 'deparser': start
[13:59:12.714] [bmv2] [T] [thread 8675] [5.0] [cxt 0] Skipping checksum 'cksum' update because condition not met
[13:59:12.714] [bmv2] [D] [thread 8675] [5.0] [cxt 0] Deparsing header 'ethernet'
[13:59:12.714] [bmv2] [D] [thread 8675] [5.0] [cxt 0] Deparser 'deparser': end
[13:59:12.714] [bmv2] [D] [thread 8679] [5.0] [cxt 0] Transmitting packet of size 70 out of port 0
[13:59:19.779] [bmv2] [D] [thread 8674] [6.0] [cxt 0] Processing packet received on port 1
[13:59:19.779] [bmv2] [D] [thread 8674] [6.0] [cxt 0] Parser 'parser': start
[13:59:19.779] [bmv2] [D] [thread 8674] [6.0] [cxt 0] Parser 'parser' entering state 'start'
[13:59:19.779] [bmv2] [D] [thread 8674] [6.0] [cxt 0] Extracting header 'ethernet'
[13:59:19.779] [bmv2] [D] [thread 8674] [6.0] [cxt 0] Parser state 'start': key is 86dd
[13:59:19.779] [bmv2] [T] [thread 8674] [6.0] [cxt 0] Bytes parsed: 14
[13:59:19.779] [bmv2] [D] [thread 8674] [6.0] [cxt 0] Parser 'parser': end
[13:59:19.779] [bmv2] [D] [thread 8674] [6.0] [cxt 0] Pipeline 'ingress': start
[13:59:19.779] [bmv2] [T] [thread 8674] [6.0] [cxt 0] basic.p4(163) Condition "hdr.tcp.isValid()" (node_2) is false
[13:59:19.779] [bmv2] [D] [thread 8674] [6.0] [cxt 0] Pipeline 'ingress': end
[13:59:19.779] [bmv2] [D] [thread 8674] [6.0] [cxt 0] Egress port is 0
[13:59:19.779] [bmv2] [D] [thread 8674] [7.0] [cxt 0] Processing packet received on port 1
[13:59:19.779] [bmv2] [D] [thread 8674] [7.0] [cxt 0] Parser 'parser': start
[13:59:19.779] [bmv2] [D] [thread 8674] [7.0] [cxt 0] Parser 'parser' entering state 'start'
[13:59:19.779] [bmv2] [D] [thread 8674] [7.0] [cxt 0] Extracting header 'ethernet'
[13:59:19.779] [bmv2] [D] [thread 8674] [7.0] [cxt 0] Parser state 'start': key is 86dd
[13:59:19.779] [bmv2] [T] [thread 8674] [7.0] [cxt 0] Bytes parsed: 14
[13:59:19.779] [bmv2] [D] [thread 8674] [7.0] [cxt 0] Parser 'parser': end
[13:59:19.779] [bmv2] [D] [thread 8674] [7.0] [cxt 0] Pipeline 'ingress': start
[13:59:19.779] [bmv2] [T] [thread 8674] [7.0] [cxt 0] basic.p4(163) Condition "hdr.tcp.isValid()" (node_2) is false
[13:59:19.779] [bmv2] [D] [thread 8674] [7.0] [cxt 0] Pipeline 'ingress': end
[13:59:19.779] [bmv2] [D] [thread 8674] [7.0] [cxt 0] Egress port is 0
[13:59:19.779] [bmv2] [D] [thread 8675] [6.0] [cxt 0] Pipeline 'egress': start
[13:59:19.779] [bmv2] [D] [thread 8675] [6.0] [cxt 0] Pipeline 'egress': end
[13:59:19.779] [bmv2] [D] [thread 8675] [6.0] [cxt 0] Deparser 'deparser': start
[13:59:19.779] [bmv2] [T] [thread 8675] [6.0] [cxt 0] Skipping checksum 'cksum' update because condition not met
[13:59:19.779] [bmv2] [D] [thread 8675] [6.0] [cxt 0] Deparsing header 'ethernet'
[13:59:19.779] [bmv2] [D] [thread 8675] [6.0] [cxt 0] Deparser 'deparser': end
[13:59:19.779] [bmv2] [D] [thread 8675] [7.0] [cxt 0] Pipeline 'egress': start
[13:59:19.779] [bmv2] [D] [thread 8675] [7.0] [cxt 0] Pipeline 'egress': end
[13:59:19.779] [bmv2] [D] [thread 8675] [7.0] [cxt 0] Deparser 'deparser': start
[13:59:19.779] [bmv2] [T] [thread 8675] [7.0] [cxt 0] Skipping checksum 'cksum' update because condition not met
[13:59:19.779] [bmv2] [D] [thread 8675] [7.0] [cxt 0] Deparsing header 'ethernet'
[13:59:19.779] [bmv2] [D] [thread 8675] [7.0] [cxt 0] Deparser 'deparser': end
[13:59:19.779] [bmv2] [D] [thread 8679] [6.0] [cxt 0] Transmitting packet of size 70 out of port 0
[13:59:19.779] [bmv2] [D] [thread 8679] [7.0] [cxt 0] Transmitting packet of size 70 out of port 0
[13:59:20.650] [bmv2] [D] [thread 8674] [8.0] [cxt 0] Processing packet received on port 2
[13:59:20.650] [bmv2] [D] [thread 8674] [8.0] [cxt 0] Parser 'parser': start
[13:59:20.650] [bmv2] [D] [thread 8674] [8.0] [cxt 0] Parser 'parser' entering state 'start'
[13:59:20.650] [bmv2] [D] [thread 8674] [8.0] [cxt 0] Extracting header 'ethernet'
[13:59:20.650] [bmv2] [D] [thread 8674] [8.0] [cxt 0] Parser state 'start': key is 86dd
[13:59:20.650] [bmv2] [T] [thread 8674] [8.0] [cxt 0] Bytes parsed: 14
[13:59:20.650] [bmv2] [D] [thread 8674] [8.0] [cxt 0] Parser 'parser': end
[13:59:20.650] [bmv2] [D] [thread 8674] [8.0] [cxt 0] Pipeline 'ingress': start
[13:59:20.650] [bmv2] [T] [thread 8674] [8.0] [cxt 0] basic.p4(163) Condition "hdr.tcp.isValid()" (node_2) is false
[13:59:20.650] [bmv2] [D] [thread 8674] [8.0] [cxt 0] Pipeline 'ingress': end
[13:59:20.650] [bmv2] [D] [thread 8674] [8.0] [cxt 0] Egress port is 0
[13:59:20.650] [bmv2] [D] [thread 8675] [8.0] [cxt 0] Pipeline 'egress': start
[13:59:20.650] [bmv2] [D] [thread 8675] [8.0] [cxt 0] Pipeline 'egress': end
[13:59:20.650] [bmv2] [D] [thread 8675] [8.0] [cxt 0] Deparser 'deparser': start
[13:59:20.650] [bmv2] [T] [thread 8675] [8.0] [cxt 0] Skipping checksum 'cksum' update because condition not met
[13:59:20.650] [bmv2] [D] [thread 8675] [8.0] [cxt 0] Deparsing header 'ethernet'
[13:59:20.650] [bmv2] [D] [thread 8675] [8.0] [cxt 0] Deparser 'deparser': end
[13:59:20.650] [bmv2] [D] [thread 8679] [8.0] [cxt 0] Transmitting packet of size 70 out of port 0
[13:59:21.418] [bmv2] [D] [thread 8674] [9.0] [cxt 0] Processing packet received on port 2
[13:59:21.418] [bmv2] [D] [thread 8674] [9.0] [cxt 0] Parser 'parser': start
[13:59:21.418] [bmv2] [D] [thread 8674] [9.0] [cxt 0] Parser 'parser' entering state 'start'
[13:59:21.418] [bmv2] [D] [thread 8674] [9.0] [cxt 0] Extracting header 'ethernet'
[13:59:21.418] [bmv2] [D] [thread 8674] [9.0] [cxt 0] Parser state 'start': key is 86dd
[13:59:21.418] [bmv2] [T] [thread 8674] [9.0] [cxt 0] Bytes parsed: 14
[13:59:21.418] [bmv2] [D] [thread 8674] [9.0] [cxt 0] Parser 'parser': end
[13:59:21.418] [bmv2] [D] [thread 8674] [9.0] [cxt 0] Pipeline 'ingress': start
[13:59:21.418] [bmv2] [T] [thread 8674] [9.0] [cxt 0] basic.p4(163) Condition "hdr.tcp.isValid()" (node_2) is false
[13:59:21.418] [bmv2] [D] [thread 8674] [9.0] [cxt 0] Pipeline 'ingress': end
[13:59:21.418] [bmv2] [D] [thread 8674] [9.0] [cxt 0] Egress port is 0
[13:59:21.418] [bmv2] [D] [thread 8675] [9.0] [cxt 0] Pipeline 'egress': start
[13:59:21.418] [bmv2] [D] [thread 8675] [9.0] [cxt 0] Pipeline 'egress': end
[13:59:21.418] [bmv2] [D] [thread 8675] [9.0] [cxt 0] Deparser 'deparser': start
[13:59:21.418] [bmv2] [T] [thread 8675] [9.0] [cxt 0] Skipping checksum 'cksum' update because condition not met
[13:59:21.418] [bmv2] [D] [thread 8675] [9.0] [cxt 0] Deparsing header 'ethernet'
[13:59:21.418] [bmv2] [D] [thread 8675] [9.0] [cxt 0] Deparser 'deparser': end
[13:59:21.418] [bmv2] [D] [thread 8679] [9.0] [cxt 0] Transmitting packet of size 70 out of port 0
[13:59:34.730] [bmv2] [D] [thread 8674] [10.0] [cxt 0] Processing packet received on port 1
[13:59:34.730] [bmv2] [D] [thread 8674] [10.0] [cxt 0] Parser 'parser': start
[13:59:34.730] [bmv2] [D] [thread 8674] [10.0] [cxt 0] Parser 'parser' entering state 'start'
[13:59:34.730] [bmv2] [D] [thread 8674] [10.0] [cxt 0] Extracting header 'ethernet'
[13:59:34.730] [bmv2] [D] [thread 8674] [10.0] [cxt 0] Parser state 'start': key is 86dd
[13:59:34.730] [bmv2] [T] [thread 8674] [10.0] [cxt 0] Bytes parsed: 14
[13:59:34.730] [bmv2] [D] [thread 8674] [10.0] [cxt 0] Parser 'parser': end
[13:59:34.730] [bmv2] [D] [thread 8674] [10.0] [cxt 0] Pipeline 'ingress': start
[13:59:34.730] [bmv2] [T] [thread 8674] [10.0] [cxt 0] basic.p4(163) Condition "hdr.tcp.isValid()" (node_2) is false
[13:59:34.730] [bmv2] [D] [thread 8674] [10.0] [cxt 0] Pipeline 'ingress': end
[13:59:34.730] [bmv2] [D] [thread 8674] [10.0] [cxt 0] Egress port is 0
[13:59:34.730] [bmv2] [D] [thread 8675] [10.0] [cxt 0] Pipeline 'egress': start
[13:59:34.730] [bmv2] [D] [thread 8675] [10.0] [cxt 0] Pipeline 'egress': end
[13:59:34.730] [bmv2] [D] [thread 8675] [10.0] [cxt 0] Deparser 'deparser': start
[13:59:34.730] [bmv2] [T] [thread 8675] [10.0] [cxt 0] Skipping checksum 'cksum' update because condition not met
[13:59:34.730] [bmv2] [D] [thread 8675] [10.0] [cxt 0] Deparsing header 'ethernet'
[13:59:34.730] [bmv2] [D] [thread 8675] [10.0] [cxt 0] Deparser 'deparser': end
[13:59:34.730] [bmv2] [D] [thread 8679] [10.0] [cxt 0] Transmitting packet of size 70 out of port 0
[13:59:34.989] [bmv2] [D] [thread 8674] [11.0] [cxt 0] Processing packet received on port 1
[13:59:34.989] [bmv2] [D] [thread 8674] [11.0] [cxt 0] Parser 'parser': start
[13:59:34.989] [bmv2] [D] [thread 8674] [11.0] [cxt 0] Parser 'parser' entering state 'start'
[13:59:34.989] [bmv2] [D] [thread 8674] [11.0] [cxt 0] Extracting header 'ethernet'
[13:59:34.989] [bmv2] [D] [thread 8674] [11.0] [cxt 0] Parser state 'start': key is 86dd
[13:59:34.989] [bmv2] [T] [thread 8674] [11.0] [cxt 0] Bytes parsed: 14
[13:59:34.989] [bmv2] [D] [thread 8674] [11.0] [cxt 0] Parser 'parser': end
[13:59:34.989] [bmv2] [D] [thread 8674] [11.0] [cxt 0] Pipeline 'ingress': start
[13:59:34.989] [bmv2] [T] [thread 8674] [11.0] [cxt 0] basic.p4(163) Condition "hdr.tcp.isValid()" (node_2) is false
[13:59:34.989] [bmv2] [D] [thread 8674] [11.0] [cxt 0] Pipeline 'ingress': end
[13:59:34.989] [bmv2] [D] [thread 8674] [11.0] [cxt 0] Egress port is 0
[13:59:34.989] [bmv2] [D] [thread 8675] [11.0] [cxt 0] Pipeline 'egress': start
[13:59:34.989] [bmv2] [D] [thread 8675] [11.0] [cxt 0] Pipeline 'egress': end
[13:59:34.989] [bmv2] [D] [thread 8675] [11.0] [cxt 0] Deparser 'deparser': start
[13:59:34.989] [bmv2] [T] [thread 8675] [11.0] [cxt 0] Skipping checksum 'cksum' update because condition not met
[13:59:34.989] [bmv2] [D] [thread 8675] [11.0] [cxt 0] Deparsing header 'ethernet'
[13:59:34.989] [bmv2] [D] [thread 8675] [11.0] [cxt 0] Deparser 'deparser': end
[13:59:34.989] [bmv2] [D] [thread 8679] [11.0] [cxt 0] Transmitting packet of size 70 out of port 0
[13:59:36.523] [bmv2] [D] [thread 8674] [12.0] [cxt 0] Processing packet received on port 2
[13:59:36.523] [bmv2] [D] [thread 8674] [12.0] [cxt 0] Parser 'parser': start
[13:59:36.523] [bmv2] [D] [thread 8674] [12.0] [cxt 0] Parser 'parser' entering state 'start'
[13:59:36.523] [bmv2] [D] [thread 8674] [12.0] [cxt 0] Extracting header 'ethernet'
[13:59:36.523] [bmv2] [D] [thread 8674] [12.0] [cxt 0] Parser state 'start': key is 86dd
[13:59:36.523] [bmv2] [T] [thread 8674] [12.0] [cxt 0] Bytes parsed: 14
[13:59:36.523] [bmv2] [D] [thread 8674] [12.0] [cxt 0] Parser 'parser': end
[13:59:36.523] [bmv2] [D] [thread 8674] [12.0] [cxt 0] Pipeline 'ingress': start
[13:59:36.523] [bmv2] [T] [thread 8674] [12.0] [cxt 0] basic.p4(163) Condition "hdr.tcp.isValid()" (node_2) is false
[13:59:36.523] [bmv2] [D] [thread 8674] [12.0] [cxt 0] Pipeline 'ingress': end
[13:59:36.523] [bmv2] [D] [thread 8674] [12.0] [cxt 0] Egress port is 0
[13:59:36.523] [bmv2] [D] [thread 8675] [12.0] [cxt 0] Pipeline 'egress': start
[13:59:36.523] [bmv2] [D] [thread 8675] [12.0] [cxt 0] Pipeline 'egress': end
[13:59:36.523] [bmv2] [D] [thread 8675] [12.0] [cxt 0] Deparser 'deparser': start
[13:59:36.523] [bmv2] [T] [thread 8675] [12.0] [cxt 0] Skipping checksum 'cksum' update because condition not met
[13:59:36.523] [bmv2] [D] [thread 8675] [12.0] [cxt 0] Deparsing header 'ethernet'
[13:59:36.523] [bmv2] [D] [thread 8675] [12.0] [cxt 0] Deparser 'deparser': end
[13:59:36.523] [bmv2] [D] [thread 8679] [12.0] [cxt 0] Transmitting packet of size 70 out of port 0
[13:59:39.594] [bmv2] [D] [thread 8674] [13.0] [cxt 0] Processing packet received on port 2
[13:59:39.594] [bmv2] [D] [thread 8674] [13.0] [cxt 0] Parser 'parser': start
[13:59:39.594] [bmv2] [D] [thread 8674] [13.0] [cxt 0] Parser 'parser' entering state 'start'
[13:59:39.594] [bmv2] [D] [thread 8674] [13.0] [cxt 0] Extracting header 'ethernet'
[13:59:39.594] [bmv2] [D] [thread 8674] [13.0] [cxt 0] Parser state 'start': key is 86dd
[13:59:39.594] [bmv2] [T] [thread 8674] [13.0] [cxt 0] Bytes parsed: 14
[13:59:39.594] [bmv2] [D] [thread 8674] [13.0] [cxt 0] Parser 'parser': end
[13:59:39.594] [bmv2] [D] [thread 8674] [13.0] [cxt 0] Pipeline 'ingress': start
[13:59:39.594] [bmv2] [T] [thread 8674] [13.0] [cxt 0] basic.p4(163) Condition "hdr.tcp.isValid()" (node_2) is false
[13:59:39.594] [bmv2] [D] [thread 8674] [13.0] [cxt 0] Pipeline 'ingress': end
[13:59:39.594] [bmv2] [D] [thread 8674] [13.0] [cxt 0] Egress port is 0
[13:59:39.594] [bmv2] [D] [thread 8675] [13.0] [cxt 0] Pipeline 'egress': start
[13:59:39.594] [bmv2] [D] [thread 8675] [13.0] [cxt 0] Pipeline 'egress': end
[13:59:39.594] [bmv2] [D] [thread 8675] [13.0] [cxt 0] Deparser 'deparser': start
[13:59:39.594] [bmv2] [T] [thread 8675] [13.0] [cxt 0] Skipping checksum 'cksum' update because condition not met
[13:59:39.594] [bmv2] [D] [thread 8675] [13.0] [cxt 0] Deparsing header 'ethernet'
[13:59:39.594] [bmv2] [D] [thread 8675] [13.0] [cxt 0] Deparser 'deparser': end
[13:59:39.594] [bmv2] [D] [thread 8679] [13.0] [cxt 0] Transmitting packet of size 70 out of port 0
[14:00:04.170] [bmv2] [D] [thread 8674] [14.0] [cxt 0] Processing packet received on port 1
[14:00:04.170] [bmv2] [D] [thread 8674] [14.0] [cxt 0] Parser 'parser': start
[14:00:04.170] [bmv2] [D] [thread 8674] [14.0] [cxt 0] Parser 'parser' entering state 'start'
[14:00:04.170] [bmv2] [D] [thread 8674] [14.0] [cxt 0] Extracting header 'ethernet'
[14:00:04.170] [bmv2] [D] [thread 8674] [14.0] [cxt 0] Parser state 'start': key is 86dd
[14:00:04.171] [bmv2] [T] [thread 8674] [14.0] [cxt 0] Bytes parsed: 14
[14:00:04.171] [bmv2] [D] [thread 8674] [14.0] [cxt 0] Parser 'parser': end
[14:00:04.171] [bmv2] [D] [thread 8674] [14.0] [cxt 0] Pipeline 'ingress': start
[14:00:04.171] [bmv2] [T] [thread 8674] [14.0] [cxt 0] basic.p4(163) Condition "hdr.tcp.isValid()" (node_2) is false
[14:00:04.171] [bmv2] [D] [thread 8674] [14.0] [cxt 0] Pipeline 'ingress': end
[14:00:04.171] [bmv2] [D] [thread 8674] [14.0] [cxt 0] Egress port is 0
[14:00:04.171] [bmv2] [D] [thread 8675] [14.0] [cxt 0] Pipeline 'egress': start
[14:00:04.171] [bmv2] [D] [thread 8675] [14.0] [cxt 0] Pipeline 'egress': end
[14:00:04.171] [bmv2] [D] [thread 8675] [14.0] [cxt 0] Deparser 'deparser': start
[14:00:04.171] [bmv2] [T] [thread 8675] [14.0] [cxt 0] Skipping checksum 'cksum' update because condition not met
[14:00:04.171] [bmv2] [D] [thread 8675] [14.0] [cxt 0] Deparsing header 'ethernet'
[14:00:04.171] [bmv2] [D] [thread 8675] [14.0] [cxt 0] Deparser 'deparser': end
[14:00:04.171] [bmv2] [D] [thread 8679] [14.0] [cxt 0] Transmitting packet of size 70 out of port 0
[14:00:06.218] [bmv2] [D] [thread 8674] [15.0] [cxt 0] Processing packet received on port 1
[14:00:06.218] [bmv2] [D] [thread 8674] [15.0] [cxt 0] Parser 'parser': start
[14:00:06.218] [bmv2] [D] [thread 8674] [15.0] [cxt 0] Parser 'parser' entering state 'start'
[14:00:06.218] [bmv2] [D] [thread 8674] [15.0] [cxt 0] Extracting header 'ethernet'
[14:00:06.218] [bmv2] [D] [thread 8674] [15.0] [cxt 0] Parser state 'start': key is 86dd
[14:00:06.218] [bmv2] [T] [thread 8674] [15.0] [cxt 0] Bytes parsed: 14
[14:00:06.218] [bmv2] [D] [thread 8674] [15.0] [cxt 0] Parser 'parser': end
[14:00:06.218] [bmv2] [D] [thread 8674] [15.0] [cxt 0] Pipeline 'ingress': start
[14:00:06.218] [bmv2] [T] [thread 8674] [15.0] [cxt 0] basic.p4(163) Condition "hdr.tcp.isValid()" (node_2) is false
[14:00:06.218] [bmv2] [D] [thread 8674] [15.0] [cxt 0] Pipeline 'ingress': end
[14:00:06.218] [bmv2] [D] [thread 8674] [15.0] [cxt 0] Egress port is 0
[14:00:06.219] [bmv2] [D] [thread 8675] [15.0] [cxt 0] Pipeline 'egress': start
[14:00:06.219] [bmv2] [D] [thread 8675] [15.0] [cxt 0] Pipeline 'egress': end
[14:00:06.219] [bmv2] [D] [thread 8675] [15.0] [cxt 0] Deparser 'deparser': start
[14:00:06.219] [bmv2] [T] [thread 8675] [15.0] [cxt 0] Skipping checksum 'cksum' update because condition not met
[14:00:06.219] [bmv2] [D] [thread 8675] [15.0] [cxt 0] Deparsing header 'ethernet'
[14:00:06.219] [bmv2] [D] [thread 8675] [15.0] [cxt 0] Deparser 'deparser': end
[14:00:06.219] [bmv2] [D] [thread 8679] [15.0] [cxt 0] Transmitting packet of size 70 out of port 0
[14:00:10.322] [bmv2] [D] [thread 8674] [16.0] [cxt 0] Processing packet received on port 2
[14:00:10.322] [bmv2] [D] [thread 8674] [16.0] [cxt 0] Parser 'parser': start
[14:00:10.322] [bmv2] [D] [thread 8674] [16.0] [cxt 0] Parser 'parser' entering state 'start'
[14:00:10.322] [bmv2] [D] [thread 8674] [16.0] [cxt 0] Extracting header 'ethernet'
[14:00:10.322] [bmv2] [D] [thread 8674] [16.0] [cxt 0] Parser state 'start': key is 86dd
[14:00:10.322] [bmv2] [T] [thread 8674] [16.0] [cxt 0] Bytes parsed: 14
[14:00:10.322] [bmv2] [D] [thread 8674] [16.0] [cxt 0] Parser 'parser': end
[14:00:10.322] [bmv2] [D] [thread 8674] [16.0] [cxt 0] Pipeline 'ingress': start
[14:00:10.322] [bmv2] [T] [thread 8674] [16.0] [cxt 0] basic.p4(163) Condition "hdr.tcp.isValid()" (node_2) is false
[14:00:10.322] [bmv2] [D] [thread 8674] [16.0] [cxt 0] Pipeline 'ingress': end
[14:00:10.322] [bmv2] [D] [thread 8674] [16.0] [cxt 0] Egress port is 0
[14:00:10.322] [bmv2] [D] [thread 8675] [16.0] [cxt 0] Pipeline 'egress': start
[14:00:10.322] [bmv2] [D] [thread 8675] [16.0] [cxt 0] Pipeline 'egress': end
[14:00:10.322] [bmv2] [D] [thread 8675] [16.0] [cxt 0] Deparser 'deparser': start
[14:00:10.322] [bmv2] [T] [thread 8675] [16.0] [cxt 0] Skipping checksum 'cksum' update because condition not met
[14:00:10.322] [bmv2] [D] [thread 8675] [16.0] [cxt 0] Deparsing header 'ethernet'
[14:00:10.322] [bmv2] [D] [thread 8675] [16.0] [cxt 0] Deparser 'deparser': end
[14:00:10.322] [bmv2] [D] [thread 8679] [16.0] [cxt 0] Transmitting packet of size 70 out of port 0
[14:00:14.410] [bmv2] [D] [thread 8674] [17.0] [cxt 0] Processing packet received on port 2
[14:00:14.410] [bmv2] [D] [thread 8674] [17.0] [cxt 0] Parser 'parser': start
[14:00:14.410] [bmv2] [D] [thread 8674] [17.0] [cxt 0] Parser 'parser' entering state 'start'
[14:00:14.410] [bmv2] [D] [thread 8674] [17.0] [cxt 0] Extracting header 'ethernet'
[14:00:14.410] [bmv2] [D] [thread 8674] [17.0] [cxt 0] Parser state 'start': key is 86dd
[14:00:14.411] [bmv2] [T] [thread 8674] [17.0] [cxt 0] Bytes parsed: 14
[14:00:14.411] [bmv2] [D] [thread 8674] [17.0] [cxt 0] Parser 'parser': end
[14:00:14.411] [bmv2] [D] [thread 8674] [17.0] [cxt 0] Pipeline 'ingress': start
[14:00:14.411] [bmv2] [T] [thread 8674] [17.0] [cxt 0] basic.p4(163) Condition "hdr.tcp.isValid()" (node_2) is false
[14:00:14.411] [bmv2] [D] [thread 8674] [17.0] [cxt 0] Pipeline 'ingress': end
[14:00:14.411] [bmv2] [D] [thread 8674] [17.0] [cxt 0] Egress port is 0
[14:00:14.412] [bmv2] [D] [thread 8675] [17.0] [cxt 0] Pipeline 'egress': start
[14:00:14.412] [bmv2] [D] [thread 8675] [17.0] [cxt 0] Pipeline 'egress': end
[14:00:14.412] [bmv2] [D] [thread 8675] [17.0] [cxt 0] Deparser 'deparser': start
[14:00:14.412] [bmv2] [T] [thread 8675] [17.0] [cxt 0] Skipping checksum 'cksum' update because condition not met
[14:00:14.412] [bmv2] [D] [thread 8675] [17.0] [cxt 0] Deparsing header 'ethernet'
[14:00:14.412] [bmv2] [D] [thread 8675] [17.0] [cxt 0] Deparser 'deparser': end
[14:00:14.412] [bmv2] [D] [thread 8679] [17.0] [cxt 0] Transmitting packet of size 70 out of port 0
[14:00:59.467] [bmv2] [D] [thread 8674] [18.0] [cxt 0] Processing packet received on port 1
[14:00:59.467] [bmv2] [D] [thread 8674] [18.0] [cxt 0] Parser 'parser': start
[14:00:59.467] [bmv2] [D] [thread 8674] [18.0] [cxt 0] Parser 'parser' entering state 'start'
[14:00:59.467] [bmv2] [D] [thread 8674] [18.0] [cxt 0] Extracting header 'ethernet'
[14:00:59.467] [bmv2] [D] [thread 8674] [18.0] [cxt 0] Parser state 'start': key is 86dd
[14:00:59.467] [bmv2] [T] [thread 8674] [18.0] [cxt 0] Bytes parsed: 14
[14:00:59.467] [bmv2] [D] [thread 8674] [18.0] [cxt 0] Parser 'parser': end
[14:00:59.467] [bmv2] [D] [thread 8674] [18.0] [cxt 0] Pipeline 'ingress': start
[14:00:59.467] [bmv2] [T] [thread 8674] [18.0] [cxt 0] basic.p4(163) Condition "hdr.tcp.isValid()" (node_2) is false
[14:00:59.467] [bmv2] [D] [thread 8674] [18.0] [cxt 0] Pipeline 'ingress': end
[14:00:59.467] [bmv2] [D] [thread 8674] [18.0] [cxt 0] Egress port is 0
[14:00:59.467] [bmv2] [D] [thread 8675] [18.0] [cxt 0] Pipeline 'egress': start
[14:00:59.467] [bmv2] [D] [thread 8675] [18.0] [cxt 0] Pipeline 'egress': end
[14:00:59.467] [bmv2] [D] [thread 8675] [18.0] [cxt 0] Deparser 'deparser': start
[14:00:59.467] [bmv2] [T] [thread 8675] [18.0] [cxt 0] Skipping checksum 'cksum' update because condition not met
[14:00:59.467] [bmv2] [D] [thread 8675] [18.0] [cxt 0] Deparsing header 'ethernet'
[14:00:59.467] [bmv2] [D] [thread 8675] [18.0] [cxt 0] Deparser 'deparser': end
[14:00:59.467] [bmv2] [D] [thread 8679] [18.0] [cxt 0] Transmitting packet of size 70 out of port 0
[14:01:07.664] [bmv2] [D] [thread 8674] [19.0] [cxt 0] Processing packet received on port 1
[14:01:07.664] [bmv2] [D] [thread 8674] [19.0] [cxt 0] Parser 'parser': start
[14:01:07.664] [bmv2] [D] [thread 8674] [19.0] [cxt 0] Parser 'parser' entering state 'start'
[14:01:07.664] [bmv2] [D] [thread 8674] [19.0] [cxt 0] Extracting header 'ethernet'
[14:01:07.664] [bmv2] [D] [thread 8674] [19.0] [cxt 0] Parser state 'start': key is 86dd
[14:01:07.664] [bmv2] [T] [thread 8674] [19.0] [cxt 0] Bytes parsed: 14
[14:01:07.664] [bmv2] [D] [thread 8674] [19.0] [cxt 0] Parser 'parser': end
[14:01:07.664] [bmv2] [D] [thread 8674] [19.0] [cxt 0] Pipeline 'ingress': start
[14:01:07.664] [bmv2] [T] [thread 8674] [19.0] [cxt 0] basic.p4(163) Condition "hdr.tcp.isValid()" (node_2) is false
[14:01:07.664] [bmv2] [D] [thread 8674] [19.0] [cxt 0] Pipeline 'ingress': end
[14:01:07.664] [bmv2] [D] [thread 8674] [19.0] [cxt 0] Egress port is 0
[14:01:07.664] [bmv2] [D] [thread 8675] [19.0] [cxt 0] Pipeline 'egress': start
[14:01:07.664] [bmv2] [D] [thread 8675] [19.0] [cxt 0] Pipeline 'egress': end
[14:01:07.664] [bmv2] [D] [thread 8675] [19.0] [cxt 0] Deparser 'deparser': start
[14:01:07.664] [bmv2] [T] [thread 8675] [19.0] [cxt 0] Skipping checksum 'cksum' update because condition not met
[14:01:07.664] [bmv2] [D] [thread 8675] [19.0] [cxt 0] Deparsing header 'ethernet'
[14:01:07.664] [bmv2] [D] [thread 8675] [19.0] [cxt 0] Deparser 'deparser': end
[14:01:07.664] [bmv2] [D] [thread 8679] [19.0] [cxt 0] Transmitting packet of size 70 out of port 0
[14:01:15.850] [bmv2] [D] [thread 8674] [20.0] [cxt 0] Processing packet received on port 2
[14:01:15.850] [bmv2] [D] [thread 8674] [20.0] [cxt 0] Parser 'parser': start
[14:01:15.850] [bmv2] [D] [thread 8674] [20.0] [cxt 0] Parser 'parser' entering state 'start'
[14:01:15.850] [bmv2] [D] [thread 8674] [20.0] [cxt 0] Extracting header 'ethernet'
[14:01:15.850] [bmv2] [D] [thread 8674] [20.0] [cxt 0] Parser state 'start': key is 86dd
[14:01:15.850] [bmv2] [T] [thread 8674] [20.0] [cxt 0] Bytes parsed: 14
[14:01:15.850] [bmv2] [D] [thread 8674] [20.0] [cxt 0] Parser 'parser': end
[14:01:15.850] [bmv2] [D] [thread 8674] [20.0] [cxt 0] Pipeline 'ingress': start
[14:01:15.850] [bmv2] [T] [thread 8674] [20.0] [cxt 0] basic.p4(163) Condition "hdr.tcp.isValid()" (node_2) is false
[14:01:15.850] [bmv2] [D] [thread 8674] [20.0] [cxt 0] Pipeline 'ingress': end
[14:01:15.850] [bmv2] [D] [thread 8674] [20.0] [cxt 0] Egress port is 0
[14:01:15.850] [bmv2] [D] [thread 8675] [20.0] [cxt 0] Pipeline 'egress': start
[14:01:15.850] [bmv2] [D] [thread 8675] [20.0] [cxt 0] Pipeline 'egress': end
[14:01:15.850] [bmv2] [D] [thread 8675] [20.0] [cxt 0] Deparser 'deparser': start
[14:01:15.850] [bmv2] [T] [thread 8675] [20.0] [cxt 0] Skipping checksum 'cksum' update because condition not met
[14:01:15.850] [bmv2] [D] [thread 8675] [20.0] [cxt 0] Deparsing header 'ethernet'
[14:01:15.850] [bmv2] [D] [thread 8675] [20.0] [cxt 0] Deparser 'deparser': end
[14:01:15.851] [bmv2] [D] [thread 8679] [20.0] [cxt 0] Transmitting packet of size 70 out of port 0
[14:01:24.043] [bmv2] [D] [thread 8674] [21.0] [cxt 0] Processing packet received on port 2
[14:01:24.043] [bmv2] [D] [thread 8674] [21.0] [cxt 0] Parser 'parser': start
[14:01:24.043] [bmv2] [D] [thread 8674] [21.0] [cxt 0] Parser 'parser' entering state 'start'
[14:01:24.043] [bmv2] [D] [thread 8674] [21.0] [cxt 0] Extracting header 'ethernet'
[14:01:24.043] [bmv2] [D] [thread 8674] [21.0] [cxt 0] Parser state 'start': key is 86dd
[14:01:24.043] [bmv2] [T] [thread 8674] [21.0] [cxt 0] Bytes parsed: 14
[14:01:24.043] [bmv2] [D] [thread 8674] [21.0] [cxt 0] Parser 'parser': end
[14:01:24.043] [bmv2] [D] [thread 8674] [21.0] [cxt 0] Pipeline 'ingress': start
[14:01:24.043] [bmv2] [T] [thread 8674] [21.0] [cxt 0] basic.p4(163) Condition "hdr.tcp.isValid()" (node_2) is false
[14:01:24.043] [bmv2] [D] [thread 8674] [21.0] [cxt 0] Pipeline 'ingress': end
[14:01:24.043] [bmv2] [D] [thread 8674] [21.0] [cxt 0] Egress port is 0
[14:01:24.043] [bmv2] [D] [thread 8675] [21.0] [cxt 0] Pipeline 'egress': start
[14:01:24.043] [bmv2] [D] [thread 8675] [21.0] [cxt 0] Pipeline 'egress': end
[14:01:24.043] [bmv2] [D] [thread 8675] [21.0] [cxt 0] Deparser 'deparser': start
[14:01:24.043] [bmv2] [T] [thread 8675] [21.0] [cxt 0] Skipping checksum 'cksum' update because condition not met
[14:01:24.043] [bmv2] [D] [thread 8675] [21.0] [cxt 0] Deparsing header 'ethernet'
[14:01:24.043] [bmv2] [D] [thread 8675] [21.0] [cxt 0] Deparser 'deparser': end
[14:01:24.043] [bmv2] [D] [thread 8679] [21.0] [cxt 0] Transmitting packet of size 70 out of port 0
open: No such file or directory
open: No such file or directory
open: No such file or directory
open: No such file or directory
