Calling target program-options parser
[13:59:09.017] [bmv2] [D] [thread 8681] Set default default entry for table 'MyIngress.ipv4_lpm': NoAction - 
[13:59:09.017] [bmv2] [D] [thread 8681] Set default default entry for table 'tbl_drop': MyIngress.drop - 
Adding interface s4-eth1 as port 1
[13:59:09.017] [bmv2] [D] [thread 8681] Adding interface s4-eth1 as port 1
Adding interface s4-eth2 as port 2
[13:59:09.054] [bmv2] [D] [thread 8681] Adding interface s4-eth2 as port 2
Server listening on 0.0.0.0:50054
[13:59:09.099] [bmv2] [I] [thread 8681] Starting Thrift server on port 9093
[13:59:09.100] [bmv2] [I] [thread 8681] Thrift server was started
[13:59:09.200] [bmv2] [D] [thread 8691] [0.0] [cxt 0] Processing packet received on port 1
[13:59:09.200] [bmv2] [D] [thread 8691] [0.0] [cxt 0] Parser 'parser': start
[13:59:09.200] [bmv2] [D] [thread 8691] [0.0] [cxt 0] Parser 'parser' entering state 'start'
[13:59:09.200] [bmv2] [D] [thread 8691] [0.0] [cxt 0] Extracting header 'ethernet'
[13:59:09.201] [bmv2] [D] [thread 8691] [0.0] [cxt 0] Parser state 'start': key is 86dd
[13:59:09.201] [bmv2] [T] [thread 8691] [0.0] [cxt 0] Bytes parsed: 14
[13:59:09.201] [bmv2] [D] [thread 8691] [0.0] [cxt 0] Parser 'parser': end
[13:59:09.201] [bmv2] [D] [thread 8691] [0.0] [cxt 0] Pipeline 'ingress': start
[13:59:09.201] [bmv2] [T] [thread 8691] [0.0] [cxt 0] basic.p4(163) Condition "hdr.tcp.isValid()" (node_2) is false
[13:59:09.201] [bmv2] [D] [thread 8691] [0.0] [cxt 0] Pipeline 'ingress': end
[13:59:09.201] [bmv2] [D] [thread 8691] [0.0] [cxt 0] Egress port is 0
[13:59:09.201] [bmv2] [D] [thread 8692] [0.0] [cxt 0] Pipeline 'egress': start
[13:59:09.201] [bmv2] [D] [thread 8692] [0.0] [cxt 0] Pipeline 'egress': end
[13:59:09.201] [bmv2] [D] [thread 8692] [0.0] [cxt 0] Deparser 'deparser': start
[13:59:09.201] [bmv2] [T] [thread 8692] [0.0] [cxt 0] Skipping checksum 'cksum' update because condition not met
[13:59:09.201] [bmv2] [D] [thread 8692] [0.0] [cxt 0] Deparsing header 'ethernet'
[13:59:09.201] [bmv2] [D] [thread 8692] [0.0] [cxt 0] Deparser 'deparser': end
[13:59:09.201] [bmv2] [D] [thread 8696] [0.0] [cxt 0] Transmitting packet of size 90 out of port 0
[13:59:09.253] [bmv2] [D] [thread 8691] [1.0] [cxt 0] Processing packet received on port 2
[13:59:09.253] [bmv2] [D] [thread 8691] [1.0] [cxt 0] Parser 'parser': start
[13:59:09.253] [bmv2] [D] [thread 8691] [1.0] [cxt 0] Parser 'parser' entering state 'start'
[13:59:09.253] [bmv2] [D] [thread 8691] [1.0] [cxt 0] Extracting header 'ethernet'
[13:59:09.253] [bmv2] [D] [thread 8691] [1.0] [cxt 0] Parser state 'start': key is 86dd
[13:59:09.253] [bmv2] [T] [thread 8691] [1.0] [cxt 0] Bytes parsed: 14
[13:59:09.253] [bmv2] [D] [thread 8691] [1.0] [cxt 0] Parser 'parser': end
[13:59:09.253] [bmv2] [D] [thread 8691] [1.0] [cxt 0] Pipeline 'ingress': start
[13:59:09.253] [bmv2] [T] [thread 8691] [1.0] [cxt 0] basic.p4(163) Condition "hdr.tcp.isValid()" (node_2) is false
[13:59:09.253] [bmv2] [D] [thread 8691] [1.0] [cxt 0] Pipeline 'ingress': end
[13:59:09.253] [bmv2] [D] [thread 8691] [1.0] [cxt 0] Egress port is 0
[13:59:09.253] [bmv2] [D] [thread 8692] [1.0] [cxt 0] Pipeline 'egress': start
[13:59:09.253] [bmv2] [D] [thread 8692] [1.0] [cxt 0] Pipeline 'egress': end
[13:59:09.253] [bmv2] [D] [thread 8692] [1.0] [cxt 0] Deparser 'deparser': start
[13:59:09.253] [bmv2] [T] [thread 8692] [1.0] [cxt 0] Skipping checksum 'cksum' update because condition not met
[13:59:09.253] [bmv2] [D] [thread 8692] [1.0] [cxt 0] Deparsing header 'ethernet'
[13:59:09.253] [bmv2] [D] [thread 8692] [1.0] [cxt 0] Deparser 'deparser': end
[13:59:09.253] [bmv2] [D] [thread 8696] [1.0] [cxt 0] Transmitting packet of size 90 out of port 0
[13:59:10.630] [bmv2] [W] [thread 8734] [P4Runtime] p4::tmp::P4DeviceConfig is deprecated
[13:59:10.631] [bmv2] [D] [thread 8734] Set default default entry for table 'MyIngress.ipv4_lpm': NoAction - 
[13:59:10.631] [bmv2] [D] [thread 8734] Set default default entry for table 'tbl_drop': MyIngress.drop - 
[13:59:10.632] [bmv2] [D] [thread 8734] simple_switch target has been notified of a config swap
[13:59:10.635] [bmv2] [D] [thread 8736] Set default entry for table 'MyIngress.ipv4_lpm': MyIngress.drop - 
[13:59:10.636] [bmv2] [D] [thread 8734] Entry 0 added to table 'MyIngress.ipv4_lpm'
[13:59:10.636] [bmv2] [D] [thread 8734] Dumping entry 0
Match key:
* hdr.ipv4.dstAddr    : LPM       0a000101/32
Action entry: MyIngress.ipv4_forward - 80000000100,2,

[13:59:10.637] [bmv2] [D] [thread 8736] Entry 1 added to table 'MyIngress.ipv4_lpm'
[13:59:10.637] [bmv2] [D] [thread 8736] Dumping entry 1
Match key:
* hdr.ipv4.dstAddr    : LPM       0a000202/32
Action entry: MyIngress.ipv4_forward - 80000000100,2,

[13:59:10.639] [bmv2] [D] [thread 8734] Entry 2 added to table 'MyIngress.ipv4_lpm'
[13:59:10.639] [bmv2] [D] [thread 8734] Dumping entry 2
Match key:
* hdr.ipv4.dstAddr    : LPM       0a000303/32
Action entry: MyIngress.ipv4_forward - 80000000200,1,

[13:59:10.640] [bmv2] [D] [thread 8736] Entry 3 added to table 'MyIngress.ipv4_lpm'
[13:59:10.640] [bmv2] [D] [thread 8736] Dumping entry 3
Match key:
* hdr.ipv4.dstAddr    : LPM       0a000404/32
Action entry: MyIngress.ipv4_forward - 80000000200,1,

[13:59:12.206] [bmv2] [D] [thread 8691] [2.0] [cxt 0] Processing packet received on port 2
[13:59:12.206] [bmv2] [D] [thread 8691] [2.0] [cxt 0] Parser 'parser': start
[13:59:12.207] [bmv2] [D] [thread 8691] [2.0] [cxt 0] Parser 'parser' entering state 'start'
[13:59:12.207] [bmv2] [D] [thread 8691] [2.0] [cxt 0] Extracting header 'ethernet'
[13:59:12.207] [bmv2] [D] [thread 8691] [2.0] [cxt 0] Parser state 'start': key is 86dd
[13:59:12.207] [bmv2] [T] [thread 8691] [2.0] [cxt 0] Bytes parsed: 14
[13:59:12.207] [bmv2] [D] [thread 8691] [2.0] [cxt 0] Parser 'parser': end
[13:59:12.207] [bmv2] [D] [thread 8691] [2.0] [cxt 0] Pipeline 'ingress': start
[13:59:12.207] [bmv2] [T] [thread 8691] [2.0] [cxt 0] basic.p4(163) Condition "hdr.tcp.isValid()" (node_2) is false
[13:59:12.207] [bmv2] [D] [thread 8691] [2.0] [cxt 0] Pipeline 'ingress': end
[13:59:12.207] [bmv2] [D] [thread 8691] [2.0] [cxt 0] Egress port is 0
[13:59:12.207] [bmv2] [D] [thread 8692] [2.0] [cxt 0] Pipeline 'egress': start
[13:59:12.207] [bmv2] [D] [thread 8692] [2.0] [cxt 0] Pipeline 'egress': end
[13:59:12.207] [bmv2] [D] [thread 8692] [2.0] [cxt 0] Deparser 'deparser': start
[13:59:12.207] [bmv2] [T] [thread 8692] [2.0] [cxt 0] Skipping checksum 'cksum' update because condition not met
[13:59:12.207] [bmv2] [D] [thread 8692] [2.0] [cxt 0] Deparsing header 'ethernet'
[13:59:12.207] [bmv2] [D] [thread 8692] [2.0] [cxt 0] Deparser 'deparser': end
[13:59:12.207] [bmv2] [D] [thread 8696] [2.0] [cxt 0] Transmitting packet of size 70 out of port 0
[13:59:12.459] [bmv2] [D] [thread 8691] [3.0] [cxt 0] Processing packet received on port 1
[13:59:12.459] [bmv2] [D] [thread 8691] [3.0] [cxt 0] Parser 'parser': start
[13:59:12.459] [bmv2] [D] [thread 8691] [3.0] [cxt 0] Parser 'parser' entering state 'start'
[13:59:12.459] [bmv2] [D] [thread 8691] [3.0] [cxt 0] Extracting header 'ethernet'
[13:59:12.459] [bmv2] [D] [thread 8691] [3.0] [cxt 0] Parser state 'start': key is 86dd
[13:59:12.459] [bmv2] [T] [thread 8691] [3.0] [cxt 0] Bytes parsed: 14
[13:59:12.459] [bmv2] [D] [thread 8691] [3.0] [cxt 0] Parser 'parser': end
[13:59:12.459] [bmv2] [D] [thread 8691] [3.0] [cxt 0] Pipeline 'ingress': start
[13:59:12.459] [bmv2] [T] [thread 8691] [3.0] [cxt 0] basic.p4(163) Condition "hdr.tcp.isValid()" (node_2) is false
[13:59:12.459] [bmv2] [D] [thread 8691] [3.0] [cxt 0] Pipeline 'ingress': end
[13:59:12.459] [bmv2] [D] [thread 8691] [3.0] [cxt 0] Egress port is 0
[13:59:12.459] [bmv2] [D] [thread 8692] [3.0] [cxt 0] Pipeline 'egress': start
[13:59:12.459] [bmv2] [D] [thread 8692] [3.0] [cxt 0] Pipeline 'egress': end
[13:59:12.459] [bmv2] [D] [thread 8692] [3.0] [cxt 0] Deparser 'deparser': start
[13:59:12.459] [bmv2] [T] [thread 8692] [3.0] [cxt 0] Skipping checksum 'cksum' update because condition not met
[13:59:12.459] [bmv2] [D] [thread 8692] [3.0] [cxt 0] Deparsing header 'ethernet'
[13:59:12.459] [bmv2] [D] [thread 8692] [3.0] [cxt 0] Deparser 'deparser': end
[13:59:12.459] [bmv2] [D] [thread 8696] [3.0] [cxt 0] Transmitting packet of size 70 out of port 0
[13:59:12.973] [bmv2] [D] [thread 8691] [4.0] [cxt 0] Processing packet received on port 1
[13:59:12.973] [bmv2] [D] [thread 8691] [4.0] [cxt 0] Parser 'parser': start
[13:59:12.973] [bmv2] [D] [thread 8691] [4.0] [cxt 0] Parser 'parser' entering state 'start'
[13:59:12.973] [bmv2] [D] [thread 8691] [4.0] [cxt 0] Extracting header 'ethernet'
[13:59:12.973] [bmv2] [D] [thread 8691] [4.0] [cxt 0] Parser state 'start': key is 86dd
[13:59:12.973] [bmv2] [T] [thread 8691] [4.0] [cxt 0] Bytes parsed: 14
[13:59:12.973] [bmv2] [D] [thread 8691] [4.0] [cxt 0] Parser 'parser': end
[13:59:12.973] [bmv2] [D] [thread 8691] [4.0] [cxt 0] Pipeline 'ingress': start
[13:59:12.973] [bmv2] [T] [thread 8691] [4.0] [cxt 0] basic.p4(163) Condition "hdr.tcp.isValid()" (node_2) is false
[13:59:12.973] [bmv2] [D] [thread 8691] [4.0] [cxt 0] Pipeline 'ingress': end
[13:59:12.973] [bmv2] [D] [thread 8691] [4.0] [cxt 0] Egress port is 0
[13:59:12.973] [bmv2] [D] [thread 8691] [5.0] [cxt 0] Processing packet received on port 2
[13:59:12.973] [bmv2] [D] [thread 8691] [5.0] [cxt 0] Parser 'parser': start
[13:59:12.973] [bmv2] [D] [thread 8691] [5.0] [cxt 0] Parser 'parser' entering state 'start'
[13:59:12.973] [bmv2] [D] [thread 8691] [5.0] [cxt 0] Extracting header 'ethernet'
[13:59:12.973] [bmv2] [D] [thread 8691] [5.0] [cxt 0] Parser state 'start': key is 86dd
[13:59:12.973] [bmv2] [T] [thread 8691] [5.0] [cxt 0] Bytes parsed: 14
[13:59:12.973] [bmv2] [D] [thread 8691] [5.0] [cxt 0] Parser 'parser': end
[13:59:12.973] [bmv2] [D] [thread 8691] [5.0] [cxt 0] Pipeline 'ingress': start
[13:59:12.973] [bmv2] [T] [thread 8691] [5.0] [cxt 0] basic.p4(163) Condition "hdr.tcp.isValid()" (node_2) is false
[13:59:12.973] [bmv2] [D] [thread 8691] [5.0] [cxt 0] Pipeline 'ingress': end
[13:59:12.974] [bmv2] [D] [thread 8692] [4.0] [cxt 0] Pipeline 'egress': start
[13:59:12.974] [bmv2] [D] [thread 8692] [4.0] [cxt 0] Pipeline 'egress': end
[13:59:12.974] [bmv2] [D] [thread 8692] [4.0] [cxt 0] Deparser 'deparser': start
[13:59:12.974] [bmv2] [T] [thread 8692] [4.0] [cxt 0] Skipping checksum 'cksum' update because condition not met
[13:59:12.974] [bmv2] [D] [thread 8692] [4.0] [cxt 0] Deparsing header 'ethernet'
[13:59:12.974] [bmv2] [D] [thread 8692] [4.0] [cxt 0] Deparser 'deparser': end
[13:59:12.974] [bmv2] [D] [thread 8691] [5.0] [cxt 0] Egress port is 0
[13:59:12.974] [bmv2] [D] [thread 8696] [4.0] [cxt 0] Transmitting packet of size 70 out of port 0
[13:59:12.974] [bmv2] [D] [thread 8692] [5.0] [cxt 0] Pipeline 'egress': start
[13:59:12.974] [bmv2] [D] [thread 8692] [5.0] [cxt 0] Pipeline 'egress': end
[13:59:12.974] [bmv2] [D] [thread 8692] [5.0] [cxt 0] Deparser 'deparser': start
[13:59:12.974] [bmv2] [T] [thread 8692] [5.0] [cxt 0] Skipping checksum 'cksum' update because condition not met
[13:59:12.974] [bmv2] [D] [thread 8692] [5.0] [cxt 0] Deparsing header 'ethernet'
[13:59:12.974] [bmv2] [D] [thread 8692] [5.0] [cxt 0] Deparser 'deparser': end
[13:59:12.974] [bmv2] [D] [thread 8696] [5.0] [cxt 0] Transmitting packet of size 70 out of port 0
[13:59:19.631] [bmv2] [D] [thread 8691] [6.0] [cxt 0] Processing packet received on port 1
[13:59:19.631] [bmv2] [D] [thread 8691] [6.0] [cxt 0] Parser 'parser': start
[13:59:19.631] [bmv2] [D] [thread 8691] [6.0] [cxt 0] Parser 'parser' entering state 'start'
[13:59:19.631] [bmv2] [D] [thread 8691] [6.0] [cxt 0] Extracting header 'ethernet'
[13:59:19.631] [bmv2] [D] [thread 8691] [6.0] [cxt 0] Parser state 'start': key is 86dd
[13:59:19.631] [bmv2] [T] [thread 8691] [6.0] [cxt 0] Bytes parsed: 14
[13:59:19.631] [bmv2] [D] [thread 8691] [6.0] [cxt 0] Parser 'parser': end
[13:59:19.631] [bmv2] [D] [thread 8691] [6.0] [cxt 0] Pipeline 'ingress': start
[13:59:19.631] [bmv2] [T] [thread 8691] [6.0] [cxt 0] basic.p4(163) Condition "hdr.tcp.isValid()" (node_2) is false
[13:59:19.631] [bmv2] [D] [thread 8691] [6.0] [cxt 0] Pipeline 'ingress': end
[13:59:19.631] [bmv2] [D] [thread 8691] [6.0] [cxt 0] Egress port is 0
[13:59:19.632] [bmv2] [D] [thread 8692] [6.0] [cxt 0] Pipeline 'egress': start
[13:59:19.632] [bmv2] [D] [thread 8692] [6.0] [cxt 0] Pipeline 'egress': end
[13:59:19.632] [bmv2] [D] [thread 8692] [6.0] [cxt 0] Deparser 'deparser': start
[13:59:19.632] [bmv2] [T] [thread 8692] [6.0] [cxt 0] Skipping checksum 'cksum' update because condition not met
[13:59:19.632] [bmv2] [D] [thread 8692] [6.0] [cxt 0] Deparsing header 'ethernet'
[13:59:19.632] [bmv2] [D] [thread 8692] [6.0] [cxt 0] Deparser 'deparser': end
[13:59:19.632] [bmv2] [D] [thread 8696] [6.0] [cxt 0] Transmitting packet of size 70 out of port 0
[13:59:20.146] [bmv2] [D] [thread 8691] [7.0] [cxt 0] Processing packet received on port 2
[13:59:20.146] [bmv2] [D] [thread 8691] [7.0] [cxt 0] Parser 'parser': start
[13:59:20.146] [bmv2] [D] [thread 8691] [7.0] [cxt 0] Parser 'parser' entering state 'start'
[13:59:20.146] [bmv2] [D] [thread 8691] [7.0] [cxt 0] Extracting header 'ethernet'
[13:59:20.146] [bmv2] [D] [thread 8691] [7.0] [cxt 0] Parser state 'start': key is 86dd
[13:59:20.146] [bmv2] [T] [thread 8691] [7.0] [cxt 0] Bytes parsed: 14
[13:59:20.146] [bmv2] [D] [thread 8691] [7.0] [cxt 0] Parser 'parser': end
[13:59:20.146] [bmv2] [D] [thread 8691] [7.0] [cxt 0] Pipeline 'ingress': start
[13:59:20.146] [bmv2] [T] [thread 8691] [7.0] [cxt 0] basic.p4(163) Condition "hdr.tcp.isValid()" (node_2) is false
[13:59:20.146] [bmv2] [D] [thread 8691] [7.0] [cxt 0] Pipeline 'ingress': end
[13:59:20.146] [bmv2] [D] [thread 8691] [7.0] [cxt 0] Egress port is 0
[13:59:20.146] [bmv2] [D] [thread 8692] [7.0] [cxt 0] Pipeline 'egress': start
[13:59:20.146] [bmv2] [D] [thread 8692] [7.0] [cxt 0] Pipeline 'egress': end
[13:59:20.146] [bmv2] [D] [thread 8692] [7.0] [cxt 0] Deparser 'deparser': start
[13:59:20.146] [bmv2] [T] [thread 8692] [7.0] [cxt 0] Skipping checksum 'cksum' update because condition not met
[13:59:20.146] [bmv2] [D] [thread 8692] [7.0] [cxt 0] Deparsing header 'ethernet'
[13:59:20.146] [bmv2] [D] [thread 8692] [7.0] [cxt 0] Deparser 'deparser': end
[13:59:20.146] [bmv2] [D] [thread 8696] [7.0] [cxt 0] Transmitting packet of size 70 out of port 0
[13:59:20.908] [bmv2] [D] [thread 8691] [8.0] [cxt 0] Processing packet received on port 2
[13:59:20.908] [bmv2] [D] [thread 8691] [8.0] [cxt 0] Parser 'parser': start
[13:59:20.908] [bmv2] [D] [thread 8691] [8.0] [cxt 0] Parser 'parser' entering state 'start'
[13:59:20.908] [bmv2] [D] [thread 8691] [8.0] [cxt 0] Extracting header 'ethernet'
[13:59:20.908] [bmv2] [D] [thread 8691] [8.0] [cxt 0] Parser state 'start': key is 86dd
[13:59:20.908] [bmv2] [T] [thread 8691] [8.0] [cxt 0] Bytes parsed: 14
[13:59:20.908] [bmv2] [D] [thread 8691] [8.0] [cxt 0] Parser 'parser': end
[13:59:20.908] [bmv2] [D] [thread 8691] [8.0] [cxt 0] Pipeline 'ingress': start
[13:59:20.908] [bmv2] [T] [thread 8691] [8.0] [cxt 0] basic.p4(163) Condition "hdr.tcp.isValid()" (node_2) is false
[13:59:20.908] [bmv2] [D] [thread 8691] [8.0] [cxt 0] Pipeline 'ingress': end
[13:59:20.908] [bmv2] [D] [thread 8691] [8.0] [cxt 0] Egress port is 0
[13:59:20.908] [bmv2] [D] [thread 8692] [8.0] [cxt 0] Pipeline 'egress': start
[13:59:20.908] [bmv2] [D] [thread 8692] [8.0] [cxt 0] Pipeline 'egress': end
[13:59:20.908] [bmv2] [D] [thread 8692] [8.0] [cxt 0] Deparser 'deparser': start
[13:59:20.908] [bmv2] [T] [thread 8692] [8.0] [cxt 0] Skipping checksum 'cksum' update because condition not met
[13:59:20.908] [bmv2] [D] [thread 8692] [8.0] [cxt 0] Deparsing header 'ethernet'
[13:59:20.908] [bmv2] [D] [thread 8692] [8.0] [cxt 0] Deparser 'deparser': end
[13:59:20.909] [bmv2] [D] [thread 8696] [8.0] [cxt 0] Transmitting packet of size 70 out of port 0
[13:59:21.674] [bmv2] [D] [thread 8691] [9.0] [cxt 0] Processing packet received on port 1
[13:59:21.674] [bmv2] [D] [thread 8691] [9.0] [cxt 0] Parser 'parser': start
[13:59:21.674] [bmv2] [D] [thread 8691] [9.0] [cxt 0] Parser 'parser' entering state 'start'
[13:59:21.674] [bmv2] [D] [thread 8691] [9.0] [cxt 0] Extracting header 'ethernet'
[13:59:21.674] [bmv2] [D] [thread 8691] [9.0] [cxt 0] Parser state 'start': key is 86dd
[13:59:21.674] [bmv2] [T] [thread 8691] [9.0] [cxt 0] Bytes parsed: 14
[13:59:21.674] [bmv2] [D] [thread 8691] [9.0] [cxt 0] Parser 'parser': end
[13:59:21.674] [bmv2] [D] [thread 8691] [9.0] [cxt 0] Pipeline 'ingress': start
[13:59:21.674] [bmv2] [T] [thread 8691] [9.0] [cxt 0] basic.p4(163) Condition "hdr.tcp.isValid()" (node_2) is false
[13:59:21.674] [bmv2] [D] [thread 8691] [9.0] [cxt 0] Pipeline 'ingress': end
[13:59:21.674] [bmv2] [D] [thread 8691] [9.0] [cxt 0] Egress port is 0
[13:59:21.675] [bmv2] [D] [thread 8692] [9.0] [cxt 0] Pipeline 'egress': start
[13:59:21.675] [bmv2] [D] [thread 8692] [9.0] [cxt 0] Pipeline 'egress': end
[13:59:21.675] [bmv2] [D] [thread 8692] [9.0] [cxt 0] Deparser 'deparser': start
[13:59:21.675] [bmv2] [T] [thread 8692] [9.0] [cxt 0] Skipping checksum 'cksum' update because condition not met
[13:59:21.675] [bmv2] [D] [thread 8692] [9.0] [cxt 0] Deparsing header 'ethernet'
[13:59:21.675] [bmv2] [D] [thread 8692] [9.0] [cxt 0] Deparser 'deparser': end
[13:59:21.675] [bmv2] [D] [thread 8696] [9.0] [cxt 0] Transmitting packet of size 70 out of port 0
[13:59:33.565] [bmv2] [D] [thread 8691] [10.0] [cxt 0] Processing packet received on port 1
[13:59:33.565] [bmv2] [D] [thread 8691] [10.0] [cxt 0] Parser 'parser': start
[13:59:33.565] [bmv2] [D] [thread 8691] [10.0] [cxt 0] Parser 'parser' entering state 'start'
[13:59:33.565] [bmv2] [D] [thread 8691] [10.0] [cxt 0] Extracting header 'ethernet'
[13:59:33.565] [bmv2] [D] [thread 8691] [10.0] [cxt 0] Parser state 'start': key is 86dd
[13:59:33.565] [bmv2] [T] [thread 8691] [10.0] [cxt 0] Bytes parsed: 14
[13:59:33.565] [bmv2] [D] [thread 8691] [10.0] [cxt 0] Parser 'parser': end
[13:59:33.565] [bmv2] [D] [thread 8691] [10.0] [cxt 0] Pipeline 'ingress': start
[13:59:33.565] [bmv2] [T] [thread 8691] [10.0] [cxt 0] basic.p4(163) Condition "hdr.tcp.isValid()" (node_2) is false
[13:59:33.565] [bmv2] [D] [thread 8691] [10.0] [cxt 0] Pipeline 'ingress': end
[13:59:33.565] [bmv2] [D] [thread 8691] [10.0] [cxt 0] Egress port is 0
[13:59:33.565] [bmv2] [D] [thread 8692] [10.0] [cxt 0] Pipeline 'egress': start
[13:59:33.565] [bmv2] [D] [thread 8692] [10.0] [cxt 0] Pipeline 'egress': end
[13:59:33.565] [bmv2] [D] [thread 8692] [10.0] [cxt 0] Deparser 'deparser': start
[13:59:33.565] [bmv2] [T] [thread 8692] [10.0] [cxt 0] Skipping checksum 'cksum' update because condition not met
[13:59:33.565] [bmv2] [D] [thread 8692] [10.0] [cxt 0] Deparsing header 'ethernet'
[13:59:33.565] [bmv2] [D] [thread 8692] [10.0] [cxt 0] Deparser 'deparser': end
[13:59:33.565] [bmv2] [D] [thread 8696] [10.0] [cxt 0] Transmitting packet of size 70 out of port 0
[13:59:35.754] [bmv2] [D] [thread 8691] [11.0] [cxt 0] Processing packet received on port 2
[13:59:35.754] [bmv2] [D] [thread 8691] [11.0] [cxt 0] Parser 'parser': start
[13:59:35.754] [bmv2] [D] [thread 8691] [11.0] [cxt 0] Parser 'parser' entering state 'start'
[13:59:35.754] [bmv2] [D] [thread 8691] [11.0] [cxt 0] Extracting header 'ethernet'
[13:59:35.754] [bmv2] [D] [thread 8691] [11.0] [cxt 0] Parser state 'start': key is 86dd
[13:59:35.754] [bmv2] [T] [thread 8691] [11.0] [cxt 0] Bytes parsed: 14
[13:59:35.754] [bmv2] [D] [thread 8691] [11.0] [cxt 0] Parser 'parser': end
[13:59:35.754] [bmv2] [D] [thread 8691] [11.0] [cxt 0] Pipeline 'ingress': start
[13:59:35.754] [bmv2] [T] [thread 8691] [11.0] [cxt 0] basic.p4(163) Condition "hdr.tcp.isValid()" (node_2) is false
[13:59:35.755] [bmv2] [D] [thread 8691] [11.0] [cxt 0] Pipeline 'ingress': end
[13:59:35.755] [bmv2] [D] [thread 8691] [11.0] [cxt 0] Egress port is 0
[13:59:35.755] [bmv2] [D] [thread 8692] [11.0] [cxt 0] Pipeline 'egress': start
[13:59:35.755] [bmv2] [D] [thread 8692] [11.0] [cxt 0] Pipeline 'egress': end
[13:59:35.755] [bmv2] [D] [thread 8692] [11.0] [cxt 0] Deparser 'deparser': start
[13:59:35.755] [bmv2] [T] [thread 8692] [11.0] [cxt 0] Skipping checksum 'cksum' update because condition not met
[13:59:35.755] [bmv2] [D] [thread 8692] [11.0] [cxt 0] Deparsing header 'ethernet'
[13:59:35.755] [bmv2] [D] [thread 8692] [11.0] [cxt 0] Deparser 'deparser': end
[13:59:35.755] [bmv2] [D] [thread 8696] [11.0] [cxt 0] Transmitting packet of size 70 out of port 0
[13:59:37.042] [bmv2] [D] [thread 8691] [12.0] [cxt 0] Processing packet received on port 2
[13:59:37.042] [bmv2] [D] [thread 8691] [12.0] [cxt 0] Parser 'parser': start
[13:59:37.042] [bmv2] [D] [thread 8691] [12.0] [cxt 0] Parser 'parser' entering state 'start'
[13:59:37.042] [bmv2] [D] [thread 8691] [12.0] [cxt 0] Extracting header 'ethernet'
[13:59:37.042] [bmv2] [D] [thread 8691] [12.0] [cxt 0] Parser state 'start': key is 86dd
[13:59:37.042] [bmv2] [T] [thread 8691] [12.0] [cxt 0] Bytes parsed: 14
[13:59:37.042] [bmv2] [D] [thread 8691] [12.0] [cxt 0] Parser 'parser': end
[13:59:37.042] [bmv2] [D] [thread 8691] [12.0] [cxt 0] Pipeline 'ingress': start
[13:59:37.042] [bmv2] [T] [thread 8691] [12.0] [cxt 0] basic.p4(163) Condition "hdr.tcp.isValid()" (node_2) is false
[13:59:37.042] [bmv2] [D] [thread 8691] [12.0] [cxt 0] Pipeline 'ingress': end
[13:59:37.042] [bmv2] [D] [thread 8691] [12.0] [cxt 0] Egress port is 0
[13:59:37.042] [bmv2] [D] [thread 8692] [12.0] [cxt 0] Pipeline 'egress': start
[13:59:37.042] [bmv2] [D] [thread 8692] [12.0] [cxt 0] Pipeline 'egress': end
[13:59:37.042] [bmv2] [D] [thread 8692] [12.0] [cxt 0] Deparser 'deparser': start
[13:59:37.042] [bmv2] [T] [thread 8692] [12.0] [cxt 0] Skipping checksum 'cksum' update because condition not met
[13:59:37.042] [bmv2] [D] [thread 8692] [12.0] [cxt 0] Deparsing header 'ethernet'
[13:59:37.042] [bmv2] [D] [thread 8692] [12.0] [cxt 0] Deparser 'deparser': end
[13:59:37.042] [bmv2] [D] [thread 8696] [12.0] [cxt 0] Transmitting packet of size 70 out of port 0
[13:59:41.643] [bmv2] [D] [thread 8691] [13.0] [cxt 0] Processing packet received on port 1
[13:59:41.643] [bmv2] [D] [thread 8691] [13.0] [cxt 0] Parser 'parser': start
[13:59:41.643] [bmv2] [D] [thread 8691] [13.0] [cxt 0] Parser 'parser' entering state 'start'
[13:59:41.643] [bmv2] [D] [thread 8691] [13.0] [cxt 0] Extracting header 'ethernet'
[13:59:41.643] [bmv2] [D] [thread 8691] [13.0] [cxt 0] Parser state 'start': key is 86dd
[13:59:41.643] [bmv2] [T] [thread 8691] [13.0] [cxt 0] Bytes parsed: 14
[13:59:41.643] [bmv2] [D] [thread 8691] [13.0] [cxt 0] Parser 'parser': end
[13:59:41.643] [bmv2] [D] [thread 8691] [13.0] [cxt 0] Pipeline 'ingress': start
[13:59:41.643] [bmv2] [T] [thread 8691] [13.0] [cxt 0] basic.p4(163) Condition "hdr.tcp.isValid()" (node_2) is false
[13:59:41.643] [bmv2] [D] [thread 8691] [13.0] [cxt 0] Pipeline 'ingress': end
[13:59:41.643] [bmv2] [D] [thread 8691] [13.0] [cxt 0] Egress port is 0
[13:59:41.643] [bmv2] [D] [thread 8692] [13.0] [cxt 0] Pipeline 'egress': start
[13:59:41.643] [bmv2] [D] [thread 8692] [13.0] [cxt 0] Pipeline 'egress': end
[13:59:41.643] [bmv2] [D] [thread 8692] [13.0] [cxt 0] Deparser 'deparser': start
[13:59:41.643] [bmv2] [T] [thread 8692] [13.0] [cxt 0] Skipping checksum 'cksum' update because condition not met
[13:59:41.643] [bmv2] [D] [thread 8692] [13.0] [cxt 0] Deparsing header 'ethernet'
[13:59:41.643] [bmv2] [D] [thread 8692] [13.0] [cxt 0] Deparser 'deparser': end
[13:59:41.643] [bmv2] [D] [thread 8696] [13.0] [cxt 0] Transmitting packet of size 70 out of port 0
[14:00:02.123] [bmv2] [D] [thread 8691] [14.0] [cxt 0] Processing packet received on port 1
[14:00:02.123] [bmv2] [D] [thread 8691] [14.0] [cxt 0] Parser 'parser': start
[14:00:02.123] [bmv2] [D] [thread 8691] [14.0] [cxt 0] Parser 'parser' entering state 'start'
[14:00:02.123] [bmv2] [D] [thread 8691] [14.0] [cxt 0] Extracting header 'ethernet'
[14:00:02.123] [bmv2] [D] [thread 8691] [14.0] [cxt 0] Parser state 'start': key is 86dd
[14:00:02.123] [bmv2] [T] [thread 8691] [14.0] [cxt 0] Bytes parsed: 14
[14:00:02.123] [bmv2] [D] [thread 8691] [14.0] [cxt 0] Parser 'parser': end
[14:00:02.123] [bmv2] [D] [thread 8691] [14.0] [cxt 0] Pipeline 'ingress': start
[14:00:02.123] [bmv2] [T] [thread 8691] [14.0] [cxt 0] basic.p4(163) Condition "hdr.tcp.isValid()" (node_2) is false
[14:00:02.123] [bmv2] [D] [thread 8691] [14.0] [cxt 0] Pipeline 'ingress': end
[14:00:02.123] [bmv2] [D] [thread 8691] [14.0] [cxt 0] Egress port is 0
[14:00:02.123] [bmv2] [D] [thread 8692] [14.0] [cxt 0] Pipeline 'egress': start
[14:00:02.123] [bmv2] [D] [thread 8692] [14.0] [cxt 0] Pipeline 'egress': end
[14:00:02.123] [bmv2] [D] [thread 8692] [14.0] [cxt 0] Deparser 'deparser': start
[14:00:02.123] [bmv2] [T] [thread 8692] [14.0] [cxt 0] Skipping checksum 'cksum' update because condition not met
[14:00:02.123] [bmv2] [D] [thread 8692] [14.0] [cxt 0] Deparsing header 'ethernet'
[14:00:02.123] [bmv2] [D] [thread 8692] [14.0] [cxt 0] Deparser 'deparser': end
[14:00:02.123] [bmv2] [D] [thread 8696] [14.0] [cxt 0] Transmitting packet of size 70 out of port 0
[14:00:08.272] [bmv2] [D] [thread 8691] [15.0] [cxt 0] Processing packet received on port 2
[14:00:08.272] [bmv2] [D] [thread 8691] [15.0] [cxt 0] Parser 'parser': start
[14:00:08.272] [bmv2] [D] [thread 8691] [15.0] [cxt 0] Parser 'parser' entering state 'start'
[14:00:08.272] [bmv2] [D] [thread 8691] [15.0] [cxt 0] Extracting header 'ethernet'
[14:00:08.272] [bmv2] [D] [thread 8691] [15.0] [cxt 0] Parser state 'start': key is 86dd
[14:00:08.272] [bmv2] [T] [thread 8691] [15.0] [cxt 0] Bytes parsed: 14
[14:00:08.272] [bmv2] [D] [thread 8691] [15.0] [cxt 0] Parser 'parser': end
[14:00:08.272] [bmv2] [D] [thread 8691] [15.0] [cxt 0] Pipeline 'ingress': start
[14:00:08.272] [bmv2] [T] [thread 8691] [15.0] [cxt 0] basic.p4(163) Condition "hdr.tcp.isValid()" (node_2) is false
[14:00:08.272] [bmv2] [D] [thread 8691] [15.0] [cxt 0] Pipeline 'ingress': end
[14:00:08.272] [bmv2] [D] [thread 8691] [15.0] [cxt 0] Egress port is 0
[14:00:08.272] [bmv2] [D] [thread 8691] [16.0] [cxt 0] Processing packet received on port 2
[14:00:08.272] [bmv2] [D] [thread 8691] [16.0] [cxt 0] Parser 'parser': start
[14:00:08.272] [bmv2] [D] [thread 8691] [16.0] [cxt 0] Parser 'parser' entering state 'start'
[14:00:08.272] [bmv2] [D] [thread 8691] [16.0] [cxt 0] Extracting header 'ethernet'
[14:00:08.272] [bmv2] [D] [thread 8691] [16.0] [cxt 0] Parser state 'start': key is 86dd
[14:00:08.272] [bmv2] [T] [thread 8691] [16.0] [cxt 0] Bytes parsed: 14
[14:00:08.272] [bmv2] [D] [thread 8691] [16.0] [cxt 0] Parser 'parser': end
[14:00:08.272] [bmv2] [D] [thread 8691] [16.0] [cxt 0] Pipeline 'ingress': start
[14:00:08.272] [bmv2] [T] [thread 8691] [16.0] [cxt 0] basic.p4(163) Condition "hdr.tcp.isValid()" (node_2) is false
[14:00:08.272] [bmv2] [D] [thread 8691] [16.0] [cxt 0] Pipeline 'ingress': end
[14:00:08.272] [bmv2] [D] [thread 8691] [16.0] [cxt 0] Egress port is 0
[14:00:08.272] [bmv2] [D] [thread 8692] [15.0] [cxt 0] Pipeline 'egress': start
[14:00:08.272] [bmv2] [D] [thread 8692] [15.0] [cxt 0] Pipeline 'egress': end
[14:00:08.272] [bmv2] [D] [thread 8692] [15.0] [cxt 0] Deparser 'deparser': start
[14:00:08.272] [bmv2] [T] [thread 8692] [15.0] [cxt 0] Skipping checksum 'cksum' update because condition not met
[14:00:08.272] [bmv2] [D] [thread 8692] [15.0] [cxt 0] Deparsing header 'ethernet'
[14:00:08.272] [bmv2] [D] [thread 8692] [15.0] [cxt 0] Deparser 'deparser': end
[14:00:08.273] [bmv2] [D] [thread 8692] [16.0] [cxt 0] Pipeline 'egress': start
[14:00:08.273] [bmv2] [D] [thread 8692] [16.0] [cxt 0] Pipeline 'egress': end
[14:00:08.273] [bmv2] [D] [thread 8692] [16.0] [cxt 0] Deparser 'deparser': start
[14:00:08.273] [bmv2] [T] [thread 8692] [16.0] [cxt 0] Skipping checksum 'cksum' update because condition not met
[14:00:08.273] [bmv2] [D] [thread 8692] [16.0] [cxt 0] Deparsing header 'ethernet'
[14:00:08.273] [bmv2] [D] [thread 8692] [16.0] [cxt 0] Deparser 'deparser': end
[14:00:08.273] [bmv2] [D] [thread 8696] [15.0] [cxt 0] Transmitting packet of size 70 out of port 0
[14:00:08.273] [bmv2] [D] [thread 8696] [16.0] [cxt 0] Transmitting packet of size 70 out of port 0
[14:00:18.509] [bmv2] [D] [thread 8691] [17.0] [cxt 0] Processing packet received on port 1
[14:00:18.509] [bmv2] [D] [thread 8691] [17.0] [cxt 0] Parser 'parser': start
[14:00:18.509] [bmv2] [D] [thread 8691] [17.0] [cxt 0] Parser 'parser' entering state 'start'
[14:00:18.509] [bmv2] [D] [thread 8691] [17.0] [cxt 0] Extracting header 'ethernet'
[14:00:18.509] [bmv2] [D] [thread 8691] [17.0] [cxt 0] Parser state 'start': key is 86dd
[14:00:18.509] [bmv2] [T] [thread 8691] [17.0] [cxt 0] Bytes parsed: 14
[14:00:18.509] [bmv2] [D] [thread 8691] [17.0] [cxt 0] Parser 'parser': end
[14:00:18.509] [bmv2] [D] [thread 8691] [17.0] [cxt 0] Pipeline 'ingress': start
[14:00:18.509] [bmv2] [T] [thread 8691] [17.0] [cxt 0] basic.p4(163) Condition "hdr.tcp.isValid()" (node_2) is false
[14:00:18.509] [bmv2] [D] [thread 8691] [17.0] [cxt 0] Pipeline 'ingress': end
[14:00:18.509] [bmv2] [D] [thread 8691] [17.0] [cxt 0] Egress port is 0
[14:00:18.509] [bmv2] [D] [thread 8692] [17.0] [cxt 0] Pipeline 'egress': start
[14:00:18.509] [bmv2] [D] [thread 8692] [17.0] [cxt 0] Pipeline 'egress': end
[14:00:18.509] [bmv2] [D] [thread 8692] [17.0] [cxt 0] Deparser 'deparser': start
[14:00:18.509] [bmv2] [T] [thread 8692] [17.0] [cxt 0] Skipping checksum 'cksum' update because condition not met
[14:00:18.509] [bmv2] [D] [thread 8692] [17.0] [cxt 0] Deparsing header 'ethernet'
[14:00:18.509] [bmv2] [D] [thread 8692] [17.0] [cxt 0] Deparser 'deparser': end
[14:00:18.509] [bmv2] [D] [thread 8696] [17.0] [cxt 0] Transmitting packet of size 70 out of port 0
[14:00:57.423] [bmv2] [D] [thread 8691] [18.0] [cxt 0] Processing packet received on port 1
[14:00:57.423] [bmv2] [D] [thread 8691] [18.0] [cxt 0] Parser 'parser': start
[14:00:57.423] [bmv2] [D] [thread 8691] [18.0] [cxt 0] Parser 'parser' entering state 'start'
[14:00:57.423] [bmv2] [D] [thread 8691] [18.0] [cxt 0] Extracting header 'ethernet'
[14:00:57.423] [bmv2] [D] [thread 8691] [18.0] [cxt 0] Parser state 'start': key is 86dd
[14:00:57.423] [bmv2] [T] [thread 8691] [18.0] [cxt 0] Bytes parsed: 14
[14:00:57.423] [bmv2] [D] [thread 8691] [18.0] [cxt 0] Parser 'parser': end
[14:00:57.423] [bmv2] [D] [thread 8691] [18.0] [cxt 0] Pipeline 'ingress': start
[14:00:57.423] [bmv2] [T] [thread 8691] [18.0] [cxt 0] basic.p4(163) Condition "hdr.tcp.isValid()" (node_2) is false
[14:00:57.423] [bmv2] [D] [thread 8691] [18.0] [cxt 0] Pipeline 'ingress': end
[14:00:57.423] [bmv2] [D] [thread 8691] [18.0] [cxt 0] Egress port is 0
[14:00:57.423] [bmv2] [D] [thread 8692] [18.0] [cxt 0] Pipeline 'egress': start
[14:00:57.423] [bmv2] [D] [thread 8692] [18.0] [cxt 0] Pipeline 'egress': end
[14:00:57.423] [bmv2] [D] [thread 8692] [18.0] [cxt 0] Deparser 'deparser': start
[14:00:57.423] [bmv2] [T] [thread 8692] [18.0] [cxt 0] Skipping checksum 'cksum' update because condition not met
[14:00:57.423] [bmv2] [D] [thread 8692] [18.0] [cxt 0] Deparsing header 'ethernet'
[14:00:57.423] [bmv2] [D] [thread 8692] [18.0] [cxt 0] Deparser 'deparser': end
[14:00:57.423] [bmv2] [D] [thread 8696] [18.0] [cxt 0] Transmitting packet of size 70 out of port 0
[14:01:09.714] [bmv2] [D] [thread 8691] [19.0] [cxt 0] Processing packet received on port 2
[14:01:09.714] [bmv2] [D] [thread 8691] [19.0] [cxt 0] Parser 'parser': start
[14:01:09.714] [bmv2] [D] [thread 8691] [19.0] [cxt 0] Parser 'parser' entering state 'start'
[14:01:09.714] [bmv2] [D] [thread 8691] [19.0] [cxt 0] Extracting header 'ethernet'
[14:01:09.714] [bmv2] [D] [thread 8691] [19.0] [cxt 0] Parser state 'start': key is 86dd
[14:01:09.714] [bmv2] [T] [thread 8691] [19.0] [cxt 0] Bytes parsed: 14
[14:01:09.714] [bmv2] [D] [thread 8691] [19.0] [cxt 0] Parser 'parser': end
[14:01:09.714] [bmv2] [D] [thread 8691] [19.0] [cxt 0] Pipeline 'ingress': start
[14:01:09.714] [bmv2] [T] [thread 8691] [19.0] [cxt 0] basic.p4(163) Condition "hdr.tcp.isValid()" (node_2) is false
[14:01:09.714] [bmv2] [D] [thread 8691] [19.0] [cxt 0] Pipeline 'ingress': end
[14:01:09.714] [bmv2] [D] [thread 8691] [19.0] [cxt 0] Egress port is 0
[14:01:09.714] [bmv2] [D] [thread 8691] [20.0] [cxt 0] Processing packet received on port 2
[14:01:09.714] [bmv2] [D] [thread 8691] [20.0] [cxt 0] Parser 'parser': start
[14:01:09.714] [bmv2] [D] [thread 8691] [20.0] [cxt 0] Parser 'parser' entering state 'start'
[14:01:09.714] [bmv2] [D] [thread 8691] [20.0] [cxt 0] Extracting header 'ethernet'
[14:01:09.714] [bmv2] [D] [thread 8691] [20.0] [cxt 0] Parser state 'start': key is 86dd
[14:01:09.714] [bmv2] [T] [thread 8691] [20.0] [cxt 0] Bytes parsed: 14
[14:01:09.714] [bmv2] [D] [thread 8691] [20.0] [cxt 0] Parser 'parser': end
[14:01:09.714] [bmv2] [D] [thread 8691] [20.0] [cxt 0] Pipeline 'ingress': start
[14:01:09.714] [bmv2] [T] [thread 8691] [20.0] [cxt 0] basic.p4(163) Condition "hdr.tcp.isValid()" (node_2) is false
[14:01:09.714] [bmv2] [D] [thread 8691] [20.0] [cxt 0] Pipeline 'ingress': end
[14:01:09.714] [bmv2] [D] [thread 8691] [20.0] [cxt 0] Egress port is 0
[14:01:09.714] [bmv2] [D] [thread 8692] [19.0] [cxt 0] Pipeline 'egress': start
[14:01:09.714] [bmv2] [D] [thread 8692] [19.0] [cxt 0] Pipeline 'egress': end
[14:01:09.714] [bmv2] [D] [thread 8692] [19.0] [cxt 0] Deparser 'deparser': start
[14:01:09.714] [bmv2] [T] [thread 8692] [19.0] [cxt 0] Skipping checksum 'cksum' update because condition not met
[14:01:09.714] [bmv2] [D] [thread 8692] [19.0] [cxt 0] Deparsing header 'ethernet'
[14:01:09.714] [bmv2] [D] [thread 8692] [19.0] [cxt 0] Deparser 'deparser': end
[14:01:09.714] [bmv2] [D] [thread 8692] [20.0] [cxt 0] Pipeline 'egress': start
[14:01:09.714] [bmv2] [D] [thread 8692] [20.0] [cxt 0] Pipeline 'egress': end
[14:01:09.714] [bmv2] [D] [thread 8692] [20.0] [cxt 0] Deparser 'deparser': start
[14:01:09.714] [bmv2] [T] [thread 8692] [20.0] [cxt 0] Skipping checksum 'cksum' update because condition not met
[14:01:09.714] [bmv2] [D] [thread 8692] [20.0] [cxt 0] Deparsing header 'ethernet'
[14:01:09.714] [bmv2] [D] [thread 8692] [20.0] [cxt 0] Deparser 'deparser': end
[14:01:09.714] [bmv2] [D] [thread 8696] [19.0] [cxt 0] Transmitting packet of size 70 out of port 0
[14:01:09.714] [bmv2] [D] [thread 8696] [20.0] [cxt 0] Transmitting packet of size 70 out of port 0
[14:01:36.331] [bmv2] [D] [thread 8691] [21.0] [cxt 0] Processing packet received on port 1
[14:01:36.332] [bmv2] [D] [thread 8691] [21.0] [cxt 0] Parser 'parser': start
[14:01:36.332] [bmv2] [D] [thread 8691] [21.0] [cxt 0] Parser 'parser' entering state 'start'
[14:01:36.332] [bmv2] [D] [thread 8691] [21.0] [cxt 0] Extracting header 'ethernet'
[14:01:36.332] [bmv2] [D] [thread 8691] [21.0] [cxt 0] Parser state 'start': key is 86dd
[14:01:36.332] [bmv2] [T] [thread 8691] [21.0] [cxt 0] Bytes parsed: 14
[14:01:36.332] [bmv2] [D] [thread 8691] [21.0] [cxt 0] Parser 'parser': end
[14:01:36.332] [bmv2] [D] [thread 8691] [21.0] [cxt 0] Pipeline 'ingress': start
[14:01:36.332] [bmv2] [T] [thread 8691] [21.0] [cxt 0] basic.p4(163) Condition "hdr.tcp.isValid()" (node_2) is false
[14:01:36.332] [bmv2] [D] [thread 8691] [21.0] [cxt 0] Pipeline 'ingress': end
[14:01:36.332] [bmv2] [D] [thread 8691] [21.0] [cxt 0] Egress port is 0
[14:01:36.332] [bmv2] [D] [thread 8692] [21.0] [cxt 0] Pipeline 'egress': start
[14:01:36.332] [bmv2] [D] [thread 8692] [21.0] [cxt 0] Pipeline 'egress': end
[14:01:36.332] [bmv2] [D] [thread 8692] [21.0] [cxt 0] Deparser 'deparser': start
[14:01:36.332] [bmv2] [T] [thread 8692] [21.0] [cxt 0] Skipping checksum 'cksum' update because condition not met
[14:01:36.332] [bmv2] [D] [thread 8692] [21.0] [cxt 0] Deparsing header 'ethernet'
[14:01:36.332] [bmv2] [D] [thread 8692] [21.0] [cxt 0] Deparser 'deparser': end
[14:01:36.332] [bmv2] [D] [thread 8696] [21.0] [cxt 0] Transmitting packet of size 70 out of port 0
open: No such file or directory
open: No such file or directory
open: No such file or directory
open: No such file or directory
